[ 2017-11-28T10:22:43+08:00 ] ::1 /app/test
INFO: [ app_init ] --START--
INFO: Run Behavior\BuildLiteBehavior [ RunTime:0.000047s ]
INFO: [ app_init ] --END-- [ RunTime:0.001323s ]
ERR: 无法加载模块:Test

[ 2017-11-28T15:12:46+08:00 ] ::1 /APP/index.php/_PUBLIC_/static/js/jquery-3.2.1.min.js.html
INFO: [ app_init ] --START--
INFO: Run Behavior\BuildLiteBehavior [ RunTime:0.000025s ]
INFO: [ app_init ] --END-- [ RunTime:0.000680s ]
ERR: 无法加载模块:_PUBLIC_

[ 2017-11-28T15:12:47+08:00 ] ::1 /APP/index.php/_PUBLIC_/static/js/jquery-3.2.1.min.js.html
INFO: [ app_init ] --START--
INFO: Run Behavior\BuildLiteBehavior [ RunTime:0.000023s ]
INFO: [ app_init ] --END-- [ RunTime:0.000752s ]
ERR: 无法加载模块:_PUBLIC_

[ 2017-11-28T15:12:48+08:00 ] ::1 /APP/index.php/_PUBLIC_/static/js/jquery-3.2.1.min.js.html
INFO: [ app_init ] --START--
INFO: Run Behavior\BuildLiteBehavior [ RunTime:0.000051s ]
INFO: [ app_init ] --END-- [ RunTime:0.001659s ]
ERR: 无法加载模块:_PUBLIC_

[ 2017-11-28T15:12:48+08:00 ] ::1 /APP/index.php/_PUBLIC_/static/js/jquery-3.2.1.min.js.html
INFO: [ app_init ] --START--
INFO: Run Behavior\BuildLiteBehavior [ RunTime:0.000024s ]
INFO: [ app_init ] --END-- [ RunTime:0.000679s ]
ERR: 无法加载模块:_PUBLIC_

[ 2017-11-28T15:12:49+08:00 ] ::1 /APP/index.php/_PUBLIC_/static/js/jquery-3.2.1.min.js.html
INFO: [ app_init ] --START--
INFO: Run Behavior\BuildLiteBehavior [ RunTime:0.000023s ]
INFO: [ app_init ] --END-- [ RunTime:0.000704s ]
ERR: 无法加载模块:_PUBLIC_

[ 2017-11-28T15:12:49+08:00 ] ::1 /APP/index.php/_PUBLIC_/static/js/jquery-3.2.1.min.js.html
INFO: [ app_init ] --START--
INFO: Run Behavior\BuildLiteBehavior [ RunTime:0.000023s ]
INFO: [ app_init ] --END-- [ RunTime:0.000740s ]
ERR: 无法加载模块:_PUBLIC_

[ 2017-11-28T15:34:50+08:00 ] ::1 /APP/index.php/_PUBLIC_/static/js/jquery-3.2.1.min.js.html
INFO: [ app_init ] --START--
INFO: Run Behavior\BuildLiteBehavior [ RunTime:0.000034s ]
INFO: [ app_init ] --END-- [ RunTime:0.000896s ]
ERR: 无法加载模块:_PUBLIC_

