[ 2017-12-06T21:10:01+08:00 ] ::1 /APP/Admin/HighLevel/lists
INFO: [ app_init ] --START--
INFO: Run Behavior\BuildLiteBehavior [ RunTime:0.000025s ]
INFO: [ app_init ] --END-- [ RunTime:0.005726s ]
INFO: [ app_begin ] --START--
INFO: Run Behavior\ReadHtmlCacheBehavior [ RunTime:0.000780s ]
INFO: [ app_begin ] --END-- [ RunTime:0.000903s ]
SQL: SHOW COLUMNS FROM `nav_high_level` [ RunTime:0.2007s ]
SQL: SELECT COUNT(*) AS tp_count FROM `nav_high_level` LIMIT 1   [ RunTime:0.0250s ]
NOTIC: [8] Undefined variable: map E:\wamp\www\APP\Application\Admin\Controller\HighLevelController.class.php 第 30 行.
SQL: SELECT * FROM `nav_high_level` LIMIT 0,10   [ RunTime:0.0144s ]
INFO: [ view_parse ] --START--
NOTIC: [2] file_get_contents(./Application/Admin/View/Common/admin/footer.html): failed to open stream: No such file or directory E:\wamp\www\APP\ThinkPHP\Library\Think\Template.class.php 第 696 行.
INFO: [ template_filter ] --START--
INFO: Run Behavior\ContentReplaceBehavior [ RunTime:0.003758s ]
INFO: [ template_filter ] --END-- [ RunTime:0.003898s ]
NOTIC: [8] Undefined index: admin_id E:\wamp\www\APP\Application\Runtime\Cache\Admin\9c2beb313b914c6391b3fbbcdfe3fff0.php 第 67 行.
NOTIC: [8] Undefined variable: keyword E:\wamp\www\APP\Application\Runtime\Cache\Admin\9c2beb313b914c6391b3fbbcdfe3fff0.php 第 146 行.
NOTIC: [8] Undefined index: p E:\wamp\www\APP\Application\Runtime\Cache\Admin\9c2beb313b914c6391b3fbbcdfe3fff0.php 第 157 行.
NOTIC: [8] Undefined index: entity_id E:\wamp\www\APP\Application\Runtime\Cache\Admin\9c2beb313b914c6391b3fbbcdfe3fff0.php 第 178 行.
NOTIC: [8] Undefined index: entity_id E:\wamp\www\APP\Application\Runtime\Cache\Admin\9c2beb313b914c6391b3fbbcdfe3fff0.php 第 179 行.
NOTIC: [8] Undefined index: entity_id E:\wamp\www\APP\Application\Runtime\Cache\Admin\9c2beb313b914c6391b3fbbcdfe3fff0.php 第 178 行.
NOTIC: [8] Undefined index: entity_id E:\wamp\www\APP\Application\Runtime\Cache\Admin\9c2beb313b914c6391b3fbbcdfe3fff0.php 第 179 行.
NOTIC: [8] Undefined index: entity_id E:\wamp\www\APP\Application\Runtime\Cache\Admin\9c2beb313b914c6391b3fbbcdfe3fff0.php 第 178 行.
NOTIC: [8] Undefined index: entity_id E:\wamp\www\APP\Application\Runtime\Cache\Admin\9c2beb313b914c6391b3fbbcdfe3fff0.php 第 179 行.
NOTIC: [8] Undefined index: entity_id E:\wamp\www\APP\Application\Runtime\Cache\Admin\9c2beb313b914c6391b3fbbcdfe3fff0.php 第 178 行.
NOTIC: [8] Undefined index: entity_id E:\wamp\www\APP\Application\Runtime\Cache\Admin\9c2beb313b914c6391b3fbbcdfe3fff0.php 第 179 行.
NOTIC: [8] Undefined index: entity_id E:\wamp\www\APP\Application\Runtime\Cache\Admin\9c2beb313b914c6391b3fbbcdfe3fff0.php 第 178 行.
NOTIC: [8] Undefined index: entity_id E:\wamp\www\APP\Application\Runtime\Cache\Admin\9c2beb313b914c6391b3fbbcdfe3fff0.php 第 179 行.
NOTIC: [8] Undefined index: entity_id E:\wamp\www\APP\Application\Runtime\Cache\Admin\9c2beb313b914c6391b3fbbcdfe3fff0.php 第 178 行.
NOTIC: [8] Undefined index: entity_id E:\wamp\www\APP\Application\Runtime\Cache\Admin\9c2beb313b914c6391b3fbbcdfe3fff0.php 第 179 行.
INFO: Run Behavior\ParseTemplateBehavior [ RunTime:0.095415s ]
INFO: [ view_parse ] --END-- [ RunTime:0.095548s ]
INFO: [ view_filter ] --START--
INFO: Run Behavior\WriteHtmlCacheBehavior [ RunTime:0.010195s ]
INFO: [ view_filter ] --END-- [ RunTime:0.010346s ]
INFO: [ app_end ] --START--
INFO: Run Behavior\ShowPageTraceBehavior [ RunTime:0.000919s ]
INFO: [ app_end ] --END-- [ RunTime:0.001093s ]

[ 2017-12-06T21:10:06+08:00 ] ::1 /APP/index.php/Admin/MiddleLevel/lists.html
INFO: [ app_init ] --START--
INFO: Run Behavior\BuildLiteBehavior [ RunTime:0.000023s ]
INFO: [ app_init ] --END-- [ RunTime:0.000559s ]
INFO: [ app_begin ] --START--
INFO: Run Behavior\ReadHtmlCacheBehavior [ RunTime:0.000533s ]
INFO: [ app_begin ] --END-- [ RunTime:0.000645s ]
SQL: SHOW COLUMNS FROM `nav_middle_level` [ RunTime:0.0130s ]
NOTIC: [8] Undefined variable: map E:\wamp\www\APP\Application\Admin\Controller\MiddleLevelController.class.php 第 25 行.
SQL: SELECT COUNT(*) AS tp_count FROM `nav_middle_level` LIMIT 1   [ RunTime:0.0002s ]
SQL: SHOW COLUMNS FROM `nav_middle_level` [ RunTime:0.0007s ]
NOTIC: [8] Undefined variable: map E:\wamp\www\APP\Application\Admin\Controller\MiddleLevelController.class.php 第 31 行.
SQL: SELECT * FROM `nav_middle_level` ORDER BY high_id desc, sort desc LIMIT 0,10   [ RunTime:0.0422s ]
SQL: SHOW COLUMNS FROM `nav_high_level` [ RunTime:0.0008s ]
SQL: SELECT * FROM `nav_high_level` WHERE ( 1=1 AND id='19' ) LIMIT 1   [ RunTime:0.0306s ]
SQL: SELECT * FROM `nav_high_level` WHERE ( 1=1 AND id='19' ) LIMIT 1   [ RunTime:0.0003s ]
SQL: SELECT * FROM `nav_high_level` WHERE ( 1=1 AND id='19' ) LIMIT 1   [ RunTime:0.0003s ]
SQL: SELECT * FROM `nav_high_level` WHERE ( 1=1 AND id='19' ) LIMIT 1   [ RunTime:0.0003s ]
SQL: SELECT * FROM `nav_high_level` WHERE ( 1=1 AND id='19' ) LIMIT 1   [ RunTime:0.0003s ]
SQL: SELECT * FROM `nav_high_level` WHERE ( 1=1 AND id='19' ) LIMIT 1   [ RunTime:0.0003s ]
SQL: SELECT * FROM `nav_high_level` WHERE ( 1=1 AND id='19' ) LIMIT 1   [ RunTime:0.0002s ]
SQL: SELECT * FROM `nav_high_level` WHERE ( 1=1 AND id='19' ) LIMIT 1   [ RunTime:0.0005s ]
SQL: SELECT * FROM `nav_high_level` WHERE ( 1=1 AND id='19' ) LIMIT 1   [ RunTime:0.0003s ]
SQL: SELECT * FROM `nav_high_level` WHERE ( 1=1 AND id='18' ) LIMIT 1   [ RunTime:0.0004s ]
INFO: [ view_parse ] --START--
NOTIC: [2] file_get_contents(./Application/Admin/View/Common/admin/footer.html): failed to open stream: No such file or directory E:\wamp\www\APP\ThinkPHP\Library\Think\Template.class.php 第 696 行.
INFO: [ template_filter ] --START--
INFO: Run Behavior\ContentReplaceBehavior [ RunTime:0.000106s ]
INFO: [ template_filter ] --END-- [ RunTime:0.000247s ]
NOTIC: [8] Undefined index: admin_id E:\wamp\www\APP\Application\Runtime\Cache\Admin\48ca1265ace3084b6af5ae5fbf2adc84.php 第 67 行.
NOTIC: [8] Undefined variable: keyword E:\wamp\www\APP\Application\Runtime\Cache\Admin\48ca1265ace3084b6af5ae5fbf2adc84.php 第 146 行.
NOTIC: [8] Undefined index: entity_id E:\wamp\www\APP\Application\Runtime\Cache\Admin\48ca1265ace3084b6af5ae5fbf2adc84.php 第 177 行.
NOTIC: [8] Undefined index: entity_id E:\wamp\www\APP\Application\Runtime\Cache\Admin\48ca1265ace3084b6af5ae5fbf2adc84.php 第 178 行.
NOTIC: [8] Undefined index: entity_id E:\wamp\www\APP\Application\Runtime\Cache\Admin\48ca1265ace3084b6af5ae5fbf2adc84.php 第 177 行.
NOTIC: [8] Undefined index: entity_id E:\wamp\www\APP\Application\Runtime\Cache\Admin\48ca1265ace3084b6af5ae5fbf2adc84.php 第 178 行.
NOTIC: [8] Undefined index: entity_id E:\wamp\www\APP\Application\Runtime\Cache\Admin\48ca1265ace3084b6af5ae5fbf2adc84.php 第 177 行.
NOTIC: [8] Undefined index: entity_id E:\wamp\www\APP\Application\Runtime\Cache\Admin\48ca1265ace3084b6af5ae5fbf2adc84.php 第 178 行.
NOTIC: [8] Undefined index: entity_id E:\wamp\www\APP\Application\Runtime\Cache\Admin\48ca1265ace3084b6af5ae5fbf2adc84.php 第 177 行.
NOTIC: [8] Undefined index: entity_id E:\wamp\www\APP\Application\Runtime\Cache\Admin\48ca1265ace3084b6af5ae5fbf2adc84.php 第 178 行.
NOTIC: [8] Undefined index: entity_id E:\wamp\www\APP\Application\Runtime\Cache\Admin\48ca1265ace3084b6af5ae5fbf2adc84.php 第 177 行.
NOTIC: [8] Undefined index: entity_id E:\wamp\www\APP\Application\Runtime\Cache\Admin\48ca1265ace3084b6af5ae5fbf2adc84.php 第 178 行.
NOTIC: [8] Undefined index: entity_id E:\wamp\www\APP\Application\Runtime\Cache\Admin\48ca1265ace3084b6af5ae5fbf2adc84.php 第 177 行.
NOTIC: [8] Undefined index: entity_id E:\wamp\www\APP\Application\Runtime\Cache\Admin\48ca1265ace3084b6af5ae5fbf2adc84.php 第 178 行.
NOTIC: [8] Undefined index: entity_id E:\wamp\www\APP\Application\Runtime\Cache\Admin\48ca1265ace3084b6af5ae5fbf2adc84.php 第 177 行.
NOTIC: [8] Undefined index: entity_id E:\wamp\www\APP\Application\Runtime\Cache\Admin\48ca1265ace3084b6af5ae5fbf2adc84.php 第 178 行.
NOTIC: [8] Undefined index: entity_id E:\wamp\www\APP\Application\Runtime\Cache\Admin\48ca1265ace3084b6af5ae5fbf2adc84.php 第 177 行.
NOTIC: [8] Undefined index: entity_id E:\wamp\www\APP\Application\Runtime\Cache\Admin\48ca1265ace3084b6af5ae5fbf2adc84.php 第 178 行.
NOTIC: [8] Undefined index: entity_id E:\wamp\www\APP\Application\Runtime\Cache\Admin\48ca1265ace3084b6af5ae5fbf2adc84.php 第 177 行.
NOTIC: [8] Undefined index: entity_id E:\wamp\www\APP\Application\Runtime\Cache\Admin\48ca1265ace3084b6af5ae5fbf2adc84.php 第 178 行.
NOTIC: [8] Undefined index: entity_id E:\wamp\www\APP\Application\Runtime\Cache\Admin\48ca1265ace3084b6af5ae5fbf2adc84.php 第 177 行.
NOTIC: [8] Undefined index: entity_id E:\wamp\www\APP\Application\Runtime\Cache\Admin\48ca1265ace3084b6af5ae5fbf2adc84.php 第 178 行.
INFO: Run Behavior\ParseTemplateBehavior [ RunTime:0.020875s ]
INFO: [ view_parse ] --END-- [ RunTime:0.020974s ]
INFO: [ view_filter ] --START--
INFO: Run Behavior\WriteHtmlCacheBehavior [ RunTime:0.000441s ]
INFO: [ view_filter ] --END-- [ RunTime:0.000537s ]
INFO: [ app_end ] --START--
INFO: Run Behavior\ShowPageTraceBehavior [ RunTime:0.000686s ]
INFO: [ app_end ] --END-- [ RunTime:0.000832s ]

[ 2017-12-06T21:10:07+08:00 ] ::1 /APP/index.php/Admin/ElementaryLevel/lists.html
INFO: [ app_init ] --START--
INFO: Run Behavior\BuildLiteBehavior [ RunTime:0.000029s ]
INFO: [ app_init ] --END-- [ RunTime:0.000782s ]
INFO: [ app_begin ] --START--
INFO: Run Behavior\ReadHtmlCacheBehavior [ RunTime:0.000699s ]
INFO: [ app_begin ] --END-- [ RunTime:0.000832s ]
SQL: SHOW COLUMNS FROM `nav_elementary_level` [ RunTime:0.0139s ]
NOTIC: [8] Undefined variable: map E:\wamp\www\APP\Application\Admin\Controller\ElementaryLevelController.class.php 第 26 行.
SQL: SELECT COUNT(*) AS tp_count FROM `nav_elementary_level` LIMIT 1   [ RunTime:0.0003s ]
NOTIC: [8] Undefined variable: map E:\wamp\www\APP\Application\Admin\Controller\ElementaryLevelController.class.php 第 30 行.
ERR: Think\Model:limt方法不存在！

[ 2017-12-06T21:10:23+08:00 ] ::1 /APP/index.php/Admin/ElementaryLevel/lists.html
INFO: [ app_init ] --START--
INFO: Run Behavior\BuildLiteBehavior [ RunTime:0.000029s ]
INFO: [ app_init ] --END-- [ RunTime:0.000731s ]
INFO: [ app_begin ] --START--
INFO: Run Behavior\ReadHtmlCacheBehavior [ RunTime:0.000626s ]
INFO: [ app_begin ] --END-- [ RunTime:0.000735s ]
SQL: SHOW COLUMNS FROM `nav_elementary_level` [ RunTime:0.0015s ]
NOTIC: [8] Undefined variable: map E:\wamp\www\APP\Application\Admin\Controller\ElementaryLevelController.class.php 第 26 行.
SQL: SELECT COUNT(*) AS tp_count FROM `nav_elementary_level` LIMIT 1   [ RunTime:0.0004s ]
NOTIC: [8] Undefined variable: map E:\wamp\www\APP\Application\Admin\Controller\ElementaryLevelController.class.php 第 30 行.
SQL: SELECT * FROM `nav_elementary_level` ORDER BY sort desc LIMIT 0,10   [ RunTime:0.1008s ]
INFO: [ view_parse ] --START--
NOTIC: [2] file_get_contents(./Application/Admin/View/Common/admin/footer.html): failed to open stream: No such file or directory E:\wamp\www\APP\ThinkPHP\Library\Think\Template.class.php 第 696 行.
INFO: [ template_filter ] --START--
INFO: Run Behavior\ContentReplaceBehavior [ RunTime:0.000109s ]
INFO: [ template_filter ] --END-- [ RunTime:0.000251s ]
NOTIC: [8] Undefined index: admin_id E:\wamp\www\APP\Application\Runtime\Cache\Admin\756ab8553d3f81609a91e0b03f281eb2.php 第 67 行.
NOTIC: [8] Undefined variable: keyword E:\wamp\www\APP\Application\Runtime\Cache\Admin\756ab8553d3f81609a91e0b03f281eb2.php 第 142 行.
NOTIC: [8] Undefined index: p E:\wamp\www\APP\Application\Runtime\Cache\Admin\756ab8553d3f81609a91e0b03f281eb2.php 第 153 行.
NOTIC: [8] Undefined index: entity_id E:\wamp\www\APP\Application\Runtime\Cache\Admin\756ab8553d3f81609a91e0b03f281eb2.php 第 172 行.
NOTIC: [8] Undefined index: entity_id E:\wamp\www\APP\Application\Runtime\Cache\Admin\756ab8553d3f81609a91e0b03f281eb2.php 第 173 行.
NOTIC: [8] Undefined index: middle_name E:\wamp\www\APP\Application\Runtime\Cache\Admin\756ab8553d3f81609a91e0b03f281eb2.php 第 177 行.
NOTIC: [8] Undefined index: entity_id E:\wamp\www\APP\Application\Runtime\Cache\Admin\756ab8553d3f81609a91e0b03f281eb2.php 第 172 行.
NOTIC: [8] Undefined index: entity_id E:\wamp\www\APP\Application\Runtime\Cache\Admin\756ab8553d3f81609a91e0b03f281eb2.php 第 173 行.
NOTIC: [8] Undefined index: middle_name E:\wamp\www\APP\Application\Runtime\Cache\Admin\756ab8553d3f81609a91e0b03f281eb2.php 第 177 行.
NOTIC: [8] Undefined index: entity_id E:\wamp\www\APP\Application\Runtime\Cache\Admin\756ab8553d3f81609a91e0b03f281eb2.php 第 172 行.
NOTIC: [8] Undefined index: entity_id E:\wamp\www\APP\Application\Runtime\Cache\Admin\756ab8553d3f81609a91e0b03f281eb2.php 第 173 行.
NOTIC: [8] Undefined index: middle_name E:\wamp\www\APP\Application\Runtime\Cache\Admin\756ab8553d3f81609a91e0b03f281eb2.php 第 177 行.
NOTIC: [8] Undefined index: entity_id E:\wamp\www\APP\Application\Runtime\Cache\Admin\756ab8553d3f81609a91e0b03f281eb2.php 第 172 行.
NOTIC: [8] Undefined index: entity_id E:\wamp\www\APP\Application\Runtime\Cache\Admin\756ab8553d3f81609a91e0b03f281eb2.php 第 173 行.
NOTIC: [8] Undefined index: middle_name E:\wamp\www\APP\Application\Runtime\Cache\Admin\756ab8553d3f81609a91e0b03f281eb2.php 第 177 行.
NOTIC: [8] Undefined index: entity_id E:\wamp\www\APP\Application\Runtime\Cache\Admin\756ab8553d3f81609a91e0b03f281eb2.php 第 172 行.
NOTIC: [8] Undefined index: entity_id E:\wamp\www\APP\Application\Runtime\Cache\Admin\756ab8553d3f81609a91e0b03f281eb2.php 第 173 行.
NOTIC: [8] Undefined index: middle_name E:\wamp\www\APP\Application\Runtime\Cache\Admin\756ab8553d3f81609a91e0b03f281eb2.php 第 177 行.
NOTIC: [8] Undefined index: entity_id E:\wamp\www\APP\Application\Runtime\Cache\Admin\756ab8553d3f81609a91e0b03f281eb2.php 第 172 行.
NOTIC: [8] Undefined index: entity_id E:\wamp\www\APP\Application\Runtime\Cache\Admin\756ab8553d3f81609a91e0b03f281eb2.php 第 173 行.
NOTIC: [8] Undefined index: middle_name E:\wamp\www\APP\Application\Runtime\Cache\Admin\756ab8553d3f81609a91e0b03f281eb2.php 第 177 行.
NOTIC: [8] Undefined index: entity_id E:\wamp\www\APP\Application\Runtime\Cache\Admin\756ab8553d3f81609a91e0b03f281eb2.php 第 172 行.
NOTIC: [8] Undefined index: entity_id E:\wamp\www\APP\Application\Runtime\Cache\Admin\756ab8553d3f81609a91e0b03f281eb2.php 第 173 行.
NOTIC: [8] Undefined index: middle_name E:\wamp\www\APP\Application\Runtime\Cache\Admin\756ab8553d3f81609a91e0b03f281eb2.php 第 177 行.
NOTIC: [8] Undefined index: entity_id E:\wamp\www\APP\Application\Runtime\Cache\Admin\756ab8553d3f81609a91e0b03f281eb2.php 第 172 行.
NOTIC: [8] Undefined index: entity_id E:\wamp\www\APP\Application\Runtime\Cache\Admin\756ab8553d3f81609a91e0b03f281eb2.php 第 173 行.
NOTIC: [8] Undefined index: middle_name E:\wamp\www\APP\Application\Runtime\Cache\Admin\756ab8553d3f81609a91e0b03f281eb2.php 第 177 行.
NOTIC: [8] Undefined index: entity_id E:\wamp\www\APP\Application\Runtime\Cache\Admin\756ab8553d3f81609a91e0b03f281eb2.php 第 172 行.
NOTIC: [8] Undefined index: entity_id E:\wamp\www\APP\Application\Runtime\Cache\Admin\756ab8553d3f81609a91e0b03f281eb2.php 第 173 行.
NOTIC: [8] Undefined index: middle_name E:\wamp\www\APP\Application\Runtime\Cache\Admin\756ab8553d3f81609a91e0b03f281eb2.php 第 177 行.
NOTIC: [8] Undefined index: entity_id E:\wamp\www\APP\Application\Runtime\Cache\Admin\756ab8553d3f81609a91e0b03f281eb2.php 第 172 行.
NOTIC: [8] Undefined index: entity_id E:\wamp\www\APP\Application\Runtime\Cache\Admin\756ab8553d3f81609a91e0b03f281eb2.php 第 173 行.
NOTIC: [8] Undefined index: middle_name E:\wamp\www\APP\Application\Runtime\Cache\Admin\756ab8553d3f81609a91e0b03f281eb2.php 第 177 行.
INFO: Run Behavior\ParseTemplateBehavior [ RunTime:0.025377s ]
INFO: [ view_parse ] --END-- [ RunTime:0.025495s ]
INFO: [ view_filter ] --START--
INFO: Run Behavior\WriteHtmlCacheBehavior [ RunTime:0.000478s ]
INFO: [ view_filter ] --END-- [ RunTime:0.000575s ]
INFO: [ app_end ] --START--
INFO: Run Behavior\ShowPageTraceBehavior [ RunTime:0.000845s ]
INFO: [ app_end ] --END-- [ RunTime:0.000951s ]

[ 2017-12-06T21:10:49+08:00 ] ::1 /APP/index.php/Admin/ElementaryLevel/lists.html
INFO: [ app_init ] --START--
INFO: Run Behavior\BuildLiteBehavior [ RunTime:0.000021s ]
INFO: [ app_init ] --END-- [ RunTime:0.000680s ]
INFO: [ app_begin ] --START--
INFO: Run Behavior\ReadHtmlCacheBehavior [ RunTime:0.000562s ]
INFO: [ app_begin ] --END-- [ RunTime:0.000664s ]
SQL: SHOW COLUMNS FROM `nav_elementary_level` [ RunTime:0.0009s ]
NOTIC: [8] Undefined variable: map E:\wamp\www\APP\Application\Admin\Controller\ElementaryLevelController.class.php 第 26 行.
SQL: SELECT COUNT(*) AS tp_count FROM `nav_elementary_level` LIMIT 1   [ RunTime:0.0003s ]
NOTIC: [8] Undefined variable: map E:\wamp\www\APP\Application\Admin\Controller\ElementaryLevelController.class.php 第 30 行.
SQL: SELECT * FROM `nav_elementary_level` ORDER BY sort desc LIMIT 0,10   [ RunTime:0.0004s ]
INFO: [ view_parse ] --START--
NOTIC: [2] file_get_contents(./Application/Admin/View/Common/admin/footer.html): failed to open stream: No such file or directory E:\wamp\www\APP\ThinkPHP\Library\Think\Template.class.php 第 696 行.
INFO: [ template_filter ] --START--
INFO: Run Behavior\ContentReplaceBehavior [ RunTime:0.000097s ]
INFO: [ template_filter ] --END-- [ RunTime:0.000202s ]
NOTIC: [8] Undefined index: admin_id E:\wamp\www\APP\Application\Runtime\Cache\Admin\756ab8553d3f81609a91e0b03f281eb2.php 第 67 行.
NOTIC: [8] Undefined variable: keyword E:\wamp\www\APP\Application\Runtime\Cache\Admin\756ab8553d3f81609a91e0b03f281eb2.php 第 142 行.
NOTIC: [8] Undefined index: p E:\wamp\www\APP\Application\Runtime\Cache\Admin\756ab8553d3f81609a91e0b03f281eb2.php 第 153 行.
NOTIC: [8] Undefined index: entity_id E:\wamp\www\APP\Application\Runtime\Cache\Admin\756ab8553d3f81609a91e0b03f281eb2.php 第 172 行.
NOTIC: [8] Undefined index: entity_id E:\wamp\www\APP\Application\Runtime\Cache\Admin\756ab8553d3f81609a91e0b03f281eb2.php 第 173 行.
NOTIC: [8] Undefined index: entity_id E:\wamp\www\APP\Application\Runtime\Cache\Admin\756ab8553d3f81609a91e0b03f281eb2.php 第 172 行.
NOTIC: [8] Undefined index: entity_id E:\wamp\www\APP\Application\Runtime\Cache\Admin\756ab8553d3f81609a91e0b03f281eb2.php 第 173 行.
NOTIC: [8] Undefined index: entity_id E:\wamp\www\APP\Application\Runtime\Cache\Admin\756ab8553d3f81609a91e0b03f281eb2.php 第 172 行.
NOTIC: [8] Undefined index: entity_id E:\wamp\www\APP\Application\Runtime\Cache\Admin\756ab8553d3f81609a91e0b03f281eb2.php 第 173 行.
NOTIC: [8] Undefined index: entity_id E:\wamp\www\APP\Application\Runtime\Cache\Admin\756ab8553d3f81609a91e0b03f281eb2.php 第 172 行.
NOTIC: [8] Undefined index: entity_id E:\wamp\www\APP\Application\Runtime\Cache\Admin\756ab8553d3f81609a91e0b03f281eb2.php 第 173 行.
NOTIC: [8] Undefined index: entity_id E:\wamp\www\APP\Application\Runtime\Cache\Admin\756ab8553d3f81609a91e0b03f281eb2.php 第 172 行.
NOTIC: [8] Undefined index: entity_id E:\wamp\www\APP\Application\Runtime\Cache\Admin\756ab8553d3f81609a91e0b03f281eb2.php 第 173 行.
NOTIC: [8] Undefined index: entity_id E:\wamp\www\APP\Application\Runtime\Cache\Admin\756ab8553d3f81609a91e0b03f281eb2.php 第 172 行.
NOTIC: [8] Undefined index: entity_id E:\wamp\www\APP\Application\Runtime\Cache\Admin\756ab8553d3f81609a91e0b03f281eb2.php 第 173 行.
NOTIC: [8] Undefined index: entity_id E:\wamp\www\APP\Application\Runtime\Cache\Admin\756ab8553d3f81609a91e0b03f281eb2.php 第 172 行.
NOTIC: [8] Undefined index: entity_id E:\wamp\www\APP\Application\Runtime\Cache\Admin\756ab8553d3f81609a91e0b03f281eb2.php 第 173 行.
NOTIC: [8] Undefined index: entity_id E:\wamp\www\APP\Application\Runtime\Cache\Admin\756ab8553d3f81609a91e0b03f281eb2.php 第 172 行.
NOTIC: [8] Undefined index: entity_id E:\wamp\www\APP\Application\Runtime\Cache\Admin\756ab8553d3f81609a91e0b03f281eb2.php 第 173 行.
NOTIC: [8] Undefined index: entity_id E:\wamp\www\APP\Application\Runtime\Cache\Admin\756ab8553d3f81609a91e0b03f281eb2.php 第 172 行.
NOTIC: [8] Undefined index: entity_id E:\wamp\www\APP\Application\Runtime\Cache\Admin\756ab8553d3f81609a91e0b03f281eb2.php 第 173 行.
NOTIC: [8] Undefined index: entity_id E:\wamp\www\APP\Application\Runtime\Cache\Admin\756ab8553d3f81609a91e0b03f281eb2.php 第 172 行.
NOTIC: [8] Undefined index: entity_id E:\wamp\www\APP\Application\Runtime\Cache\Admin\756ab8553d3f81609a91e0b03f281eb2.php 第 173 行.
INFO: Run Behavior\ParseTemplateBehavior [ RunTime:0.018102s ]
INFO: [ view_parse ] --END-- [ RunTime:0.018206s ]
INFO: [ view_filter ] --START--
INFO: Run Behavior\WriteHtmlCacheBehavior [ RunTime:0.000593s ]
INFO: [ view_filter ] --END-- [ RunTime:0.000766s ]
INFO: [ app_end ] --START--
INFO: Run Behavior\ShowPageTraceBehavior [ RunTime:0.000917s ]
INFO: [ app_end ] --END-- [ RunTime:0.001128s ]

[ 2017-12-06T21:12:12+08:00 ] ::1 /APP/index.php/Admin/ElementaryLevel/lists.html
INFO: [ app_init ] --START--
INFO: Run Behavior\BuildLiteBehavior [ RunTime:0.000022s ]
INFO: [ app_init ] --END-- [ RunTime:0.000577s ]
INFO: [ app_begin ] --START--
INFO: Run Behavior\ReadHtmlCacheBehavior [ RunTime:0.000583s ]
INFO: [ app_begin ] --END-- [ RunTime:0.000691s ]
SQL: SHOW COLUMNS FROM `nav_elementary_level` [ RunTime:0.0012s ]
NOTIC: [8] Undefined variable: map E:\wamp\www\APP\Application\Admin\Controller\ElementaryLevelController.class.php 第 26 行.
SQL: SELECT COUNT(*) AS tp_count FROM `nav_elementary_level` LIMIT 1   [ RunTime:0.0003s ]
NOTIC: [8] Undefined variable: map E:\wamp\www\APP\Application\Admin\Controller\ElementaryLevelController.class.php 第 30 行.
SQL: SELECT * FROM `nav_elementary_level` ORDER BY sort desc LIMIT 0,10   [ RunTime:0.0003s ]
INFO: [ view_parse ] --START--
NOTIC: [2] file_get_contents(./Application/Admin/View/Common/admin/footer.html): failed to open stream: No such file or directory E:\wamp\www\APP\ThinkPHP\Library\Think\Template.class.php 第 696 行.
INFO: [ template_filter ] --START--
INFO: Run Behavior\ContentReplaceBehavior [ RunTime:0.000134s ]
INFO: [ template_filter ] --END-- [ RunTime:0.000266s ]
NOTIC: [8] Undefined index: admin_id E:\wamp\www\APP\Application\Runtime\Cache\Admin\756ab8553d3f81609a91e0b03f281eb2.php 第 67 行.
NOTIC: [8] Undefined variable: keyword E:\wamp\www\APP\Application\Runtime\Cache\Admin\756ab8553d3f81609a91e0b03f281eb2.php 第 142 行.
NOTIC: [8] Undefined index: p E:\wamp\www\APP\Application\Runtime\Cache\Admin\756ab8553d3f81609a91e0b03f281eb2.php 第 153 行.
NOTIC: [8] Undefined index: entity_id E:\wamp\www\APP\Application\Runtime\Cache\Admin\756ab8553d3f81609a91e0b03f281eb2.php 第 172 行.
NOTIC: [8] Undefined index: entity_id E:\wamp\www\APP\Application\Runtime\Cache\Admin\756ab8553d3f81609a91e0b03f281eb2.php 第 173 行.

[ 2017-12-06T21:21:44+08:00 ] ::1 /APP/index.php/Admin/ElementaryLevel/lists.html
INFO: [ app_init ] --START--
INFO: Run Behavior\BuildLiteBehavior [ RunTime:0.000034s ]
INFO: [ app_init ] --END-- [ RunTime:0.000744s ]
INFO: [ app_begin ] --START--
INFO: Run Behavior\ReadHtmlCacheBehavior [ RunTime:0.000788s ]
INFO: [ app_begin ] --END-- [ RunTime:0.000922s ]
SQL: SHOW COLUMNS FROM `nav_elementary_level` [ RunTime:0.0011s ]
NOTIC: [8] Undefined variable: map E:\wamp\www\APP\Application\Admin\Controller\ElementaryLevelController.class.php 第 26 行.
SQL: SELECT COUNT(*) AS tp_count FROM `nav_elementary_level` LIMIT 1   [ RunTime:0.0003s ]
NOTIC: [8] Undefined variable: map E:\wamp\www\APP\Application\Admin\Controller\ElementaryLevelController.class.php 第 30 行.
SQL: SELECT * FROM `nav_elementary_level` ORDER BY sort desc LIMIT 0,10   [ RunTime:0.0007s ]
INFO: [ view_parse ] --START--
NOTIC: [2] file_get_contents(./Application/Admin/View/Common/admin/footer.html): failed to open stream: No such file or directory E:\wamp\www\APP\ThinkPHP\Library\Think\Template.class.php 第 696 行.
INFO: [ template_filter ] --START--
INFO: Run Behavior\ContentReplaceBehavior [ RunTime:0.000141s ]
INFO: [ template_filter ] --END-- [ RunTime:0.000312s ]
NOTIC: [8] Undefined index: admin_id E:\wamp\www\APP\Application\Runtime\Cache\Admin\756ab8553d3f81609a91e0b03f281eb2.php 第 67 行.
NOTIC: [8] Undefined variable: keyword E:\wamp\www\APP\Application\Runtime\Cache\Admin\756ab8553d3f81609a91e0b03f281eb2.php 第 142 行.
NOTIC: [8] Undefined index: p E:\wamp\www\APP\Application\Runtime\Cache\Admin\756ab8553d3f81609a91e0b03f281eb2.php 第 153 行.
NOTIC: [8] Undefined index: entity_id E:\wamp\www\APP\Application\Runtime\Cache\Admin\756ab8553d3f81609a91e0b03f281eb2.php 第 172 行.
NOTIC: [8] Undefined index: entity_id E:\wamp\www\APP\Application\Runtime\Cache\Admin\756ab8553d3f81609a91e0b03f281eb2.php 第 173 行.

[ 2017-12-06T21:39:01+08:00 ] ::1 /APP/index.php/Admin/ElementaryLevel/lists.html
INFO: [ app_init ] --START--
INFO: Run Behavior\BuildLiteBehavior [ RunTime:0.000023s ]
INFO: [ app_init ] --END-- [ RunTime:0.000554s ]
INFO: [ app_begin ] --START--
INFO: Run Behavior\ReadHtmlCacheBehavior [ RunTime:0.000547s ]
INFO: [ app_begin ] --END-- [ RunTime:0.000650s ]
SQL: SHOW COLUMNS FROM `nav_elementary_level` [ RunTime:0.0017s ]
NOTIC: [8] Undefined variable: map E:\wamp\www\APP\Application\Admin\Controller\ElementaryLevelController.class.php 第 26 行.
SQL: SELECT COUNT(*) AS tp_count FROM `nav_elementary_level` LIMIT 1   [ RunTime:0.0003s ]
NOTIC: [8] Undefined variable: map E:\wamp\www\APP\Application\Admin\Controller\ElementaryLevelController.class.php 第 30 行.
SQL: SELECT * FROM `nav_elementary_level` ORDER BY sort desc LIMIT 0,10   [ RunTime:0.0004s ]
INFO: [ view_parse ] --START--
NOTIC: [2] file_get_contents(./Application/Admin/View/Common/admin/footer.html): failed to open stream: No such file or directory E:\wamp\www\APP\ThinkPHP\Library\Think\Template.class.php 第 696 行.
INFO: [ template_filter ] --START--
INFO: Run Behavior\ContentReplaceBehavior [ RunTime:0.000138s ]
INFO: [ template_filter ] --END-- [ RunTime:0.000238s ]
NOTIC: [8] Undefined index: admin_id E:\wamp\www\APP\Application\Runtime\Cache\Admin\756ab8553d3f81609a91e0b03f281eb2.php 第 67 行.
NOTIC: [8] Undefined variable: keyword E:\wamp\www\APP\Application\Runtime\Cache\Admin\756ab8553d3f81609a91e0b03f281eb2.php 第 142 行.
NOTIC: [8] Undefined index: p E:\wamp\www\APP\Application\Runtime\Cache\Admin\756ab8553d3f81609a91e0b03f281eb2.php 第 153 行.
NOTIC: [8] Undefined index: entity_id E:\wamp\www\APP\Application\Runtime\Cache\Admin\756ab8553d3f81609a91e0b03f281eb2.php 第 172 行.
NOTIC: [8] Undefined index: entity_id E:\wamp\www\APP\Application\Runtime\Cache\Admin\756ab8553d3f81609a91e0b03f281eb2.php 第 173 行.

[ 2017-12-06T21:39:05+08:00 ] ::1 /APP/index.php/Admin/ElementaryLevel/lists.html
INFO: [ app_init ] --START--
INFO: Run Behavior\BuildLiteBehavior [ RunTime:0.000028s ]
INFO: [ app_init ] --END-- [ RunTime:0.000707s ]
INFO: [ app_begin ] --START--
INFO: Run Behavior\ReadHtmlCacheBehavior [ RunTime:0.000707s ]
INFO: [ app_begin ] --END-- [ RunTime:0.000845s ]
SQL: SHOW COLUMNS FROM `nav_elementary_level` [ RunTime:0.0012s ]
NOTIC: [8] Undefined variable: map E:\wamp\www\APP\Application\Admin\Controller\ElementaryLevelController.class.php 第 26 行.
SQL: SELECT COUNT(*) AS tp_count FROM `nav_elementary_level` LIMIT 1   [ RunTime:0.0005s ]
NOTIC: [8] Undefined variable: map E:\wamp\www\APP\Application\Admin\Controller\ElementaryLevelController.class.php 第 30 行.
SQL: SELECT * FROM `nav_elementary_level` ORDER BY sort desc LIMIT 0,10   [ RunTime:0.0004s ]
INFO: [ view_parse ] --START--
NOTIC: [2] file_get_contents(./Application/Admin/View/Common/admin/footer.html): failed to open stream: No such file or directory E:\wamp\www\APP\ThinkPHP\Library\Think\Template.class.php 第 696 行.
INFO: [ template_filter ] --START--
INFO: Run Behavior\ContentReplaceBehavior [ RunTime:0.000103s ]
INFO: [ template_filter ] --END-- [ RunTime:0.000207s ]
NOTIC: [8] Undefined index: admin_id E:\wamp\www\APP\Application\Runtime\Cache\Admin\756ab8553d3f81609a91e0b03f281eb2.php 第 67 行.
NOTIC: [8] Undefined variable: keyword E:\wamp\www\APP\Application\Runtime\Cache\Admin\756ab8553d3f81609a91e0b03f281eb2.php 第 142 行.
NOTIC: [8] Undefined index: p E:\wamp\www\APP\Application\Runtime\Cache\Admin\756ab8553d3f81609a91e0b03f281eb2.php 第 153 行.
NOTIC: [8] Undefined index: entity_id E:\wamp\www\APP\Application\Runtime\Cache\Admin\756ab8553d3f81609a91e0b03f281eb2.php 第 172 行.
NOTIC: [8] Undefined index: entity_id E:\wamp\www\APP\Application\Runtime\Cache\Admin\756ab8553d3f81609a91e0b03f281eb2.php 第 173 行.

[ 2017-12-06T21:40:34+08:00 ] ::1 /APP/index.php/Admin/ElementaryLevel/lists.html
INFO: [ app_init ] --START--
INFO: Run Behavior\BuildLiteBehavior [ RunTime:0.000023s ]
INFO: [ app_init ] --END-- [ RunTime:0.000614s ]
INFO: [ app_begin ] --START--
INFO: Run Behavior\ReadHtmlCacheBehavior [ RunTime:0.000703s ]
INFO: [ app_begin ] --END-- [ RunTime:0.000809s ]
SQL: SHOW COLUMNS FROM `nav_elementary_level` [ RunTime:0.0017s ]
NOTIC: [8] Undefined variable: map E:\wamp\www\APP\Application\Admin\Controller\ElementaryLevelController.class.php 第 26 行.
SQL: SELECT COUNT(*) AS tp_count FROM `nav_elementary_level` LIMIT 1   [ RunTime:0.0003s ]
NOTIC: [8] Undefined variable: map E:\wamp\www\APP\Application\Admin\Controller\ElementaryLevelController.class.php 第 30 行.
SQL: SELECT * FROM `nav_elementary_level` ORDER BY sort desc LIMIT 0,10   [ RunTime:0.0004s ]
INFO: [ view_parse ] --START--
NOTIC: [2] file_get_contents(./Application/Admin/View/Common/admin/footer.html): failed to open stream: No such file or directory E:\wamp\www\APP\ThinkPHP\Library\Think\Template.class.php 第 696 行.
INFO: [ template_filter ] --START--
INFO: Run Behavior\ContentReplaceBehavior [ RunTime:0.000106s ]
INFO: [ template_filter ] --END-- [ RunTime:0.000204s ]
NOTIC: [8] Undefined index: admin_id E:\wamp\www\APP\Application\Runtime\Cache\Admin\756ab8553d3f81609a91e0b03f281eb2.php 第 67 行.
NOTIC: [8] Undefined variable: keyword E:\wamp\www\APP\Application\Runtime\Cache\Admin\756ab8553d3f81609a91e0b03f281eb2.php 第 142 行.
NOTIC: [8] Undefined index: p E:\wamp\www\APP\Application\Runtime\Cache\Admin\756ab8553d3f81609a91e0b03f281eb2.php 第 153 行.
NOTIC: [8] Undefined index: entity_id E:\wamp\www\APP\Application\Runtime\Cache\Admin\756ab8553d3f81609a91e0b03f281eb2.php 第 172 行.
NOTIC: [8] Undefined index: entity_id E:\wamp\www\APP\Application\Runtime\Cache\Admin\756ab8553d3f81609a91e0b03f281eb2.php 第 173 行.

