[ 2018-01-02T21:14:32+08:00 ] ::1 /APP/Admin/Index/index?XDEBUG_SESSION_START=14124
INFO: [ app_init ] --START--
INFO: Run Behavior\BuildLiteBehavior [ RunTime:0.000050s ]
INFO: [ app_init ] --END-- [ RunTime:0.004908s ]
INFO: [ app_begin ] --START--
INFO: Run Behavior\ReadHtmlCacheBehavior [ RunTime:0.000886s ]
INFO: [ app_begin ] --END-- [ RunTime:0.001123s ]

[ 2018-01-02T21:14:33+08:00 ] ::1 /APP/index.php/Admin/Public/login.html
INFO: [ app_init ] --START--
INFO: Run Behavior\BuildLiteBehavior [ RunTime:0.000064s ]
INFO: [ app_init ] --END-- [ RunTime:0.001017s ]
INFO: [ app_begin ] --START--
INFO: Run Behavior\ReadHtmlCacheBehavior [ RunTime:0.000904s ]
INFO: [ app_begin ] --END-- [ RunTime:0.001202s ]
INFO: [ view_parse ] --START--
INFO: [ template_filter ] --START--
INFO: Run Behavior\ContentReplaceBehavior [ RunTime:0.000177s ]
INFO: [ template_filter ] --END-- [ RunTime:0.000532s ]
INFO: Run Behavior\ParseTemplateBehavior [ RunTime:0.042069s ]
INFO: [ view_parse ] --END-- [ RunTime:0.042454s ]
INFO: [ view_filter ] --START--
INFO: Run Behavior\WriteHtmlCacheBehavior [ RunTime:0.010531s ]
INFO: [ view_filter ] --END-- [ RunTime:0.010892s ]
INFO: [ app_end ] --START--
INFO: Run Behavior\ShowPageTraceBehavior [ RunTime:0.004695s ]
INFO: [ app_end ] --END-- [ RunTime:0.005045s ]

[ 2018-01-02T21:14:33+08:00 ] ::1 /APP/index.php/Admin/Public/verify.html
INFO: [ app_init ] --START--
INFO: Run Behavior\BuildLiteBehavior [ RunTime:0.000040s ]
INFO: [ app_init ] --END-- [ RunTime:0.000617s ]
INFO: [ app_begin ] --START--
INFO: Run Behavior\ReadHtmlCacheBehavior [ RunTime:0.000593s ]
INFO: [ app_begin ] --END-- [ RunTime:0.000809s ]
INFO: [ app_end ] --START--
INFO: Run Behavior\ShowPageTraceBehavior [ RunTime:0.000635s ]
INFO: [ app_end ] --END-- [ RunTime:0.000911s ]

[ 2018-01-02T21:14:45+08:00 ] ::1 /APP/index.php/Admin/Public/checkLogin.html
INFO: [ app_init ] --START--
INFO: Run Behavior\BuildLiteBehavior [ RunTime:0.000119s ]
INFO: [ app_init ] --END-- [ RunTime:0.001956s ]
INFO: [ app_begin ] --START--
INFO: Run Behavior\ReadHtmlCacheBehavior [ RunTime:0.001906s ]
INFO: [ app_begin ] --END-- [ RunTime:0.002393s ]
SQL: SHOW COLUMNS FROM `nav_admin` [ RunTime:0.0075s ]
SQL: SELECT * FROM `nav_admin` WHERE `username` = 'mr' LIMIT 1   [ RunTime:0.0011s ]

[ 2018-01-02T21:14:46+08:00 ] ::1 /APP/index.php/Admin/Index/index.html
INFO: [ app_init ] --START--
INFO: Run Behavior\BuildLiteBehavior [ RunTime:0.000074s ]
INFO: [ app_init ] --END-- [ RunTime:0.001205s ]
INFO: [ app_begin ] --START--
INFO: Run Behavior\ReadHtmlCacheBehavior [ RunTime:0.000766s ]
INFO: [ app_begin ] --END-- [ RunTime:0.000995s ]

[ 2018-01-02T21:15:06+08:00 ] ::1 /APP/index.php/Admin/HighLevel/lists.html
INFO: [ app_init ] --START--
INFO: Run Behavior\BuildLiteBehavior [ RunTime:0.000074s ]
INFO: [ app_init ] --END-- [ RunTime:0.001160s ]
INFO: [ app_begin ] --START--
INFO: Run Behavior\ReadHtmlCacheBehavior [ RunTime:0.001023s ]
INFO: [ app_begin ] --END-- [ RunTime:0.001349s ]
SQL: SHOW COLUMNS FROM `nav_high_level` [ RunTime:0.0012s ]
SQL: SELECT COUNT(*) AS tp_count FROM `nav_high_level` LIMIT 1   [ RunTime:0.0004s ]
NOTIC: [8] Undefined variable: map E:\wamp\www\APP\Application\Admin\Controller\HighLevelController.class.php 第 29 行.
SQL: SELECT * FROM `nav_high_level` LIMIT 0,10   [ RunTime:0.0005s ]
INFO: [ view_parse ] --START--
NOTIC: [2] file_get_contents(./Application/Admin/View/Common/admin/footer.html): failed to open stream: No such file or directory E:\wamp\www\APP\ThinkPHP\Library\Think\Template.class.php 第 696 行.
INFO: [ template_filter ] --START--
INFO: Run Behavior\ContentReplaceBehavior [ RunTime:0.000476s ]
INFO: [ template_filter ] --END-- [ RunTime:0.001121s ]
NOTIC: [8] Undefined variable: keyword E:\wamp\www\APP\Application\Runtime\Cache\Admin\9c2beb313b914c6391b3fbbcdfe3fff0.php 第 146 行.
NOTIC: [8] Undefined index: p E:\wamp\www\APP\Application\Runtime\Cache\Admin\9c2beb313b914c6391b3fbbcdfe3fff0.php 第 157 行.
NOTIC: [8] Undefined index: entity_id E:\wamp\www\APP\Application\Runtime\Cache\Admin\9c2beb313b914c6391b3fbbcdfe3fff0.php 第 178 行.
NOTIC: [8] Undefined index: entity_id E:\wamp\www\APP\Application\Runtime\Cache\Admin\9c2beb313b914c6391b3fbbcdfe3fff0.php 第 179 行.
NOTIC: [8] Undefined index: entity_id E:\wamp\www\APP\Application\Runtime\Cache\Admin\9c2beb313b914c6391b3fbbcdfe3fff0.php 第 178 行.
NOTIC: [8] Undefined index: entity_id E:\wamp\www\APP\Application\Runtime\Cache\Admin\9c2beb313b914c6391b3fbbcdfe3fff0.php 第 179 行.
NOTIC: [8] Undefined index: entity_id E:\wamp\www\APP\Application\Runtime\Cache\Admin\9c2beb313b914c6391b3fbbcdfe3fff0.php 第 178 行.
NOTIC: [8] Undefined index: entity_id E:\wamp\www\APP\Application\Runtime\Cache\Admin\9c2beb313b914c6391b3fbbcdfe3fff0.php 第 179 行.
NOTIC: [8] Undefined index: entity_id E:\wamp\www\APP\Application\Runtime\Cache\Admin\9c2beb313b914c6391b3fbbcdfe3fff0.php 第 178 行.
NOTIC: [8] Undefined index: entity_id E:\wamp\www\APP\Application\Runtime\Cache\Admin\9c2beb313b914c6391b3fbbcdfe3fff0.php 第 179 行.
NOTIC: [8] Undefined index: entity_id E:\wamp\www\APP\Application\Runtime\Cache\Admin\9c2beb313b914c6391b3fbbcdfe3fff0.php 第 178 行.
NOTIC: [8] Undefined index: entity_id E:\wamp\www\APP\Application\Runtime\Cache\Admin\9c2beb313b914c6391b3fbbcdfe3fff0.php 第 179 行.
NOTIC: [8] Undefined index: entity_id E:\wamp\www\APP\Application\Runtime\Cache\Admin\9c2beb313b914c6391b3fbbcdfe3fff0.php 第 178 行.
NOTIC: [8] Undefined index: entity_id E:\wamp\www\APP\Application\Runtime\Cache\Admin\9c2beb313b914c6391b3fbbcdfe3fff0.php 第 179 行.
NOTIC: [8] Undefined index: entity_id E:\wamp\www\APP\Application\Runtime\Cache\Admin\9c2beb313b914c6391b3fbbcdfe3fff0.php 第 178 行.
NOTIC: [8] Undefined index: entity_id E:\wamp\www\APP\Application\Runtime\Cache\Admin\9c2beb313b914c6391b3fbbcdfe3fff0.php 第 179 行.
NOTIC: [8] Undefined index: entity_id E:\wamp\www\APP\Application\Runtime\Cache\Admin\9c2beb313b914c6391b3fbbcdfe3fff0.php 第 178 行.
NOTIC: [8] Undefined index: entity_id E:\wamp\www\APP\Application\Runtime\Cache\Admin\9c2beb313b914c6391b3fbbcdfe3fff0.php 第 179 行.
NOTIC: [8] Undefined index: entity_id E:\wamp\www\APP\Application\Runtime\Cache\Admin\9c2beb313b914c6391b3fbbcdfe3fff0.php 第 178 行.
NOTIC: [8] Undefined index: entity_id E:\wamp\www\APP\Application\Runtime\Cache\Admin\9c2beb313b914c6391b3fbbcdfe3fff0.php 第 179 行.
INFO: Run Behavior\ParseTemplateBehavior [ RunTime:0.204137s ]
INFO: [ view_parse ] --END-- [ RunTime:0.204422s ]
INFO: [ view_filter ] --START--
INFO: Run Behavior\WriteHtmlCacheBehavior [ RunTime:0.000925s ]
INFO: [ view_filter ] --END-- [ RunTime:0.001215s ]
INFO: [ app_end ] --START--
INFO: Run Behavior\ShowPageTraceBehavior [ RunTime:0.003837s ]
INFO: [ app_end ] --END-- [ RunTime:0.005100s ]

[ 2018-01-02T21:23:01+08:00 ] ::1 /APP/Admin/Index/index?XDEBUG_SESSION_START=15117
INFO: [ app_init ] --START--
INFO: Run Behavior\BuildLiteBehavior [ RunTime:0.000069s ]
INFO: [ app_init ] --END-- [ RunTime:0.000814s ]
INFO: [ app_begin ] --START--
INFO: Run Behavior\ReadHtmlCacheBehavior [ RunTime:0.000646s ]
INFO: [ app_begin ] --END-- [ RunTime:0.000879s ]

[ 2018-01-02T21:23:17+08:00 ] ::1 /APP/index.php/Admin/HighLevel/lists.html
INFO: [ app_init ] --START--
INFO: Run Behavior\BuildLiteBehavior [ RunTime:0.000054s ]
INFO: [ app_init ] --END-- [ RunTime:0.000763s ]
INFO: [ app_begin ] --START--
INFO: Run Behavior\ReadHtmlCacheBehavior [ RunTime:0.000788s ]
INFO: [ app_begin ] --END-- [ RunTime:0.001049s ]
SQL: SHOW COLUMNS FROM `nav_high_level` [ RunTime:0.0012s ]
SQL: SELECT COUNT(*) AS tp_count FROM `nav_high_level` LIMIT 1   [ RunTime:0.0004s ]
NOTIC: [8] Undefined variable: map E:\wamp\www\APP\Application\Admin\Controller\HighLevelController.class.php 第 29 行.
SQL: SELECT * FROM `nav_high_level` LIMIT 0,10   [ RunTime:0.0004s ]
INFO: [ view_parse ] --START--
NOTIC: [2] file_get_contents(./Application/Admin/View/Common/admin/footer.html): failed to open stream: No such file or directory E:\wamp\www\APP\ThinkPHP\Library\Think\Template.class.php 第 696 行.
INFO: [ template_filter ] --START--
INFO: Run Behavior\ContentReplaceBehavior [ RunTime:0.000133s ]
INFO: [ template_filter ] --END-- [ RunTime:0.000392s ]
NOTIC: [8] Undefined variable: keyword E:\wamp\www\APP\Application\Runtime\Cache\Admin\9c2beb313b914c6391b3fbbcdfe3fff0.php 第 146 行.
NOTIC: [8] Undefined index: p E:\wamp\www\APP\Application\Runtime\Cache\Admin\9c2beb313b914c6391b3fbbcdfe3fff0.php 第 157 行.
NOTIC: [8] Undefined index: entity_id E:\wamp\www\APP\Application\Runtime\Cache\Admin\9c2beb313b914c6391b3fbbcdfe3fff0.php 第 178 行.
NOTIC: [8] Undefined index: entity_id E:\wamp\www\APP\Application\Runtime\Cache\Admin\9c2beb313b914c6391b3fbbcdfe3fff0.php 第 179 行.
NOTIC: [8] Undefined index: entity_id E:\wamp\www\APP\Application\Runtime\Cache\Admin\9c2beb313b914c6391b3fbbcdfe3fff0.php 第 178 行.
NOTIC: [8] Undefined index: entity_id E:\wamp\www\APP\Application\Runtime\Cache\Admin\9c2beb313b914c6391b3fbbcdfe3fff0.php 第 179 行.
NOTIC: [8] Undefined index: entity_id E:\wamp\www\APP\Application\Runtime\Cache\Admin\9c2beb313b914c6391b3fbbcdfe3fff0.php 第 178 行.
NOTIC: [8] Undefined index: entity_id E:\wamp\www\APP\Application\Runtime\Cache\Admin\9c2beb313b914c6391b3fbbcdfe3fff0.php 第 179 行.
NOTIC: [8] Undefined index: entity_id E:\wamp\www\APP\Application\Runtime\Cache\Admin\9c2beb313b914c6391b3fbbcdfe3fff0.php 第 178 行.
NOTIC: [8] Undefined index: entity_id E:\wamp\www\APP\Application\Runtime\Cache\Admin\9c2beb313b914c6391b3fbbcdfe3fff0.php 第 179 行.
NOTIC: [8] Undefined index: entity_id E:\wamp\www\APP\Application\Runtime\Cache\Admin\9c2beb313b914c6391b3fbbcdfe3fff0.php 第 178 行.
NOTIC: [8] Undefined index: entity_id E:\wamp\www\APP\Application\Runtime\Cache\Admin\9c2beb313b914c6391b3fbbcdfe3fff0.php 第 179 行.
NOTIC: [8] Undefined index: entity_id E:\wamp\www\APP\Application\Runtime\Cache\Admin\9c2beb313b914c6391b3fbbcdfe3fff0.php 第 178 行.
NOTIC: [8] Undefined index: entity_id E:\wamp\www\APP\Application\Runtime\Cache\Admin\9c2beb313b914c6391b3fbbcdfe3fff0.php 第 179 行.
NOTIC: [8] Undefined index: entity_id E:\wamp\www\APP\Application\Runtime\Cache\Admin\9c2beb313b914c6391b3fbbcdfe3fff0.php 第 178 行.
NOTIC: [8] Undefined index: entity_id E:\wamp\www\APP\Application\Runtime\Cache\Admin\9c2beb313b914c6391b3fbbcdfe3fff0.php 第 179 行.
NOTIC: [8] Undefined index: entity_id E:\wamp\www\APP\Application\Runtime\Cache\Admin\9c2beb313b914c6391b3fbbcdfe3fff0.php 第 178 行.
NOTIC: [8] Undefined index: entity_id E:\wamp\www\APP\Application\Runtime\Cache\Admin\9c2beb313b914c6391b3fbbcdfe3fff0.php 第 179 行.
NOTIC: [8] Undefined index: entity_id E:\wamp\www\APP\Application\Runtime\Cache\Admin\9c2beb313b914c6391b3fbbcdfe3fff0.php 第 178 行.
NOTIC: [8] Undefined index: entity_id E:\wamp\www\APP\Application\Runtime\Cache\Admin\9c2beb313b914c6391b3fbbcdfe3fff0.php 第 179 行.
INFO: Run Behavior\ParseTemplateBehavior [ RunTime:0.024366s ]
INFO: [ view_parse ] --END-- [ RunTime:0.024651s ]
INFO: [ view_filter ] --START--
INFO: Run Behavior\WriteHtmlCacheBehavior [ RunTime:0.000596s ]
INFO: [ view_filter ] --END-- [ RunTime:0.000892s ]
INFO: [ app_end ] --START--
INFO: Run Behavior\ShowPageTraceBehavior [ RunTime:0.000887s ]
INFO: [ app_end ] --END-- [ RunTime:0.001202s ]

[ 2018-01-02T21:23:33+08:00 ] ::1 /APP/index.php/Admin/HighLevel/lists.html
INFO: [ app_init ] --START--
INFO: Run Behavior\BuildLiteBehavior [ RunTime:0.000066s ]
INFO: [ app_init ] --END-- [ RunTime:0.001258s ]
INFO: [ app_begin ] --START--
INFO: Run Behavior\ReadHtmlCacheBehavior [ RunTime:0.001075s ]
INFO: [ app_begin ] --END-- [ RunTime:0.001399s ]
SQL: SHOW COLUMNS FROM `nav_high_level` [ RunTime:0.0009s ]
SQL: SELECT COUNT(*) AS tp_count FROM `nav_high_level` LIMIT 1   [ RunTime:0.0003s ]
NOTIC: [8] Undefined variable: map E:\wamp\www\APP\Application\Admin\Controller\HighLevelController.class.php 第 29 行.
SQL: SELECT * FROM `nav_high_level` LIMIT 0,10   [ RunTime:0.0004s ]
INFO: [ view_parse ] --START--
NOTIC: [2] file_get_contents(./Application/Admin/View/Common/admin/footer.html): failed to open stream: No such file or directory E:\wamp\www\APP\ThinkPHP\Library\Think\Template.class.php 第 696 行.
INFO: [ template_filter ] --START--
INFO: Run Behavior\ContentReplaceBehavior [ RunTime:0.000126s ]
INFO: [ template_filter ] --END-- [ RunTime:0.000313s ]
NOTIC: [8] Undefined variable: keyword E:\wamp\www\APP\Application\Runtime\Cache\Admin\9c2beb313b914c6391b3fbbcdfe3fff0.php 第 146 行.
NOTIC: [8] Undefined index: p E:\wamp\www\APP\Application\Runtime\Cache\Admin\9c2beb313b914c6391b3fbbcdfe3fff0.php 第 157 行.
NOTIC: [8] Undefined index: entity_id E:\wamp\www\APP\Application\Runtime\Cache\Admin\9c2beb313b914c6391b3fbbcdfe3fff0.php 第 178 行.
NOTIC: [8] Undefined index: entity_id E:\wamp\www\APP\Application\Runtime\Cache\Admin\9c2beb313b914c6391b3fbbcdfe3fff0.php 第 179 行.
NOTIC: [8] Undefined index: entity_id E:\wamp\www\APP\Application\Runtime\Cache\Admin\9c2beb313b914c6391b3fbbcdfe3fff0.php 第 178 行.
NOTIC: [8] Undefined index: entity_id E:\wamp\www\APP\Application\Runtime\Cache\Admin\9c2beb313b914c6391b3fbbcdfe3fff0.php 第 179 行.
NOTIC: [8] Undefined index: entity_id E:\wamp\www\APP\Application\Runtime\Cache\Admin\9c2beb313b914c6391b3fbbcdfe3fff0.php 第 178 行.
NOTIC: [8] Undefined index: entity_id E:\wamp\www\APP\Application\Runtime\Cache\Admin\9c2beb313b914c6391b3fbbcdfe3fff0.php 第 179 行.
NOTIC: [8] Undefined index: entity_id E:\wamp\www\APP\Application\Runtime\Cache\Admin\9c2beb313b914c6391b3fbbcdfe3fff0.php 第 178 行.
NOTIC: [8] Undefined index: entity_id E:\wamp\www\APP\Application\Runtime\Cache\Admin\9c2beb313b914c6391b3fbbcdfe3fff0.php 第 179 行.
NOTIC: [8] Undefined index: entity_id E:\wamp\www\APP\Application\Runtime\Cache\Admin\9c2beb313b914c6391b3fbbcdfe3fff0.php 第 178 行.
NOTIC: [8] Undefined index: entity_id E:\wamp\www\APP\Application\Runtime\Cache\Admin\9c2beb313b914c6391b3fbbcdfe3fff0.php 第 179 行.
NOTIC: [8] Undefined index: entity_id E:\wamp\www\APP\Application\Runtime\Cache\Admin\9c2beb313b914c6391b3fbbcdfe3fff0.php 第 178 行.
NOTIC: [8] Undefined index: entity_id E:\wamp\www\APP\Application\Runtime\Cache\Admin\9c2beb313b914c6391b3fbbcdfe3fff0.php 第 179 行.
NOTIC: [8] Undefined index: entity_id E:\wamp\www\APP\Application\Runtime\Cache\Admin\9c2beb313b914c6391b3fbbcdfe3fff0.php 第 178 行.
NOTIC: [8] Undefined index: entity_id E:\wamp\www\APP\Application\Runtime\Cache\Admin\9c2beb313b914c6391b3fbbcdfe3fff0.php 第 179 行.
NOTIC: [8] Undefined index: entity_id E:\wamp\www\APP\Application\Runtime\Cache\Admin\9c2beb313b914c6391b3fbbcdfe3fff0.php 第 178 行.
NOTIC: [8] Undefined index: entity_id E:\wamp\www\APP\Application\Runtime\Cache\Admin\9c2beb313b914c6391b3fbbcdfe3fff0.php 第 179 行.
NOTIC: [8] Undefined index: entity_id E:\wamp\www\APP\Application\Runtime\Cache\Admin\9c2beb313b914c6391b3fbbcdfe3fff0.php 第 178 行.
NOTIC: [8] Undefined index: entity_id E:\wamp\www\APP\Application\Runtime\Cache\Admin\9c2beb313b914c6391b3fbbcdfe3fff0.php 第 179 行.
INFO: Run Behavior\ParseTemplateBehavior [ RunTime:0.024972s ]
INFO: [ view_parse ] --END-- [ RunTime:0.025155s ]
INFO: [ view_filter ] --START--
INFO: Run Behavior\WriteHtmlCacheBehavior [ RunTime:0.000599s ]
INFO: [ view_filter ] --END-- [ RunTime:0.000771s ]
INFO: [ app_end ] --START--
INFO: Run Behavior\ShowPageTraceBehavior [ RunTime:0.000866s ]
INFO: [ app_end ] --END-- [ RunTime:0.001212s ]

[ 2018-01-02T21:24:10+08:00 ] ::1 /APP/index.php/Admin/HighLevel/add.html
INFO: [ app_init ] --START--
INFO: Run Behavior\BuildLiteBehavior [ RunTime:0.000042s ]
INFO: [ app_init ] --END-- [ RunTime:0.000691s ]
INFO: [ app_begin ] --START--
INFO: Run Behavior\ReadHtmlCacheBehavior [ RunTime:0.000677s ]
INFO: [ app_begin ] --END-- [ RunTime:0.000865s ]
SQL: SHOW COLUMNS FROM `nav_high_level` [ RunTime:0.0009s ]
INFO: [ view_parse ] --START--
NOTIC: [2] file_get_contents(./Application/Admin/View/Common/admin/footer.html): failed to open stream: No such file or directory E:\wamp\www\APP\ThinkPHP\Library\Think\Template.class.php 第 696 行.
INFO: [ template_filter ] --START--
INFO: Run Behavior\ContentReplaceBehavior [ RunTime:0.000258s ]
INFO: [ template_filter ] --END-- [ RunTime:0.000660s ]
NOTIC: [8] Undefined index: id E:\wamp\www\APP\Application\Runtime\Cache\Admin\c5e5a590f8def41735c09c7493f535ab.php 第 128 行.
NOTIC: [8] Undefined variable: data E:\wamp\www\APP\Application\Runtime\Cache\Admin\c5e5a590f8def41735c09c7493f535ab.php 第 134 行.
NOTIC: [8] Undefined variable: data E:\wamp\www\APP\Application\Runtime\Cache\Admin\c5e5a590f8def41735c09c7493f535ab.php 第 137 行.
NOTIC: [8] Undefined variable: data E:\wamp\www\APP\Application\Runtime\Cache\Admin\c5e5a590f8def41735c09c7493f535ab.php 第 146 行.
NOTIC: [8] Undefined variable: data E:\wamp\www\APP\Application\Runtime\Cache\Admin\c5e5a590f8def41735c09c7493f535ab.php 第 152 行.
NOTIC: [8] Undefined variable: data E:\wamp\www\APP\Application\Runtime\Cache\Admin\c5e5a590f8def41735c09c7493f535ab.php 第 158 行.
NOTIC: [8] Undefined variable: data E:\wamp\www\APP\Application\Runtime\Cache\Admin\c5e5a590f8def41735c09c7493f535ab.php 第 162 行.
INFO: Run Behavior\ParseTemplateBehavior [ RunTime:0.163343s ]
INFO: [ view_parse ] --END-- [ RunTime:0.163698s ]
INFO: [ view_filter ] --START--
INFO: Run Behavior\WriteHtmlCacheBehavior [ RunTime:0.001110s ]
INFO: [ view_filter ] --END-- [ RunTime:0.001647s ]
INFO: [ app_end ] --START--
INFO: Run Behavior\ShowPageTraceBehavior [ RunTime:0.001102s ]
INFO: [ app_end ] --END-- [ RunTime:0.001331s ]

[ 2018-01-02T21:24:58+08:00 ] ::1 /APP/index.php/Admin/HighLevel/add/id/16.html
INFO: [ app_init ] --START--
INFO: Run Behavior\BuildLiteBehavior [ RunTime:0.000056s ]
INFO: [ app_init ] --END-- [ RunTime:0.000725s ]
INFO: [ app_begin ] --START--
INFO: Run Behavior\ReadHtmlCacheBehavior [ RunTime:0.000680s ]
INFO: [ app_begin ] --END-- [ RunTime:0.000907s ]
SQL: SHOW COLUMNS FROM `nav_high_level` [ RunTime:0.0009s ]
SQL: SELECT * FROM `nav_high_level` WHERE `id` = 16 LIMIT 1   [ RunTime:0.1309s ]
INFO: [ view_parse ] --START--
NOTIC: [2] file_get_contents(./Application/Admin/View/Common/admin/footer.html): failed to open stream: No such file or directory E:\wamp\www\APP\ThinkPHP\Library\Think\Template.class.php 第 696 行.
INFO: [ template_filter ] --START--
INFO: Run Behavior\ContentReplaceBehavior [ RunTime:0.000111s ]
INFO: [ template_filter ] --END-- [ RunTime:0.000288s ]
INFO: Run Behavior\ParseTemplateBehavior [ RunTime:0.014317s ]
INFO: [ view_parse ] --END-- [ RunTime:0.014520s ]
INFO: [ view_filter ] --START--
INFO: Run Behavior\WriteHtmlCacheBehavior [ RunTime:0.000626s ]
INFO: [ view_filter ] --END-- [ RunTime:0.000914s ]
INFO: [ app_end ] --START--
INFO: Run Behavior\ShowPageTraceBehavior [ RunTime:0.000974s ]
INFO: [ app_end ] --END-- [ RunTime:0.001307s ]

[ 2018-01-02T21:27:21+08:00 ] ::1 /APP/index.php/Admin/HighLevel/lists.html
INFO: [ app_init ] --START--
INFO: Run Behavior\BuildLiteBehavior [ RunTime:0.000044s ]
INFO: [ app_init ] --END-- [ RunTime:0.000804s ]
INFO: [ app_begin ] --START--
INFO: Run Behavior\ReadHtmlCacheBehavior [ RunTime:0.000801s ]
INFO: [ app_begin ] --END-- [ RunTime:0.001006s ]
SQL: SHOW COLUMNS FROM `nav_high_level` [ RunTime:0.0014s ]
SQL: SELECT COUNT(*) AS tp_count FROM `nav_high_level` LIMIT 1   [ RunTime:0.0004s ]
NOTIC: [8] Undefined variable: map E:\wamp\www\APP\Application\Admin\Controller\HighLevelController.class.php 第 29 行.
SQL: SELECT * FROM `nav_high_level` LIMIT 0,10   [ RunTime:0.0005s ]
INFO: [ view_parse ] --START--
NOTIC: [2] file_get_contents(./Application/Admin/View/Common/admin/footer.html): failed to open stream: No such file or directory E:\wamp\www\APP\ThinkPHP\Library\Think\Template.class.php 第 696 行.
INFO: [ template_filter ] --START--
INFO: Run Behavior\ContentReplaceBehavior [ RunTime:0.000174s ]
INFO: [ template_filter ] --END-- [ RunTime:0.000424s ]
NOTIC: [8] Undefined variable: keyword E:\wamp\www\APP\Application\Runtime\Cache\Admin\9c2beb313b914c6391b3fbbcdfe3fff0.php 第 146 行.
NOTIC: [8] Undefined index: p E:\wamp\www\APP\Application\Runtime\Cache\Admin\9c2beb313b914c6391b3fbbcdfe3fff0.php 第 157 行.
NOTIC: [8] Undefined index: entity_id E:\wamp\www\APP\Application\Runtime\Cache\Admin\9c2beb313b914c6391b3fbbcdfe3fff0.php 第 178 行.
NOTIC: [8] Undefined index: entity_id E:\wamp\www\APP\Application\Runtime\Cache\Admin\9c2beb313b914c6391b3fbbcdfe3fff0.php 第 179 行.
NOTIC: [8] Undefined index: entity_id E:\wamp\www\APP\Application\Runtime\Cache\Admin\9c2beb313b914c6391b3fbbcdfe3fff0.php 第 178 行.
NOTIC: [8] Undefined index: entity_id E:\wamp\www\APP\Application\Runtime\Cache\Admin\9c2beb313b914c6391b3fbbcdfe3fff0.php 第 179 行.
NOTIC: [8] Undefined index: entity_id E:\wamp\www\APP\Application\Runtime\Cache\Admin\9c2beb313b914c6391b3fbbcdfe3fff0.php 第 178 行.
NOTIC: [8] Undefined index: entity_id E:\wamp\www\APP\Application\Runtime\Cache\Admin\9c2beb313b914c6391b3fbbcdfe3fff0.php 第 179 行.
NOTIC: [8] Undefined index: entity_id E:\wamp\www\APP\Application\Runtime\Cache\Admin\9c2beb313b914c6391b3fbbcdfe3fff0.php 第 178 行.
NOTIC: [8] Undefined index: entity_id E:\wamp\www\APP\Application\Runtime\Cache\Admin\9c2beb313b914c6391b3fbbcdfe3fff0.php 第 179 行.
NOTIC: [8] Undefined index: entity_id E:\wamp\www\APP\Application\Runtime\Cache\Admin\9c2beb313b914c6391b3fbbcdfe3fff0.php 第 178 行.
NOTIC: [8] Undefined index: entity_id E:\wamp\www\APP\Application\Runtime\Cache\Admin\9c2beb313b914c6391b3fbbcdfe3fff0.php 第 179 行.
NOTIC: [8] Undefined index: entity_id E:\wamp\www\APP\Application\Runtime\Cache\Admin\9c2beb313b914c6391b3fbbcdfe3fff0.php 第 178 行.
NOTIC: [8] Undefined index: entity_id E:\wamp\www\APP\Application\Runtime\Cache\Admin\9c2beb313b914c6391b3fbbcdfe3fff0.php 第 179 行.
NOTIC: [8] Undefined index: entity_id E:\wamp\www\APP\Application\Runtime\Cache\Admin\9c2beb313b914c6391b3fbbcdfe3fff0.php 第 178 行.
NOTIC: [8] Undefined index: entity_id E:\wamp\www\APP\Application\Runtime\Cache\Admin\9c2beb313b914c6391b3fbbcdfe3fff0.php 第 179 行.
NOTIC: [8] Undefined index: entity_id E:\wamp\www\APP\Application\Runtime\Cache\Admin\9c2beb313b914c6391b3fbbcdfe3fff0.php 第 178 行.
NOTIC: [8] Undefined index: entity_id E:\wamp\www\APP\Application\Runtime\Cache\Admin\9c2beb313b914c6391b3fbbcdfe3fff0.php 第 179 行.
NOTIC: [8] Undefined index: entity_id E:\wamp\www\APP\Application\Runtime\Cache\Admin\9c2beb313b914c6391b3fbbcdfe3fff0.php 第 178 行.
NOTIC: [8] Undefined index: entity_id E:\wamp\www\APP\Application\Runtime\Cache\Admin\9c2beb313b914c6391b3fbbcdfe3fff0.php 第 179 行.
INFO: Run Behavior\ParseTemplateBehavior [ RunTime:0.026894s ]
INFO: [ view_parse ] --END-- [ RunTime:0.027122s ]
INFO: [ view_filter ] --START--
INFO: Run Behavior\WriteHtmlCacheBehavior [ RunTime:0.000645s ]
INFO: [ view_filter ] --END-- [ RunTime:0.000829s ]
INFO: [ app_end ] --START--
INFO: Run Behavior\ShowPageTraceBehavior [ RunTime:0.000967s ]
INFO: [ app_end ] --END-- [ RunTime:0.001192s ]

[ 2018-01-02T21:30:11+08:00 ] ::1 /APP/index.php/Admin/HighLevel/lists.html
INFO: [ app_init ] --START--
INFO: Run Behavior\BuildLiteBehavior [ RunTime:0.000054s ]
INFO: [ app_init ] --END-- [ RunTime:0.001270s ]
INFO: [ app_begin ] --START--
INFO: Run Behavior\ReadHtmlCacheBehavior [ RunTime:0.000986s ]
INFO: [ app_begin ] --END-- [ RunTime:0.001134s ]
SQL: SHOW COLUMNS FROM `nav_high_level` [ RunTime:0.0011s ]
SQL: SELECT COUNT(*) AS tp_count FROM `nav_high_level` LIMIT 1   [ RunTime:0.0002s ]
NOTIC: [8] Undefined variable: map E:\wamp\www\APP\Application\Admin\Controller\HighLevelController.class.php 第 29 行.
SQL: SELECT * FROM `nav_high_level` LIMIT 0,10   [ RunTime:0.0005s ]
INFO: [ view_parse ] --START--
NOTIC: [2] file_get_contents(./Application/Admin/View/Common/admin/footer.html): failed to open stream: No such file or directory E:\wamp\www\APP\ThinkPHP\Library\Think\Template.class.php 第 696 行.
INFO: [ template_filter ] --START--
INFO: Run Behavior\ContentReplaceBehavior [ RunTime:0.000117s ]
INFO: [ template_filter ] --END-- [ RunTime:0.000234s ]
NOTIC: [8] Undefined variable: keyword E:\wamp\www\APP\Application\Runtime\Cache\Admin\9c2beb313b914c6391b3fbbcdfe3fff0.php 第 146 行.
NOTIC: [8] Undefined index: p E:\wamp\www\APP\Application\Runtime\Cache\Admin\9c2beb313b914c6391b3fbbcdfe3fff0.php 第 157 行.
NOTIC: [8] Undefined index: entity_id E:\wamp\www\APP\Application\Runtime\Cache\Admin\9c2beb313b914c6391b3fbbcdfe3fff0.php 第 178 行.
NOTIC: [8] Undefined index: entity_id E:\wamp\www\APP\Application\Runtime\Cache\Admin\9c2beb313b914c6391b3fbbcdfe3fff0.php 第 179 行.
NOTIC: [8] Undefined index: entity_id E:\wamp\www\APP\Application\Runtime\Cache\Admin\9c2beb313b914c6391b3fbbcdfe3fff0.php 第 178 行.
NOTIC: [8] Undefined index: entity_id E:\wamp\www\APP\Application\Runtime\Cache\Admin\9c2beb313b914c6391b3fbbcdfe3fff0.php 第 179 行.
NOTIC: [8] Undefined index: entity_id E:\wamp\www\APP\Application\Runtime\Cache\Admin\9c2beb313b914c6391b3fbbcdfe3fff0.php 第 178 行.
NOTIC: [8] Undefined index: entity_id E:\wamp\www\APP\Application\Runtime\Cache\Admin\9c2beb313b914c6391b3fbbcdfe3fff0.php 第 179 行.
NOTIC: [8] Undefined index: entity_id E:\wamp\www\APP\Application\Runtime\Cache\Admin\9c2beb313b914c6391b3fbbcdfe3fff0.php 第 178 行.
NOTIC: [8] Undefined index: entity_id E:\wamp\www\APP\Application\Runtime\Cache\Admin\9c2beb313b914c6391b3fbbcdfe3fff0.php 第 179 行.
NOTIC: [8] Undefined index: entity_id E:\wamp\www\APP\Application\Runtime\Cache\Admin\9c2beb313b914c6391b3fbbcdfe3fff0.php 第 178 行.
NOTIC: [8] Undefined index: entity_id E:\wamp\www\APP\Application\Runtime\Cache\Admin\9c2beb313b914c6391b3fbbcdfe3fff0.php 第 179 行.
NOTIC: [8] Undefined index: entity_id E:\wamp\www\APP\Application\Runtime\Cache\Admin\9c2beb313b914c6391b3fbbcdfe3fff0.php 第 178 行.
NOTIC: [8] Undefined index: entity_id E:\wamp\www\APP\Application\Runtime\Cache\Admin\9c2beb313b914c6391b3fbbcdfe3fff0.php 第 179 行.
NOTIC: [8] Undefined index: entity_id E:\wamp\www\APP\Application\Runtime\Cache\Admin\9c2beb313b914c6391b3fbbcdfe3fff0.php 第 178 行.
NOTIC: [8] Undefined index: entity_id E:\wamp\www\APP\Application\Runtime\Cache\Admin\9c2beb313b914c6391b3fbbcdfe3fff0.php 第 179 行.
NOTIC: [8] Undefined index: entity_id E:\wamp\www\APP\Application\Runtime\Cache\Admin\9c2beb313b914c6391b3fbbcdfe3fff0.php 第 178 行.
NOTIC: [8] Undefined index: entity_id E:\wamp\www\APP\Application\Runtime\Cache\Admin\9c2beb313b914c6391b3fbbcdfe3fff0.php 第 179 行.
NOTIC: [8] Undefined index: entity_id E:\wamp\www\APP\Application\Runtime\Cache\Admin\9c2beb313b914c6391b3fbbcdfe3fff0.php 第 178 行.
NOTIC: [8] Undefined index: entity_id E:\wamp\www\APP\Application\Runtime\Cache\Admin\9c2beb313b914c6391b3fbbcdfe3fff0.php 第 179 行.
INFO: Run Behavior\ParseTemplateBehavior [ RunTime:0.021659s ]
INFO: [ view_parse ] --END-- [ RunTime:0.021796s ]
INFO: [ view_filter ] --START--
INFO: Run Behavior\WriteHtmlCacheBehavior [ RunTime:0.000879s ]
INFO: [ view_filter ] --END-- [ RunTime:0.001047s ]
INFO: [ app_end ] --START--
INFO: Run Behavior\ShowPageTraceBehavior [ RunTime:0.001124s ]
INFO: [ app_end ] --END-- [ RunTime:0.001359s ]

[ 2018-01-02T21:30:22+08:00 ] ::1 /APP/index.php/Admin/HighLevel/lists.html
INFO: [ app_init ] --START--
INFO: Run Behavior\BuildLiteBehavior [ RunTime:0.000038s ]
INFO: [ app_init ] --END-- [ RunTime:0.000669s ]
INFO: [ app_begin ] --START--
INFO: Run Behavior\ReadHtmlCacheBehavior [ RunTime:0.000749s ]
INFO: [ app_begin ] --END-- [ RunTime:0.000924s ]
SQL: SHOW COLUMNS FROM `nav_high_level` [ RunTime:0.0010s ]
SQL: SELECT COUNT(*) AS tp_count FROM `nav_high_level` LIMIT 1   [ RunTime:0.0003s ]
NOTIC: [8] Undefined variable: map E:\wamp\www\APP\Application\Admin\Controller\HighLevelController.class.php 第 29 行.
SQL: SELECT * FROM `nav_high_level` LIMIT 0,10   [ RunTime:0.0004s ]
INFO: [ view_parse ] --START--
NOTIC: [2] file_get_contents(./Application/Admin/View/Common/admin/footer.html): failed to open stream: No such file or directory E:\wamp\www\APP\ThinkPHP\Library\Think\Template.class.php 第 696 行.
INFO: [ template_filter ] --START--
INFO: Run Behavior\ContentReplaceBehavior [ RunTime:0.000136s ]
INFO: [ template_filter ] --END-- [ RunTime:0.000322s ]
NOTIC: [8] Undefined variable: keyword E:\wamp\www\APP\Application\Runtime\Cache\Admin\9c2beb313b914c6391b3fbbcdfe3fff0.php 第 146 行.
NOTIC: [8] Undefined index: p E:\wamp\www\APP\Application\Runtime\Cache\Admin\9c2beb313b914c6391b3fbbcdfe3fff0.php 第 157 行.
NOTIC: [8] Undefined index: entity_id E:\wamp\www\APP\Application\Runtime\Cache\Admin\9c2beb313b914c6391b3fbbcdfe3fff0.php 第 178 行.
NOTIC: [8] Undefined index: entity_id E:\wamp\www\APP\Application\Runtime\Cache\Admin\9c2beb313b914c6391b3fbbcdfe3fff0.php 第 179 行.
NOTIC: [8] Undefined index: entity_id E:\wamp\www\APP\Application\Runtime\Cache\Admin\9c2beb313b914c6391b3fbbcdfe3fff0.php 第 178 行.
NOTIC: [8] Undefined index: entity_id E:\wamp\www\APP\Application\Runtime\Cache\Admin\9c2beb313b914c6391b3fbbcdfe3fff0.php 第 179 行.
NOTIC: [8] Undefined index: entity_id E:\wamp\www\APP\Application\Runtime\Cache\Admin\9c2beb313b914c6391b3fbbcdfe3fff0.php 第 178 行.
NOTIC: [8] Undefined index: entity_id E:\wamp\www\APP\Application\Runtime\Cache\Admin\9c2beb313b914c6391b3fbbcdfe3fff0.php 第 179 行.
NOTIC: [8] Undefined index: entity_id E:\wamp\www\APP\Application\Runtime\Cache\Admin\9c2beb313b914c6391b3fbbcdfe3fff0.php 第 178 行.
NOTIC: [8] Undefined index: entity_id E:\wamp\www\APP\Application\Runtime\Cache\Admin\9c2beb313b914c6391b3fbbcdfe3fff0.php 第 179 行.
NOTIC: [8] Undefined index: entity_id E:\wamp\www\APP\Application\Runtime\Cache\Admin\9c2beb313b914c6391b3fbbcdfe3fff0.php 第 178 行.
NOTIC: [8] Undefined index: entity_id E:\wamp\www\APP\Application\Runtime\Cache\Admin\9c2beb313b914c6391b3fbbcdfe3fff0.php 第 179 行.
NOTIC: [8] Undefined index: entity_id E:\wamp\www\APP\Application\Runtime\Cache\Admin\9c2beb313b914c6391b3fbbcdfe3fff0.php 第 178 行.
NOTIC: [8] Undefined index: entity_id E:\wamp\www\APP\Application\Runtime\Cache\Admin\9c2beb313b914c6391b3fbbcdfe3fff0.php 第 179 行.
NOTIC: [8] Undefined index: entity_id E:\wamp\www\APP\Application\Runtime\Cache\Admin\9c2beb313b914c6391b3fbbcdfe3fff0.php 第 178 行.
NOTIC: [8] Undefined index: entity_id E:\wamp\www\APP\Application\Runtime\Cache\Admin\9c2beb313b914c6391b3fbbcdfe3fff0.php 第 179 行.
NOTIC: [8] Undefined index: entity_id E:\wamp\www\APP\Application\Runtime\Cache\Admin\9c2beb313b914c6391b3fbbcdfe3fff0.php 第 178 行.
NOTIC: [8] Undefined index: entity_id E:\wamp\www\APP\Application\Runtime\Cache\Admin\9c2beb313b914c6391b3fbbcdfe3fff0.php 第 179 行.
NOTIC: [8] Undefined index: entity_id E:\wamp\www\APP\Application\Runtime\Cache\Admin\9c2beb313b914c6391b3fbbcdfe3fff0.php 第 178 行.
NOTIC: [8] Undefined index: entity_id E:\wamp\www\APP\Application\Runtime\Cache\Admin\9c2beb313b914c6391b3fbbcdfe3fff0.php 第 179 行.
INFO: Run Behavior\ParseTemplateBehavior [ RunTime:0.026182s ]
INFO: [ view_parse ] --END-- [ RunTime:0.026372s ]
INFO: [ view_filter ] --START--
INFO: Run Behavior\WriteHtmlCacheBehavior [ RunTime:0.000745s ]
INFO: [ view_filter ] --END-- [ RunTime:0.000920s ]
INFO: [ app_end ] --START--
INFO: Run Behavior\ShowPageTraceBehavior [ RunTime:0.001012s ]
INFO: [ app_end ] --END-- [ RunTime:0.001296s ]

[ 2018-01-02T21:31:21+08:00 ] ::1 /APP/index.php/Admin/HighLevel/add.html
INFO: [ app_init ] --START--
INFO: Run Behavior\BuildLiteBehavior [ RunTime:0.000047s ]
INFO: [ app_init ] --END-- [ RunTime:0.000723s ]
INFO: [ app_begin ] --START--
INFO: Run Behavior\ReadHtmlCacheBehavior [ RunTime:0.000832s ]
INFO: [ app_begin ] --END-- [ RunTime:0.001018s ]
SQL: SHOW COLUMNS FROM `nav_high_level` [ RunTime:0.0012s ]
INFO: [ view_parse ] --START--
NOTIC: [2] file_get_contents(./Application/Admin/View/Common/admin/footer.html): failed to open stream: No such file or directory E:\wamp\www\APP\ThinkPHP\Library\Think\Template.class.php 第 696 行.
INFO: [ template_filter ] --START--
INFO: Run Behavior\ContentReplaceBehavior [ RunTime:0.000140s ]
INFO: [ template_filter ] --END-- [ RunTime:0.000363s ]
NOTIC: [8] Undefined index: id E:\wamp\www\APP\Application\Runtime\Cache\Admin\c5e5a590f8def41735c09c7493f535ab.php 第 128 行.
NOTIC: [8] Undefined variable: data E:\wamp\www\APP\Application\Runtime\Cache\Admin\c5e5a590f8def41735c09c7493f535ab.php 第 134 行.
NOTIC: [8] Undefined variable: data E:\wamp\www\APP\Application\Runtime\Cache\Admin\c5e5a590f8def41735c09c7493f535ab.php 第 137 行.
NOTIC: [8] Undefined variable: data E:\wamp\www\APP\Application\Runtime\Cache\Admin\c5e5a590f8def41735c09c7493f535ab.php 第 146 行.
NOTIC: [8] Undefined variable: data E:\wamp\www\APP\Application\Runtime\Cache\Admin\c5e5a590f8def41735c09c7493f535ab.php 第 152 行.
NOTIC: [8] Undefined variable: data E:\wamp\www\APP\Application\Runtime\Cache\Admin\c5e5a590f8def41735c09c7493f535ab.php 第 158 行.
NOTIC: [8] Undefined variable: data E:\wamp\www\APP\Application\Runtime\Cache\Admin\c5e5a590f8def41735c09c7493f535ab.php 第 162 行.
INFO: Run Behavior\ParseTemplateBehavior [ RunTime:0.018292s ]
INFO: [ view_parse ] --END-- [ RunTime:0.018563s ]
INFO: [ view_filter ] --START--
INFO: Run Behavior\WriteHtmlCacheBehavior [ RunTime:0.000767s ]
INFO: [ view_filter ] --END-- [ RunTime:0.000991s ]
INFO: [ app_end ] --START--
INFO: Run Behavior\ShowPageTraceBehavior [ RunTime:0.001090s ]
INFO: [ app_end ] --END-- [ RunTime:0.001351s ]

