[ 2018-02-23T23:47:14+08:00 ] ::1 /APP/index.php/Admin/Public/logout
INFO: [ app_init ] --START--
INFO: Run Behavior\BuildLiteBehavior [ RunTime:0.000041s ]
INFO: [ app_init ] --END-- [ RunTime:0.006120s ]
INFO: [ app_begin ] --START--
INFO: Run Behavior\ReadHtmlCacheBehavior [ RunTime:0.001479s ]
INFO: [ app_begin ] --END-- [ RunTime:0.001684s ]

[ 2018-02-23T23:47:15+08:00 ] ::1 /APP/index.php/Admin/Public/login.html
INFO: [ app_init ] --START--
INFO: Run Behavior\BuildLiteBehavior [ RunTime:0.000032s ]
INFO: [ app_init ] --END-- [ RunTime:0.001476s ]
INFO: [ app_begin ] --START--
INFO: Run Behavior\ReadHtmlCacheBehavior [ RunTime:0.000784s ]
INFO: [ app_begin ] --END-- [ RunTime:0.000946s ]
INFO: [ view_parse ] --START--
INFO: [ template_filter ] --START--
INFO: Run Behavior\ContentReplaceBehavior [ RunTime:0.001921s ]
INFO: [ template_filter ] --END-- [ RunTime:0.002335s ]
INFO: Run Behavior\ParseTemplateBehavior [ RunTime:0.149518s ]
INFO: [ view_parse ] --END-- [ RunTime:0.149828s ]
INFO: [ view_filter ] --START--
INFO: Run Behavior\WriteHtmlCacheBehavior [ RunTime:0.013282s ]
INFO: [ view_filter ] --END-- [ RunTime:0.013650s ]
INFO: [ app_end ] --START--
INFO: Run Behavior\ShowPageTraceBehavior [ RunTime:0.010470s ]
INFO: [ app_end ] --END-- [ RunTime:0.011362s ]

[ 2018-02-23T23:47:16+08:00 ] ::1 /APP/index.php/Admin/Public/verify.html
INFO: [ app_init ] --START--
INFO: Run Behavior\BuildLiteBehavior [ RunTime:0.000052s ]
INFO: [ app_init ] --END-- [ RunTime:0.001150s ]
INFO: [ app_begin ] --START--
INFO: Run Behavior\ReadHtmlCacheBehavior [ RunTime:0.001895s ]
INFO: [ app_begin ] --END-- [ RunTime:0.002191s ]
INFO: [ app_end ] --START--
INFO: Run Behavior\ShowPageTraceBehavior [ RunTime:0.002398s ]
INFO: [ app_end ] --END-- [ RunTime:0.002860s ]

[ 2018-02-23T23:47:31+08:00 ] ::1 /APP/index.php/Admin/Public/checkLogin.html
INFO: [ app_init ] --START--
INFO: Run Behavior\BuildLiteBehavior [ RunTime:0.000036s ]
INFO: [ app_init ] --END-- [ RunTime:0.000836s ]
INFO: [ app_begin ] --START--
INFO: Run Behavior\ReadHtmlCacheBehavior [ RunTime:0.000805s ]
INFO: [ app_begin ] --END-- [ RunTime:0.000953s ]
SQL: SHOW COLUMNS FROM `nav_admin` [ RunTime:0.0179s ]
SQL: SELECT * FROM `nav_admin` WHERE `username` = 'mr' LIMIT 1   [ RunTime:0.0012s ]

[ 2018-02-23T23:47:33+08:00 ] ::1 /APP/index.php/Admin/Index/index.html
INFO: [ app_init ] --START--
INFO: Run Behavior\BuildLiteBehavior [ RunTime:0.000040s ]
INFO: [ app_init ] --END-- [ RunTime:0.000906s ]
INFO: [ app_begin ] --START--
INFO: Run Behavior\ReadHtmlCacheBehavior [ RunTime:0.000925s ]
INFO: [ app_begin ] --END-- [ RunTime:0.001118s ]

[ 2018-02-23T23:47:34+08:00 ] ::1 /APP/index.php/Admin/HighLevel/lists.html
INFO: [ app_init ] --START--
INFO: Run Behavior\BuildLiteBehavior [ RunTime:0.000072s ]
INFO: [ app_init ] --END-- [ RunTime:0.001610s ]
INFO: [ app_begin ] --START--
INFO: Run Behavior\ReadHtmlCacheBehavior [ RunTime:0.001636s ]
INFO: [ app_begin ] --END-- [ RunTime:0.001968s ]
SQL: SHOW COLUMNS FROM `nav_high_level` [ RunTime:0.0021s ]
SQL: SELECT COUNT(*) AS tp_count FROM `nav_high_level` LIMIT 1   [ RunTime:0.0003s ]
NOTIC: [8] Undefined variable: map E:\laragon\www\APP\Application\Admin\Controller\HighLevelController.class.php 第 29 行.
SQL: SELECT * FROM `nav_high_level` LIMIT 0,10   [ RunTime:0.0008s ]
INFO: [ view_parse ] --START--
NOTIC: [2] file_get_contents(./Application/Admin/View/Common/admin/footer.html): failed to open stream: No such file or directory E:\laragon\www\APP\ThinkPHP\Library\Think\Template.class.php 第 696 行.
INFO: [ template_filter ] --START--
INFO: Run Behavior\ContentReplaceBehavior [ RunTime:0.000345s ]
INFO: [ template_filter ] --END-- [ RunTime:0.000700s ]
NOTIC: [8] Undefined variable: keyword E:\laragon\www\APP\Application\Runtime\Cache\Admin\9c2beb313b914c6391b3fbbcdfe3fff0.php 第 146 行.
NOTIC: [8] Undefined index: p E:\laragon\www\APP\Application\Runtime\Cache\Admin\9c2beb313b914c6391b3fbbcdfe3fff0.php 第 157 行.
NOTIC: [8] Undefined index: entity_id E:\laragon\www\APP\Application\Runtime\Cache\Admin\9c2beb313b914c6391b3fbbcdfe3fff0.php 第 178 行.
NOTIC: [8] Undefined index: entity_id E:\laragon\www\APP\Application\Runtime\Cache\Admin\9c2beb313b914c6391b3fbbcdfe3fff0.php 第 179 行.
NOTIC: [8] Undefined index: entity_id E:\laragon\www\APP\Application\Runtime\Cache\Admin\9c2beb313b914c6391b3fbbcdfe3fff0.php 第 178 行.
NOTIC: [8] Undefined index: entity_id E:\laragon\www\APP\Application\Runtime\Cache\Admin\9c2beb313b914c6391b3fbbcdfe3fff0.php 第 179 行.
NOTIC: [8] Undefined index: entity_id E:\laragon\www\APP\Application\Runtime\Cache\Admin\9c2beb313b914c6391b3fbbcdfe3fff0.php 第 178 行.
NOTIC: [8] Undefined index: entity_id E:\laragon\www\APP\Application\Runtime\Cache\Admin\9c2beb313b914c6391b3fbbcdfe3fff0.php 第 179 行.
NOTIC: [8] Undefined index: entity_id E:\laragon\www\APP\Application\Runtime\Cache\Admin\9c2beb313b914c6391b3fbbcdfe3fff0.php 第 178 行.
NOTIC: [8] Undefined index: entity_id E:\laragon\www\APP\Application\Runtime\Cache\Admin\9c2beb313b914c6391b3fbbcdfe3fff0.php 第 179 行.
NOTIC: [8] Undefined index: entity_id E:\laragon\www\APP\Application\Runtime\Cache\Admin\9c2beb313b914c6391b3fbbcdfe3fff0.php 第 178 行.
NOTIC: [8] Undefined index: entity_id E:\laragon\www\APP\Application\Runtime\Cache\Admin\9c2beb313b914c6391b3fbbcdfe3fff0.php 第 179 行.
NOTIC: [8] Undefined index: entity_id E:\laragon\www\APP\Application\Runtime\Cache\Admin\9c2beb313b914c6391b3fbbcdfe3fff0.php 第 178 行.
NOTIC: [8] Undefined index: entity_id E:\laragon\www\APP\Application\Runtime\Cache\Admin\9c2beb313b914c6391b3fbbcdfe3fff0.php 第 179 行.
NOTIC: [8] Undefined index: entity_id E:\laragon\www\APP\Application\Runtime\Cache\Admin\9c2beb313b914c6391b3fbbcdfe3fff0.php 第 178 行.
NOTIC: [8] Undefined index: entity_id E:\laragon\www\APP\Application\Runtime\Cache\Admin\9c2beb313b914c6391b3fbbcdfe3fff0.php 第 179 行.
NOTIC: [8] Undefined index: entity_id E:\laragon\www\APP\Application\Runtime\Cache\Admin\9c2beb313b914c6391b3fbbcdfe3fff0.php 第 178 行.
NOTIC: [8] Undefined index: entity_id E:\laragon\www\APP\Application\Runtime\Cache\Admin\9c2beb313b914c6391b3fbbcdfe3fff0.php 第 179 行.
NOTIC: [8] Undefined index: entity_id E:\laragon\www\APP\Application\Runtime\Cache\Admin\9c2beb313b914c6391b3fbbcdfe3fff0.php 第 178 行.
NOTIC: [8] Undefined index: entity_id E:\laragon\www\APP\Application\Runtime\Cache\Admin\9c2beb313b914c6391b3fbbcdfe3fff0.php 第 179 行.
INFO: Run Behavior\ParseTemplateBehavior [ RunTime:0.165791s ]
INFO: [ view_parse ] --END-- [ RunTime:0.165961s ]
INFO: [ view_filter ] --START--
INFO: Run Behavior\WriteHtmlCacheBehavior [ RunTime:0.000865s ]
INFO: [ view_filter ] --END-- [ RunTime:0.001034s ]
INFO: [ app_end ] --START--
INFO: Run Behavior\ShowPageTraceBehavior [ RunTime:0.000928s ]
INFO: [ app_end ] --END-- [ RunTime:0.001112s ]

[ 2018-02-23T23:47:38+08:00 ] ::1 /APP/index.php/Admin/Hot/lists.html
INFO: [ app_init ] --START--
INFO: Run Behavior\BuildLiteBehavior [ RunTime:0.000034s ]
INFO: [ app_init ] --END-- [ RunTime:0.000772s ]
INFO: [ app_begin ] --START--
INFO: Run Behavior\ReadHtmlCacheBehavior [ RunTime:0.000781s ]
INFO: [ app_begin ] --END-- [ RunTime:0.000937s ]
INFO: [ view_parse ] --START--
NOTIC: [2] file_get_contents(./Application/Admin/View/Common/admin/footer.html): failed to open stream: No such file or directory E:\laragon\www\APP\ThinkPHP\Library\Think\Template.class.php 第 696 行.
INFO: [ template_filter ] --START--
INFO: Run Behavior\ContentReplaceBehavior [ RunTime:0.000348s ]
INFO: [ template_filter ] --END-- [ RunTime:0.000707s ]
NOTIC: [8] Undefined index: type E:\laragon\www\APP\Application\Runtime\Cache\Admin\5f5a152cff6220d4215ce3902f117f0b.php 第 129 行.
NOTIC: [8] Undefined index: type E:\laragon\www\APP\Application\Runtime\Cache\Admin\5f5a152cff6220d4215ce3902f117f0b.php 第 134 行.
NOTIC: [8] Undefined index: type E:\laragon\www\APP\Application\Runtime\Cache\Admin\5f5a152cff6220d4215ce3902f117f0b.php 第 139 行.
NOTIC: [8] Undefined variable: keyword E:\laragon\www\APP\Application\Runtime\Cache\Admin\5f5a152cff6220d4215ce3902f117f0b.php 第 162 行.
NOTIC: [8] Undefined index: p E:\laragon\www\APP\Application\Runtime\Cache\Admin\5f5a152cff6220d4215ce3902f117f0b.php 第 173 行.
NOTIC: [8] Undefined index: type E:\laragon\www\APP\Application\Runtime\Cache\Admin\5f5a152cff6220d4215ce3902f117f0b.php 第 182 行.
NOTIC: [8] Undefined variable:  E:\laragon\www\APP\Application\Runtime\Cache\Admin\5f5a152cff6220d4215ce3902f117f0b.php 第 182 行.
NOTIC: [8] Undefined index: type E:\laragon\www\APP\Application\Runtime\Cache\Admin\5f5a152cff6220d4215ce3902f117f0b.php 第 183 行.
NOTIC: [8] Undefined variable: hot E:\laragon\www\APP\Application\Runtime\Cache\Admin\5f5a152cff6220d4215ce3902f117f0b.php 第 193 行.
NOTIC: [8] Undefined variable: page E:\laragon\www\APP\Application\Runtime\Cache\Admin\5f5a152cff6220d4215ce3902f117f0b.php 第 220 行.
INFO: Run Behavior\ParseTemplateBehavior [ RunTime:0.143525s ]
INFO: [ view_parse ] --END-- [ RunTime:0.143664s ]
INFO: [ view_filter ] --START--
INFO: Run Behavior\WriteHtmlCacheBehavior [ RunTime:0.000576s ]
INFO: [ view_filter ] --END-- [ RunTime:0.000687s ]
INFO: [ app_end ] --START--
INFO: Run Behavior\ShowPageTraceBehavior [ RunTime:0.000666s ]
INFO: [ app_end ] --END-- [ RunTime:0.000789s ]

[ 2018-02-23T23:47:41+08:00 ] ::1 /APP/index.php/Admin/DataList/lists.html
INFO: [ app_init ] --START--
INFO: Run Behavior\BuildLiteBehavior [ RunTime:0.000032s ]
INFO: [ app_init ] --END-- [ RunTime:0.000746s ]
INFO: [ app_begin ] --START--
INFO: Run Behavior\ReadHtmlCacheBehavior [ RunTime:0.000771s ]
INFO: [ app_begin ] --END-- [ RunTime:0.000925s ]
SQL: SHOW COLUMNS FROM `nav_datalist` [ RunTime:0.0020s ]
NOTIC: [8] Undefined variable: map E:\laragon\www\APP\Application\Admin\Controller\DataListController.class.php 第 25 行.
SQL: SELECT COUNT(*) AS tp_count FROM `nav_datalist` LIMIT 1   [ RunTime:0.0005s ]
NOTIC: [8] Undefined variable: map E:\laragon\www\APP\Application\Admin\Controller\DataListController.class.php 第 29 行.
SQL: SELECT * FROM `nav_datalist` ORDER BY sort desc LIMIT 0,10   [ RunTime:0.0010s ]
INFO: [ view_parse ] --START--
NOTIC: [2] file_get_contents(./Application/Admin/View/Common/admin/footer.html): failed to open stream: No such file or directory E:\laragon\www\APP\ThinkPHP\Library\Think\Template.class.php 第 696 行.
INFO: [ template_filter ] --START--
INFO: Run Behavior\ContentReplaceBehavior [ RunTime:0.000153s ]
INFO: [ template_filter ] --END-- [ RunTime:0.000310s ]
NOTIC: [8] Undefined variable: keyword E:\laragon\www\APP\Application\Runtime\Cache\Admin\38e6bd4680dc044e2a5023db4d1c29df.php 第 146 行.
NOTIC: [8] Undefined index: p E:\laragon\www\APP\Application\Runtime\Cache\Admin\38e6bd4680dc044e2a5023db4d1c29df.php 第 157 行.
NOTIC: [8] Undefined index: entity_id E:\laragon\www\APP\Application\Runtime\Cache\Admin\38e6bd4680dc044e2a5023db4d1c29df.php 第 179 行.
NOTIC: [8] Undefined index: entity_id E:\laragon\www\APP\Application\Runtime\Cache\Admin\38e6bd4680dc044e2a5023db4d1c29df.php 第 180 行.
SQL: SELECT * FROM `nav_datalist` WHERE `id` = 101 LIMIT 1   [ RunTime:0.0005s ]
SQL: SHOW COLUMNS FROM `nav_middle_level` [ RunTime:0.0018s ]
SQL: SELECT `id`,`high_id`,`middle_name` FROM `nav_middle_level` WHERE `id` = 30 LIMIT 1   [ RunTime:0.0007s ]
SQL: SHOW COLUMNS FROM `nav_high_level` [ RunTime:0.0010s ]
SQL: SELECT `high_name` FROM `nav_high_level` WHERE `id` = 12 LIMIT 1   [ RunTime:0.0003s ]
SQL: SHOW COLUMNS FROM `nav_elementary_level` [ RunTime:0.0014s ]
SQL: SELECT `elementary_name` FROM `nav_elementary_level` WHERE `id` = 30 LIMIT 1   [ RunTime:0.0006s ]
NOTIC: [8] Undefined index: entity_id E:\laragon\www\APP\Application\Runtime\Cache\Admin\38e6bd4680dc044e2a5023db4d1c29df.php 第 179 行.
NOTIC: [8] Undefined index: entity_id E:\laragon\www\APP\Application\Runtime\Cache\Admin\38e6bd4680dc044e2a5023db4d1c29df.php 第 180 行.
SQL: SELECT * FROM `nav_datalist` WHERE `id` = 98 LIMIT 1   [ RunTime:0.0004s ]
SQL: SELECT `high_name` FROM `nav_high_level` WHERE `id` = 0 LIMIT 1   [ RunTime:0.0003s ]
NOTIC: [8] Undefined index: entity_id E:\laragon\www\APP\Application\Runtime\Cache\Admin\38e6bd4680dc044e2a5023db4d1c29df.php 第 179 行.
NOTIC: [8] Undefined index: entity_id E:\laragon\www\APP\Application\Runtime\Cache\Admin\38e6bd4680dc044e2a5023db4d1c29df.php 第 180 行.
SQL: SELECT * FROM `nav_datalist` WHERE `id` = 99 LIMIT 1   [ RunTime:0.0003s ]
SQL: SELECT `high_name` FROM `nav_high_level` WHERE `id` = 0 LIMIT 1   [ RunTime:0.0003s ]
NOTIC: [8] Undefined index: entity_id E:\laragon\www\APP\Application\Runtime\Cache\Admin\38e6bd4680dc044e2a5023db4d1c29df.php 第 179 行.
NOTIC: [8] Undefined index: entity_id E:\laragon\www\APP\Application\Runtime\Cache\Admin\38e6bd4680dc044e2a5023db4d1c29df.php 第 180 行.
SQL: SELECT * FROM `nav_datalist` WHERE `id` = 100 LIMIT 1   [ RunTime:0.0003s ]
SQL: SELECT `high_name` FROM `nav_high_level` WHERE `id` = 0 LIMIT 1   [ RunTime:0.0003s ]
NOTIC: [8] Undefined index: entity_id E:\laragon\www\APP\Application\Runtime\Cache\Admin\38e6bd4680dc044e2a5023db4d1c29df.php 第 179 行.
NOTIC: [8] Undefined index: entity_id E:\laragon\www\APP\Application\Runtime\Cache\Admin\38e6bd4680dc044e2a5023db4d1c29df.php 第 180 行.
SQL: SELECT * FROM `nav_datalist` WHERE `id` = 97 LIMIT 1   [ RunTime:0.0004s ]
SQL: SELECT `id`,`high_id`,`middle_name` FROM `nav_middle_level` WHERE `id` = 17 LIMIT 1   [ RunTime:0.0007s ]
SQL: SELECT `high_name` FROM `nav_high_level` WHERE `id` = 15 LIMIT 1   [ RunTime:0.0003s ]
SQL: SELECT `elementary_name` FROM `nav_elementary_level` WHERE `id` = 22 LIMIT 1   [ RunTime:0.0008s ]
NOTIC: [8] Undefined index: entity_id E:\laragon\www\APP\Application\Runtime\Cache\Admin\38e6bd4680dc044e2a5023db4d1c29df.php 第 179 行.
NOTIC: [8] Undefined index: entity_id E:\laragon\www\APP\Application\Runtime\Cache\Admin\38e6bd4680dc044e2a5023db4d1c29df.php 第 180 行.
SQL: SELECT * FROM `nav_datalist` WHERE `id` = 91 LIMIT 1   [ RunTime:0.0004s ]
SQL: SELECT `high_name` FROM `nav_high_level` WHERE `id` = 16 LIMIT 1   [ RunTime:0.0003s ]
NOTIC: [8] Undefined index: entity_id E:\laragon\www\APP\Application\Runtime\Cache\Admin\38e6bd4680dc044e2a5023db4d1c29df.php 第 179 行.
NOTIC: [8] Undefined index: entity_id E:\laragon\www\APP\Application\Runtime\Cache\Admin\38e6bd4680dc044e2a5023db4d1c29df.php 第 180 行.
SQL: SELECT * FROM `nav_datalist` WHERE `id` = 93 LIMIT 1   [ RunTime:0.0004s ]
SQL: SELECT `id`,`high_id`,`middle_name` FROM `nav_middle_level` WHERE `id` = 22 LIMIT 1   [ RunTime:0.0006s ]
SQL: SELECT `high_name` FROM `nav_high_level` WHERE `id` = 15 LIMIT 1   [ RunTime:0.0003s ]
SQL: SELECT `elementary_name` FROM `nav_elementary_level` WHERE `id` = 25 LIMIT 1   [ RunTime:0.0007s ]
NOTIC: [8] Undefined index: entity_id E:\laragon\www\APP\Application\Runtime\Cache\Admin\38e6bd4680dc044e2a5023db4d1c29df.php 第 179 行.
NOTIC: [8] Undefined index: entity_id E:\laragon\www\APP\Application\Runtime\Cache\Admin\38e6bd4680dc044e2a5023db4d1c29df.php 第 180 行.
SQL: SELECT * FROM `nav_datalist` WHERE `id` = 94 LIMIT 1   [ RunTime:0.0003s ]
SQL: SELECT `id`,`high_id`,`middle_name` FROM `nav_middle_level` WHERE `id` = 22 LIMIT 1   [ RunTime:0.0003s ]
SQL: SELECT `high_name` FROM `nav_high_level` WHERE `id` = 15 LIMIT 1   [ RunTime:0.0003s ]
SQL: SELECT `elementary_name` FROM `nav_elementary_level` WHERE `id` = 25 LIMIT 1   [ RunTime:0.0003s ]
NOTIC: [8] Undefined index: entity_id E:\laragon\www\APP\Application\Runtime\Cache\Admin\38e6bd4680dc044e2a5023db4d1c29df.php 第 179 行.
NOTIC: [8] Undefined index: entity_id E:\laragon\www\APP\Application\Runtime\Cache\Admin\38e6bd4680dc044e2a5023db4d1c29df.php 第 180 行.
SQL: SELECT * FROM `nav_datalist` WHERE `id` = 9 LIMIT 1   [ RunTime:0.0005s ]
SQL: SELECT `id`,`high_id`,`middle_name` FROM `nav_middle_level` WHERE `id` = 17 LIMIT 1   [ RunTime:0.0005s ]
SQL: SELECT `high_name` FROM `nav_high_level` WHERE `id` = 15 LIMIT 1   [ RunTime:0.0003s ]
SQL: SELECT `elementary_name` FROM `nav_elementary_level` WHERE `id` = 21 LIMIT 1   [ RunTime:0.0003s ]
NOTIC: [8] Undefined index: entity_id E:\laragon\www\APP\Application\Runtime\Cache\Admin\38e6bd4680dc044e2a5023db4d1c29df.php 第 179 行.
NOTIC: [8] Undefined index: entity_id E:\laragon\www\APP\Application\Runtime\Cache\Admin\38e6bd4680dc044e2a5023db4d1c29df.php 第 180 行.
SQL: SELECT * FROM `nav_datalist` WHERE `id` = 90 LIMIT 1   [ RunTime:0.0003s ]
SQL: SELECT `id`,`high_id`,`middle_name` FROM `nav_middle_level` WHERE `id` = 17 LIMIT 1   [ RunTime:0.0003s ]
SQL: SELECT `high_name` FROM `nav_high_level` WHERE `id` = 15 LIMIT 1   [ RunTime:0.0003s ]
SQL: SELECT `elementary_name` FROM `nav_elementary_level` WHERE `id` = 22 LIMIT 1   [ RunTime:0.0003s ]
INFO: Run Behavior\ParseTemplateBehavior [ RunTime:0.053401s ]
INFO: [ view_parse ] --END-- [ RunTime:0.053532s ]
INFO: [ view_filter ] --START--
INFO: Run Behavior\WriteHtmlCacheBehavior [ RunTime:0.000605s ]
INFO: [ view_filter ] --END-- [ RunTime:0.000705s ]
INFO: [ app_end ] --START--
INFO: Run Behavior\ShowPageTraceBehavior [ RunTime:0.000814s ]
INFO: [ app_end ] --END-- [ RunTime:0.000928s ]

[ 2018-02-23T23:47:48+08:00 ] ::1 /APP/index.php/Admin/DataList/delete/id/100.html
INFO: [ app_init ] --START--
INFO: Run Behavior\BuildLiteBehavior [ RunTime:0.000032s ]
INFO: [ app_init ] --END-- [ RunTime:0.000760s ]
INFO: [ app_begin ] --START--
INFO: Run Behavior\ReadHtmlCacheBehavior [ RunTime:0.000768s ]
INFO: [ app_begin ] --END-- [ RunTime:0.000898s ]
ERR: 非法操作:delete

[ 2018-02-23T23:47:50+08:00 ] ::1 /APP/index.php/Admin/DataList/delete/id/100.html
INFO: [ app_init ] --START--
INFO: Run Behavior\BuildLiteBehavior [ RunTime:0.000073s ]
INFO: [ app_init ] --END-- [ RunTime:0.001530s ]
INFO: [ app_begin ] --START--
INFO: Run Behavior\ReadHtmlCacheBehavior [ RunTime:0.001557s ]
INFO: [ app_begin ] --END-- [ RunTime:0.001859s ]
ERR: 非法操作:delete

[ 2018-02-23T23:47:52+08:00 ] ::1 /APP/index.php/Admin/DataList/delete/id/100.html
INFO: [ app_init ] --START--
INFO: Run Behavior\BuildLiteBehavior [ RunTime:0.000035s ]
INFO: [ app_init ] --END-- [ RunTime:0.000810s ]
INFO: [ app_begin ] --START--
INFO: Run Behavior\ReadHtmlCacheBehavior [ RunTime:0.000838s ]
INFO: [ app_begin ] --END-- [ RunTime:0.000983s ]
ERR: 非法操作:delete

[ 2018-02-23T23:47:52+08:00 ] ::1 /APP/index.php/Admin/DataList/delete/id/100.html
INFO: [ app_init ] --START--
INFO: Run Behavior\BuildLiteBehavior [ RunTime:0.000050s ]
INFO: [ app_init ] --END-- [ RunTime:0.001014s ]
INFO: [ app_begin ] --START--
INFO: Run Behavior\ReadHtmlCacheBehavior [ RunTime:0.001043s ]
INFO: [ app_begin ] --END-- [ RunTime:0.001251s ]
ERR: 非法操作:delete

[ 2018-02-23T23:47:53+08:00 ] ::1 /APP/index.php/Admin/DataList/delete/id/100.html
INFO: [ app_init ] --START--
INFO: Run Behavior\BuildLiteBehavior [ RunTime:0.000069s ]
INFO: [ app_init ] --END-- [ RunTime:0.001018s ]
INFO: [ app_begin ] --START--
INFO: Run Behavior\ReadHtmlCacheBehavior [ RunTime:0.001089s ]
INFO: [ app_begin ] --END-- [ RunTime:0.001293s ]
ERR: 非法操作:delete

[ 2018-02-23T23:47:53+08:00 ] ::1 /APP/index.php/Admin/DataList/delete/id/100.html
INFO: [ app_init ] --START--
INFO: Run Behavior\BuildLiteBehavior [ RunTime:0.000047s ]
INFO: [ app_init ] --END-- [ RunTime:0.001064s ]
INFO: [ app_begin ] --START--
INFO: Run Behavior\ReadHtmlCacheBehavior [ RunTime:0.001139s ]
INFO: [ app_begin ] --END-- [ RunTime:0.001342s ]
ERR: 非法操作:delete

[ 2018-02-23T23:47:57+08:00 ] ::1 /APP/index.php/Admin/ElementaryLevel/lists.html
INFO: [ app_init ] --START--
INFO: Run Behavior\BuildLiteBehavior [ RunTime:0.000032s ]
INFO: [ app_init ] --END-- [ RunTime:0.000761s ]
INFO: [ app_begin ] --START--
INFO: Run Behavior\ReadHtmlCacheBehavior [ RunTime:0.000704s ]
INFO: [ app_begin ] --END-- [ RunTime:0.000874s ]
SQL: SHOW COLUMNS FROM `nav_elementary_level` [ RunTime:0.0012s ]
NOTIC: [8] Undefined variable: map E:\laragon\www\APP\Application\Admin\Controller\ElementaryLevelController.class.php 第 25 行.
SQL: SELECT COUNT(*) AS tp_count FROM `nav_elementary_level` LIMIT 1   [ RunTime:0.0003s ]
NOTIC: [8] Undefined variable: map E:\laragon\www\APP\Application\Admin\Controller\ElementaryLevelController.class.php 第 29 行.
SQL: SELECT * FROM `nav_elementary_level` ORDER BY sort desc LIMIT 0,10   [ RunTime:0.0004s ]
INFO: [ view_parse ] --START--
NOTIC: [2] file_get_contents(./Application/Admin/View/Common/admin/footer.html): failed to open stream: No such file or directory E:\laragon\www\APP\ThinkPHP\Library\Think\Template.class.php 第 696 行.
INFO: [ template_filter ] --START--
INFO: Run Behavior\ContentReplaceBehavior [ RunTime:0.000147s ]
INFO: [ template_filter ] --END-- [ RunTime:0.000322s ]
NOTIC: [8] Undefined variable: keyword E:\laragon\www\APP\Application\Runtime\Cache\Admin\756ab8553d3f81609a91e0b03f281eb2.php 第 142 行.
NOTIC: [8] Undefined index: p E:\laragon\www\APP\Application\Runtime\Cache\Admin\756ab8553d3f81609a91e0b03f281eb2.php 第 153 行.
NOTIC: [8] Undefined index: entity_id E:\laragon\www\APP\Application\Runtime\Cache\Admin\756ab8553d3f81609a91e0b03f281eb2.php 第 172 行.
NOTIC: [8] Undefined index: entity_id E:\laragon\www\APP\Application\Runtime\Cache\Admin\756ab8553d3f81609a91e0b03f281eb2.php 第 173 行.
SQL: SHOW COLUMNS FROM `nav_middle_level` [ RunTime:0.0010s ]
SQL: SELECT `id`,`high_id`,`middle_name` FROM `nav_middle_level` WHERE `id` = 29 LIMIT 1   [ RunTime:0.0003s ]
SQL: SHOW COLUMNS FROM `nav_high_level` [ RunTime:0.0009s ]
SQL: SELECT `high_name` FROM `nav_high_level` WHERE `id` = 12 LIMIT 1   [ RunTime:0.0003s ]
NOTIC: [8] Undefined index: entity_id E:\laragon\www\APP\Application\Runtime\Cache\Admin\756ab8553d3f81609a91e0b03f281eb2.php 第 172 行.
NOTIC: [8] Undefined index: entity_id E:\laragon\www\APP\Application\Runtime\Cache\Admin\756ab8553d3f81609a91e0b03f281eb2.php 第 173 行.
SQL: SELECT `id`,`high_id`,`middle_name` FROM `nav_middle_level` WHERE `id` = 17 LIMIT 1   [ RunTime:0.0003s ]
SQL: SELECT `high_name` FROM `nav_high_level` WHERE `id` = 15 LIMIT 1   [ RunTime:0.0003s ]
NOTIC: [8] Undefined index: entity_id E:\laragon\www\APP\Application\Runtime\Cache\Admin\756ab8553d3f81609a91e0b03f281eb2.php 第 172 行.
NOTIC: [8] Undefined index: entity_id E:\laragon\www\APP\Application\Runtime\Cache\Admin\756ab8553d3f81609a91e0b03f281eb2.php 第 173 行.
SQL: SELECT `id`,`high_id`,`middle_name` FROM `nav_middle_level` WHERE `id` = 30 LIMIT 1   [ RunTime:0.0003s ]
SQL: SELECT `high_name` FROM `nav_high_level` WHERE `id` = 12 LIMIT 1   [ RunTime:0.0003s ]
NOTIC: [8] Undefined index: entity_id E:\laragon\www\APP\Application\Runtime\Cache\Admin\756ab8553d3f81609a91e0b03f281eb2.php 第 172 行.
NOTIC: [8] Undefined index: entity_id E:\laragon\www\APP\Application\Runtime\Cache\Admin\756ab8553d3f81609a91e0b03f281eb2.php 第 173 行.
SQL: SELECT `id`,`high_id`,`middle_name` FROM `nav_middle_level` WHERE `id` = 16 LIMIT 1   [ RunTime:0.0003s ]
SQL: SELECT `high_name` FROM `nav_high_level` WHERE `id` = 13 LIMIT 1   [ RunTime:0.0003s ]
NOTIC: [8] Undefined index: entity_id E:\laragon\www\APP\Application\Runtime\Cache\Admin\756ab8553d3f81609a91e0b03f281eb2.php 第 172 行.
NOTIC: [8] Undefined index: entity_id E:\laragon\www\APP\Application\Runtime\Cache\Admin\756ab8553d3f81609a91e0b03f281eb2.php 第 173 行.
SQL: SELECT `id`,`high_id`,`middle_name` FROM `nav_middle_level` WHERE `id` = 17 LIMIT 1   [ RunTime:0.0003s ]
SQL: SELECT `high_name` FROM `nav_high_level` WHERE `id` = 15 LIMIT 1   [ RunTime:0.0003s ]
NOTIC: [8] Undefined index: entity_id E:\laragon\www\APP\Application\Runtime\Cache\Admin\756ab8553d3f81609a91e0b03f281eb2.php 第 172 行.
NOTIC: [8] Undefined index: entity_id E:\laragon\www\APP\Application\Runtime\Cache\Admin\756ab8553d3f81609a91e0b03f281eb2.php 第 173 行.
SQL: SELECT `id`,`high_id`,`middle_name` FROM `nav_middle_level` WHERE `id` = 17 LIMIT 1   [ RunTime:0.0003s ]
SQL: SELECT `high_name` FROM `nav_high_level` WHERE `id` = 15 LIMIT 1   [ RunTime:0.0003s ]
NOTIC: [8] Undefined index: entity_id E:\laragon\www\APP\Application\Runtime\Cache\Admin\756ab8553d3f81609a91e0b03f281eb2.php 第 172 行.
NOTIC: [8] Undefined index: entity_id E:\laragon\www\APP\Application\Runtime\Cache\Admin\756ab8553d3f81609a91e0b03f281eb2.php 第 173 行.
SQL: SELECT `id`,`high_id`,`middle_name` FROM `nav_middle_level` WHERE `id` = 22 LIMIT 1   [ RunTime:0.0003s ]
SQL: SELECT `high_name` FROM `nav_high_level` WHERE `id` = 15 LIMIT 1   [ RunTime:0.0003s ]
NOTIC: [8] Undefined index: entity_id E:\laragon\www\APP\Application\Runtime\Cache\Admin\756ab8553d3f81609a91e0b03f281eb2.php 第 172 行.
NOTIC: [8] Undefined index: entity_id E:\laragon\www\APP\Application\Runtime\Cache\Admin\756ab8553d3f81609a91e0b03f281eb2.php 第 173 行.
SQL: SELECT `id`,`high_id`,`middle_name` FROM `nav_middle_level` WHERE `id` = 16 LIMIT 1   [ RunTime:0.0003s ]
SQL: SELECT `high_name` FROM `nav_high_level` WHERE `id` = 13 LIMIT 1   [ RunTime:0.0003s ]
NOTIC: [8] Undefined index: entity_id E:\laragon\www\APP\Application\Runtime\Cache\Admin\756ab8553d3f81609a91e0b03f281eb2.php 第 172 行.
NOTIC: [8] Undefined index: entity_id E:\laragon\www\APP\Application\Runtime\Cache\Admin\756ab8553d3f81609a91e0b03f281eb2.php 第 173 行.
SQL: SELECT `id`,`high_id`,`middle_name` FROM `nav_middle_level` WHERE `id` = 17 LIMIT 1   [ RunTime:0.0003s ]
SQL: SELECT `high_name` FROM `nav_high_level` WHERE `id` = 15 LIMIT 1   [ RunTime:0.0003s ]
NOTIC: [8] Undefined index: entity_id E:\laragon\www\APP\Application\Runtime\Cache\Admin\756ab8553d3f81609a91e0b03f281eb2.php 第 172 行.
NOTIC: [8] Undefined index: entity_id E:\laragon\www\APP\Application\Runtime\Cache\Admin\756ab8553d3f81609a91e0b03f281eb2.php 第 173 行.
SQL: SELECT `id`,`high_id`,`middle_name` FROM `nav_middle_level` WHERE `id` = 17 LIMIT 1   [ RunTime:0.0003s ]
SQL: SELECT `high_name` FROM `nav_high_level` WHERE `id` = 15 LIMIT 1   [ RunTime:0.0003s ]
INFO: Run Behavior\ParseTemplateBehavior [ RunTime:0.068296s ]
INFO: [ view_parse ] --END-- [ RunTime:0.068437s ]
INFO: [ view_filter ] --START--
INFO: Run Behavior\WriteHtmlCacheBehavior [ RunTime:0.000675s ]
INFO: [ view_filter ] --END-- [ RunTime:0.000789s ]
INFO: [ app_end ] --START--
INFO: Run Behavior\ShowPageTraceBehavior [ RunTime:0.000782s ]
INFO: [ app_end ] --END-- [ RunTime:0.000929s ]

[ 2018-02-23T23:47:59+08:00 ] ::1 /APP/index.php/Admin/ElementaryLevel/lists.html
INFO: [ app_init ] --START--
INFO: Run Behavior\BuildLiteBehavior [ RunTime:0.000024s ]
INFO: [ app_init ] --END-- [ RunTime:0.000606s ]
INFO: [ app_begin ] --START--
INFO: Run Behavior\ReadHtmlCacheBehavior [ RunTime:0.000594s ]
INFO: [ app_begin ] --END-- [ RunTime:0.000710s ]
SQL: SHOW COLUMNS FROM `nav_elementary_level` [ RunTime:0.0008s ]
NOTIC: [8] Undefined variable: map E:\laragon\www\APP\Application\Admin\Controller\ElementaryLevelController.class.php 第 25 行.
SQL: SELECT COUNT(*) AS tp_count FROM `nav_elementary_level` LIMIT 1   [ RunTime:0.0003s ]
NOTIC: [8] Undefined variable: map E:\laragon\www\APP\Application\Admin\Controller\ElementaryLevelController.class.php 第 29 行.
SQL: SELECT * FROM `nav_elementary_level` ORDER BY sort desc LIMIT 0,10   [ RunTime:0.0003s ]
INFO: [ view_parse ] --START--
NOTIC: [2] file_get_contents(./Application/Admin/View/Common/admin/footer.html): failed to open stream: No such file or directory E:\laragon\www\APP\ThinkPHP\Library\Think\Template.class.php 第 696 行.
INFO: [ template_filter ] --START--
INFO: Run Behavior\ContentReplaceBehavior [ RunTime:0.000103s ]
INFO: [ template_filter ] --END-- [ RunTime:0.000252s ]
NOTIC: [8] Undefined variable: keyword E:\laragon\www\APP\Application\Runtime\Cache\Admin\756ab8553d3f81609a91e0b03f281eb2.php 第 142 行.
NOTIC: [8] Undefined index: p E:\laragon\www\APP\Application\Runtime\Cache\Admin\756ab8553d3f81609a91e0b03f281eb2.php 第 153 行.
NOTIC: [8] Undefined index: entity_id E:\laragon\www\APP\Application\Runtime\Cache\Admin\756ab8553d3f81609a91e0b03f281eb2.php 第 172 行.
NOTIC: [8] Undefined index: entity_id E:\laragon\www\APP\Application\Runtime\Cache\Admin\756ab8553d3f81609a91e0b03f281eb2.php 第 173 行.
SQL: SHOW COLUMNS FROM `nav_middle_level` [ RunTime:0.0008s ]
SQL: SELECT `id`,`high_id`,`middle_name` FROM `nav_middle_level` WHERE `id` = 29 LIMIT 1   [ RunTime:0.0003s ]
SQL: SHOW COLUMNS FROM `nav_high_level` [ RunTime:0.0007s ]
SQL: SELECT `high_name` FROM `nav_high_level` WHERE `id` = 12 LIMIT 1   [ RunTime:0.0004s ]
NOTIC: [8] Undefined index: entity_id E:\laragon\www\APP\Application\Runtime\Cache\Admin\756ab8553d3f81609a91e0b03f281eb2.php 第 172 行.
NOTIC: [8] Undefined index: entity_id E:\laragon\www\APP\Application\Runtime\Cache\Admin\756ab8553d3f81609a91e0b03f281eb2.php 第 173 行.
SQL: SELECT `id`,`high_id`,`middle_name` FROM `nav_middle_level` WHERE `id` = 17 LIMIT 1   [ RunTime:0.0005s ]
SQL: SELECT `high_name` FROM `nav_high_level` WHERE `id` = 15 LIMIT 1   [ RunTime:0.0003s ]
NOTIC: [8] Undefined index: entity_id E:\laragon\www\APP\Application\Runtime\Cache\Admin\756ab8553d3f81609a91e0b03f281eb2.php 第 172 行.
NOTIC: [8] Undefined index: entity_id E:\laragon\www\APP\Application\Runtime\Cache\Admin\756ab8553d3f81609a91e0b03f281eb2.php 第 173 行.
SQL: SELECT `id`,`high_id`,`middle_name` FROM `nav_middle_level` WHERE `id` = 30 LIMIT 1   [ RunTime:0.0003s ]
SQL: SELECT `high_name` FROM `nav_high_level` WHERE `id` = 12 LIMIT 1   [ RunTime:0.0005s ]
NOTIC: [8] Undefined index: entity_id E:\laragon\www\APP\Application\Runtime\Cache\Admin\756ab8553d3f81609a91e0b03f281eb2.php 第 172 行.
NOTIC: [8] Undefined index: entity_id E:\laragon\www\APP\Application\Runtime\Cache\Admin\756ab8553d3f81609a91e0b03f281eb2.php 第 173 行.
SQL: SELECT `id`,`high_id`,`middle_name` FROM `nav_middle_level` WHERE `id` = 16 LIMIT 1   [ RunTime:0.0003s ]
SQL: SELECT `high_name` FROM `nav_high_level` WHERE `id` = 13 LIMIT 1   [ RunTime:0.0003s ]
NOTIC: [8] Undefined index: entity_id E:\laragon\www\APP\Application\Runtime\Cache\Admin\756ab8553d3f81609a91e0b03f281eb2.php 第 172 行.
NOTIC: [8] Undefined index: entity_id E:\laragon\www\APP\Application\Runtime\Cache\Admin\756ab8553d3f81609a91e0b03f281eb2.php 第 173 行.
SQL: SELECT `id`,`high_id`,`middle_name` FROM `nav_middle_level` WHERE `id` = 17 LIMIT 1   [ RunTime:0.0003s ]
SQL: SELECT `high_name` FROM `nav_high_level` WHERE `id` = 15 LIMIT 1   [ RunTime:0.0003s ]
NOTIC: [8] Undefined index: entity_id E:\laragon\www\APP\Application\Runtime\Cache\Admin\756ab8553d3f81609a91e0b03f281eb2.php 第 172 行.
NOTIC: [8] Undefined index: entity_id E:\laragon\www\APP\Application\Runtime\Cache\Admin\756ab8553d3f81609a91e0b03f281eb2.php 第 173 行.
SQL: SELECT `id`,`high_id`,`middle_name` FROM `nav_middle_level` WHERE `id` = 17 LIMIT 1   [ RunTime:0.0003s ]
SQL: SELECT `high_name` FROM `nav_high_level` WHERE `id` = 15 LIMIT 1   [ RunTime:0.0003s ]
NOTIC: [8] Undefined index: entity_id E:\laragon\www\APP\Application\Runtime\Cache\Admin\756ab8553d3f81609a91e0b03f281eb2.php 第 172 行.
NOTIC: [8] Undefined index: entity_id E:\laragon\www\APP\Application\Runtime\Cache\Admin\756ab8553d3f81609a91e0b03f281eb2.php 第 173 行.
SQL: SELECT `id`,`high_id`,`middle_name` FROM `nav_middle_level` WHERE `id` = 22 LIMIT 1   [ RunTime:0.0003s ]
SQL: SELECT `high_name` FROM `nav_high_level` WHERE `id` = 15 LIMIT 1   [ RunTime:0.0003s ]
NOTIC: [8] Undefined index: entity_id E:\laragon\www\APP\Application\Runtime\Cache\Admin\756ab8553d3f81609a91e0b03f281eb2.php 第 172 行.
NOTIC: [8] Undefined index: entity_id E:\laragon\www\APP\Application\Runtime\Cache\Admin\756ab8553d3f81609a91e0b03f281eb2.php 第 173 行.
SQL: SELECT `id`,`high_id`,`middle_name` FROM `nav_middle_level` WHERE `id` = 16 LIMIT 1   [ RunTime:0.0003s ]
SQL: SELECT `high_name` FROM `nav_high_level` WHERE `id` = 13 LIMIT 1   [ RunTime:0.0003s ]
NOTIC: [8] Undefined index: entity_id E:\laragon\www\APP\Application\Runtime\Cache\Admin\756ab8553d3f81609a91e0b03f281eb2.php 第 172 行.
NOTIC: [8] Undefined index: entity_id E:\laragon\www\APP\Application\Runtime\Cache\Admin\756ab8553d3f81609a91e0b03f281eb2.php 第 173 行.
SQL: SELECT `id`,`high_id`,`middle_name` FROM `nav_middle_level` WHERE `id` = 17 LIMIT 1   [ RunTime:0.0003s ]
SQL: SELECT `high_name` FROM `nav_high_level` WHERE `id` = 15 LIMIT 1   [ RunTime:0.0003s ]
NOTIC: [8] Undefined index: entity_id E:\laragon\www\APP\Application\Runtime\Cache\Admin\756ab8553d3f81609a91e0b03f281eb2.php 第 172 行.
NOTIC: [8] Undefined index: entity_id E:\laragon\www\APP\Application\Runtime\Cache\Admin\756ab8553d3f81609a91e0b03f281eb2.php 第 173 行.
SQL: SELECT `id`,`high_id`,`middle_name` FROM `nav_middle_level` WHERE `id` = 17 LIMIT 1   [ RunTime:0.0003s ]
SQL: SELECT `high_name` FROM `nav_high_level` WHERE `id` = 15 LIMIT 1   [ RunTime:0.0004s ]
INFO: Run Behavior\ParseTemplateBehavior [ RunTime:0.037417s ]
INFO: [ view_parse ] --END-- [ RunTime:0.037571s ]
INFO: [ view_filter ] --START--
INFO: Run Behavior\WriteHtmlCacheBehavior [ RunTime:0.000811s ]
INFO: [ view_filter ] --END-- [ RunTime:0.000995s ]
INFO: [ app_end ] --START--
INFO: Run Behavior\ShowPageTraceBehavior [ RunTime:0.000891s ]
INFO: [ app_end ] --END-- [ RunTime:0.001111s ]

[ 2018-02-23T23:48:03+08:00 ] ::1 /APP/index.php/Admin/ElementaryLevel/lists.html
INFO: [ app_init ] --START--
INFO: Run Behavior\BuildLiteBehavior [ RunTime:0.000030s ]
INFO: [ app_init ] --END-- [ RunTime:0.000710s ]
INFO: [ app_begin ] --START--
INFO: Run Behavior\ReadHtmlCacheBehavior [ RunTime:0.001411s ]
INFO: [ app_begin ] --END-- [ RunTime:0.001757s ]
SQL: SHOW COLUMNS FROM `nav_elementary_level` [ RunTime:0.0010s ]
NOTIC: [8] Undefined variable: map E:\laragon\www\APP\Application\Admin\Controller\ElementaryLevelController.class.php 第 25 行.
SQL: SELECT COUNT(*) AS tp_count FROM `nav_elementary_level` LIMIT 1   [ RunTime:0.0004s ]
NOTIC: [8] Undefined variable: map E:\laragon\www\APP\Application\Admin\Controller\ElementaryLevelController.class.php 第 29 行.
SQL: SELECT * FROM `nav_elementary_level` ORDER BY sort desc LIMIT 0,10   [ RunTime:0.0005s ]
INFO: [ view_parse ] --START--
NOTIC: [2] file_get_contents(./Application/Admin/View/Common/admin/footer.html): failed to open stream: No such file or directory E:\laragon\www\APP\ThinkPHP\Library\Think\Template.class.php 第 696 行.
INFO: [ template_filter ] --START--
INFO: Run Behavior\ContentReplaceBehavior [ RunTime:0.000102s ]
INFO: [ template_filter ] --END-- [ RunTime:0.000220s ]
NOTIC: [8] Undefined variable: keyword E:\laragon\www\APP\Application\Runtime\Cache\Admin\756ab8553d3f81609a91e0b03f281eb2.php 第 142 行.
NOTIC: [8] Undefined index: p E:\laragon\www\APP\Application\Runtime\Cache\Admin\756ab8553d3f81609a91e0b03f281eb2.php 第 153 行.
NOTIC: [8] Undefined index: entity_id E:\laragon\www\APP\Application\Runtime\Cache\Admin\756ab8553d3f81609a91e0b03f281eb2.php 第 172 行.
NOTIC: [8] Undefined index: entity_id E:\laragon\www\APP\Application\Runtime\Cache\Admin\756ab8553d3f81609a91e0b03f281eb2.php 第 173 行.
SQL: SHOW COLUMNS FROM `nav_middle_level` [ RunTime:0.0008s ]
SQL: SELECT `id`,`high_id`,`middle_name` FROM `nav_middle_level` WHERE `id` = 29 LIMIT 1   [ RunTime:0.0003s ]
SQL: SHOW COLUMNS FROM `nav_high_level` [ RunTime:0.0007s ]
SQL: SELECT `high_name` FROM `nav_high_level` WHERE `id` = 12 LIMIT 1   [ RunTime:0.0003s ]
NOTIC: [8] Undefined index: entity_id E:\laragon\www\APP\Application\Runtime\Cache\Admin\756ab8553d3f81609a91e0b03f281eb2.php 第 172 行.
NOTIC: [8] Undefined index: entity_id E:\laragon\www\APP\Application\Runtime\Cache\Admin\756ab8553d3f81609a91e0b03f281eb2.php 第 173 行.
SQL: SELECT `id`,`high_id`,`middle_name` FROM `nav_middle_level` WHERE `id` = 17 LIMIT 1   [ RunTime:0.0003s ]
SQL: SELECT `high_name` FROM `nav_high_level` WHERE `id` = 15 LIMIT 1   [ RunTime:0.0003s ]
NOTIC: [8] Undefined index: entity_id E:\laragon\www\APP\Application\Runtime\Cache\Admin\756ab8553d3f81609a91e0b03f281eb2.php 第 172 行.
NOTIC: [8] Undefined index: entity_id E:\laragon\www\APP\Application\Runtime\Cache\Admin\756ab8553d3f81609a91e0b03f281eb2.php 第 173 行.
SQL: SELECT `id`,`high_id`,`middle_name` FROM `nav_middle_level` WHERE `id` = 30 LIMIT 1   [ RunTime:0.0003s ]
SQL: SELECT `high_name` FROM `nav_high_level` WHERE `id` = 12 LIMIT 1   [ RunTime:0.0003s ]
NOTIC: [8] Undefined index: entity_id E:\laragon\www\APP\Application\Runtime\Cache\Admin\756ab8553d3f81609a91e0b03f281eb2.php 第 172 行.
NOTIC: [8] Undefined index: entity_id E:\laragon\www\APP\Application\Runtime\Cache\Admin\756ab8553d3f81609a91e0b03f281eb2.php 第 173 行.
SQL: SELECT `id`,`high_id`,`middle_name` FROM `nav_middle_level` WHERE `id` = 16 LIMIT 1   [ RunTime:0.0003s ]
SQL: SELECT `high_name` FROM `nav_high_level` WHERE `id` = 13 LIMIT 1   [ RunTime:0.0003s ]
NOTIC: [8] Undefined index: entity_id E:\laragon\www\APP\Application\Runtime\Cache\Admin\756ab8553d3f81609a91e0b03f281eb2.php 第 172 行.
NOTIC: [8] Undefined index: entity_id E:\laragon\www\APP\Application\Runtime\Cache\Admin\756ab8553d3f81609a91e0b03f281eb2.php 第 173 行.
SQL: SELECT `id`,`high_id`,`middle_name` FROM `nav_middle_level` WHERE `id` = 17 LIMIT 1   [ RunTime:0.0003s ]
SQL: SELECT `high_name` FROM `nav_high_level` WHERE `id` = 15 LIMIT 1   [ RunTime:0.0003s ]
NOTIC: [8] Undefined index: entity_id E:\laragon\www\APP\Application\Runtime\Cache\Admin\756ab8553d3f81609a91e0b03f281eb2.php 第 172 行.
NOTIC: [8] Undefined index: entity_id E:\laragon\www\APP\Application\Runtime\Cache\Admin\756ab8553d3f81609a91e0b03f281eb2.php 第 173 行.
SQL: SELECT `id`,`high_id`,`middle_name` FROM `nav_middle_level` WHERE `id` = 17 LIMIT 1   [ RunTime:0.0003s ]
SQL: SELECT `high_name` FROM `nav_high_level` WHERE `id` = 15 LIMIT 1   [ RunTime:0.0003s ]
NOTIC: [8] Undefined index: entity_id E:\laragon\www\APP\Application\Runtime\Cache\Admin\756ab8553d3f81609a91e0b03f281eb2.php 第 172 行.
NOTIC: [8] Undefined index: entity_id E:\laragon\www\APP\Application\Runtime\Cache\Admin\756ab8553d3f81609a91e0b03f281eb2.php 第 173 行.
SQL: SELECT `id`,`high_id`,`middle_name` FROM `nav_middle_level` WHERE `id` = 22 LIMIT 1   [ RunTime:0.0003s ]
SQL: SELECT `high_name` FROM `nav_high_level` WHERE `id` = 15 LIMIT 1   [ RunTime:0.0004s ]
NOTIC: [8] Undefined index: entity_id E:\laragon\www\APP\Application\Runtime\Cache\Admin\756ab8553d3f81609a91e0b03f281eb2.php 第 172 行.
NOTIC: [8] Undefined index: entity_id E:\laragon\www\APP\Application\Runtime\Cache\Admin\756ab8553d3f81609a91e0b03f281eb2.php 第 173 行.
SQL: SELECT `id`,`high_id`,`middle_name` FROM `nav_middle_level` WHERE `id` = 16 LIMIT 1   [ RunTime:0.0004s ]
SQL: SELECT `high_name` FROM `nav_high_level` WHERE `id` = 13 LIMIT 1   [ RunTime:0.0004s ]
NOTIC: [8] Undefined index: entity_id E:\laragon\www\APP\Application\Runtime\Cache\Admin\756ab8553d3f81609a91e0b03f281eb2.php 第 172 行.
NOTIC: [8] Undefined index: entity_id E:\laragon\www\APP\Application\Runtime\Cache\Admin\756ab8553d3f81609a91e0b03f281eb2.php 第 173 行.
SQL: SELECT `id`,`high_id`,`middle_name` FROM `nav_middle_level` WHERE `id` = 17 LIMIT 1   [ RunTime:0.0003s ]
SQL: SELECT `high_name` FROM `nav_high_level` WHERE `id` = 15 LIMIT 1   [ RunTime:0.0004s ]
NOTIC: [8] Undefined index: entity_id E:\laragon\www\APP\Application\Runtime\Cache\Admin\756ab8553d3f81609a91e0b03f281eb2.php 第 172 行.
NOTIC: [8] Undefined index: entity_id E:\laragon\www\APP\Application\Runtime\Cache\Admin\756ab8553d3f81609a91e0b03f281eb2.php 第 173 行.
SQL: SELECT `id`,`high_id`,`middle_name` FROM `nav_middle_level` WHERE `id` = 17 LIMIT 1   [ RunTime:0.0003s ]
SQL: SELECT `high_name` FROM `nav_high_level` WHERE `id` = 15 LIMIT 1   [ RunTime:0.0003s ]
INFO: Run Behavior\ParseTemplateBehavior [ RunTime:0.034096s ]
INFO: [ view_parse ] --END-- [ RunTime:0.034206s ]
INFO: [ view_filter ] --START--
INFO: Run Behavior\WriteHtmlCacheBehavior [ RunTime:0.000673s ]
INFO: [ view_filter ] --END-- [ RunTime:0.000801s ]
INFO: [ app_end ] --START--
INFO: Run Behavior\ShowPageTraceBehavior [ RunTime:0.001192s ]
INFO: [ app_end ] --END-- [ RunTime:0.001460s ]

[ 2018-02-23T23:48:08+08:00 ] ::1 /APP/index.php/Admin/ElementaryLevel/lists.html
INFO: [ app_init ] --START--
INFO: Run Behavior\BuildLiteBehavior [ RunTime:0.000023s ]
INFO: [ app_init ] --END-- [ RunTime:0.000614s ]
INFO: [ app_begin ] --START--
INFO: Run Behavior\ReadHtmlCacheBehavior [ RunTime:0.000867s ]
INFO: [ app_begin ] --END-- [ RunTime:0.000982s ]
SQL: SHOW COLUMNS FROM `nav_elementary_level` [ RunTime:0.0010s ]
NOTIC: [8] Undefined variable: map E:\laragon\www\APP\Application\Admin\Controller\ElementaryLevelController.class.php 第 25 行.
SQL: SELECT COUNT(*) AS tp_count FROM `nav_elementary_level` LIMIT 1   [ RunTime:0.0003s ]
NOTIC: [8] Undefined variable: map E:\laragon\www\APP\Application\Admin\Controller\ElementaryLevelController.class.php 第 29 行.
SQL: SELECT * FROM `nav_elementary_level` ORDER BY sort desc LIMIT 0,10   [ RunTime:0.0004s ]
INFO: [ view_parse ] --START--
NOTIC: [2] file_get_contents(./Application/Admin/View/Common/admin/footer.html): failed to open stream: No such file or directory E:\laragon\www\APP\ThinkPHP\Library\Think\Template.class.php 第 696 行.
INFO: [ template_filter ] --START--
INFO: Run Behavior\ContentReplaceBehavior [ RunTime:0.000110s ]
INFO: [ template_filter ] --END-- [ RunTime:0.000240s ]
NOTIC: [8] Undefined variable: keyword E:\laragon\www\APP\Application\Runtime\Cache\Admin\756ab8553d3f81609a91e0b03f281eb2.php 第 142 行.
NOTIC: [8] Undefined index: p E:\laragon\www\APP\Application\Runtime\Cache\Admin\756ab8553d3f81609a91e0b03f281eb2.php 第 153 行.
NOTIC: [8] Undefined index: entity_id E:\laragon\www\APP\Application\Runtime\Cache\Admin\756ab8553d3f81609a91e0b03f281eb2.php 第 172 行.
NOTIC: [8] Undefined index: entity_id E:\laragon\www\APP\Application\Runtime\Cache\Admin\756ab8553d3f81609a91e0b03f281eb2.php 第 173 行.
SQL: SHOW COLUMNS FROM `nav_middle_level` [ RunTime:0.0011s ]
SQL: SELECT `id`,`high_id`,`middle_name` FROM `nav_middle_level` WHERE `id` = 29 LIMIT 1   [ RunTime:0.0003s ]
SQL: SHOW COLUMNS FROM `nav_high_level` [ RunTime:0.0008s ]
SQL: SELECT `high_name` FROM `nav_high_level` WHERE `id` = 12 LIMIT 1   [ RunTime:0.0002s ]
NOTIC: [8] Undefined index: entity_id E:\laragon\www\APP\Application\Runtime\Cache\Admin\756ab8553d3f81609a91e0b03f281eb2.php 第 172 行.
NOTIC: [8] Undefined index: entity_id E:\laragon\www\APP\Application\Runtime\Cache\Admin\756ab8553d3f81609a91e0b03f281eb2.php 第 173 行.
SQL: SELECT `id`,`high_id`,`middle_name` FROM `nav_middle_level` WHERE `id` = 17 LIMIT 1   [ RunTime:0.0003s ]
SQL: SELECT `high_name` FROM `nav_high_level` WHERE `id` = 15 LIMIT 1   [ RunTime:0.0002s ]
NOTIC: [8] Undefined index: entity_id E:\laragon\www\APP\Application\Runtime\Cache\Admin\756ab8553d3f81609a91e0b03f281eb2.php 第 172 行.
NOTIC: [8] Undefined index: entity_id E:\laragon\www\APP\Application\Runtime\Cache\Admin\756ab8553d3f81609a91e0b03f281eb2.php 第 173 行.
SQL: SELECT `id`,`high_id`,`middle_name` FROM `nav_middle_level` WHERE `id` = 30 LIMIT 1   [ RunTime:0.0003s ]
SQL: SELECT `high_name` FROM `nav_high_level` WHERE `id` = 12 LIMIT 1   [ RunTime:0.0004s ]
NOTIC: [8] Undefined index: entity_id E:\laragon\www\APP\Application\Runtime\Cache\Admin\756ab8553d3f81609a91e0b03f281eb2.php 第 172 行.
NOTIC: [8] Undefined index: entity_id E:\laragon\www\APP\Application\Runtime\Cache\Admin\756ab8553d3f81609a91e0b03f281eb2.php 第 173 行.
SQL: SELECT `id`,`high_id`,`middle_name` FROM `nav_middle_level` WHERE `id` = 16 LIMIT 1   [ RunTime:0.0011s ]
SQL: SELECT `high_name` FROM `nav_high_level` WHERE `id` = 13 LIMIT 1   [ RunTime:0.0004s ]
NOTIC: [8] Undefined index: entity_id E:\laragon\www\APP\Application\Runtime\Cache\Admin\756ab8553d3f81609a91e0b03f281eb2.php 第 172 行.
NOTIC: [8] Undefined index: entity_id E:\laragon\www\APP\Application\Runtime\Cache\Admin\756ab8553d3f81609a91e0b03f281eb2.php 第 173 行.
SQL: SELECT `id`,`high_id`,`middle_name` FROM `nav_middle_level` WHERE `id` = 17 LIMIT 1   [ RunTime:0.0003s ]
SQL: SELECT `high_name` FROM `nav_high_level` WHERE `id` = 15 LIMIT 1   [ RunTime:0.0003s ]
NOTIC: [8] Undefined index: entity_id E:\laragon\www\APP\Application\Runtime\Cache\Admin\756ab8553d3f81609a91e0b03f281eb2.php 第 172 行.
NOTIC: [8] Undefined index: entity_id E:\laragon\www\APP\Application\Runtime\Cache\Admin\756ab8553d3f81609a91e0b03f281eb2.php 第 173 行.
SQL: SELECT `id`,`high_id`,`middle_name` FROM `nav_middle_level` WHERE `id` = 17 LIMIT 1   [ RunTime:0.0002s ]
SQL: SELECT `high_name` FROM `nav_high_level` WHERE `id` = 15 LIMIT 1   [ RunTime:0.0003s ]
NOTIC: [8] Undefined index: entity_id E:\laragon\www\APP\Application\Runtime\Cache\Admin\756ab8553d3f81609a91e0b03f281eb2.php 第 172 行.
NOTIC: [8] Undefined index: entity_id E:\laragon\www\APP\Application\Runtime\Cache\Admin\756ab8553d3f81609a91e0b03f281eb2.php 第 173 行.
SQL: SELECT `id`,`high_id`,`middle_name` FROM `nav_middle_level` WHERE `id` = 22 LIMIT 1   [ RunTime:0.0003s ]
SQL: SELECT `high_name` FROM `nav_high_level` WHERE `id` = 15 LIMIT 1   [ RunTime:0.0002s ]
NOTIC: [8] Undefined index: entity_id E:\laragon\www\APP\Application\Runtime\Cache\Admin\756ab8553d3f81609a91e0b03f281eb2.php 第 172 行.
NOTIC: [8] Undefined index: entity_id E:\laragon\www\APP\Application\Runtime\Cache\Admin\756ab8553d3f81609a91e0b03f281eb2.php 第 173 行.
SQL: SELECT `id`,`high_id`,`middle_name` FROM `nav_middle_level` WHERE `id` = 16 LIMIT 1   [ RunTime:0.0003s ]
SQL: SELECT `high_name` FROM `nav_high_level` WHERE `id` = 13 LIMIT 1   [ RunTime:0.0002s ]
NOTIC: [8] Undefined index: entity_id E:\laragon\www\APP\Application\Runtime\Cache\Admin\756ab8553d3f81609a91e0b03f281eb2.php 第 172 行.
NOTIC: [8] Undefined index: entity_id E:\laragon\www\APP\Application\Runtime\Cache\Admin\756ab8553d3f81609a91e0b03f281eb2.php 第 173 行.
SQL: SELECT `id`,`high_id`,`middle_name` FROM `nav_middle_level` WHERE `id` = 17 LIMIT 1   [ RunTime:0.0003s ]
SQL: SELECT `high_name` FROM `nav_high_level` WHERE `id` = 15 LIMIT 1   [ RunTime:0.0002s ]
NOTIC: [8] Undefined index: entity_id E:\laragon\www\APP\Application\Runtime\Cache\Admin\756ab8553d3f81609a91e0b03f281eb2.php 第 172 行.
NOTIC: [8] Undefined index: entity_id E:\laragon\www\APP\Application\Runtime\Cache\Admin\756ab8553d3f81609a91e0b03f281eb2.php 第 173 行.
SQL: SELECT `id`,`high_id`,`middle_name` FROM `nav_middle_level` WHERE `id` = 17 LIMIT 1   [ RunTime:0.0002s ]
SQL: SELECT `high_name` FROM `nav_high_level` WHERE `id` = 15 LIMIT 1   [ RunTime:0.0002s ]
INFO: Run Behavior\ParseTemplateBehavior [ RunTime:0.037283s ]
INFO: [ view_parse ] --END-- [ RunTime:0.037389s ]
INFO: [ view_filter ] --START--
INFO: Run Behavior\WriteHtmlCacheBehavior [ RunTime:0.000553s ]
INFO: [ view_filter ] --END-- [ RunTime:0.000657s ]
INFO: [ app_end ] --START--
INFO: Run Behavior\ShowPageTraceBehavior [ RunTime:0.000807s ]
INFO: [ app_end ] --END-- [ RunTime:0.000940s ]

[ 2018-02-23T23:48:12+08:00 ] ::1 /APP/index.php/Admin/ElementaryLevel/lists.html
INFO: [ app_init ] --START--
INFO: Run Behavior\BuildLiteBehavior [ RunTime:0.000032s ]
INFO: [ app_init ] --END-- [ RunTime:0.000842s ]
INFO: [ app_begin ] --START--
INFO: Run Behavior\ReadHtmlCacheBehavior [ RunTime:0.000702s ]
INFO: [ app_begin ] --END-- [ RunTime:0.000881s ]
SQL: SHOW COLUMNS FROM `nav_elementary_level` [ RunTime:0.0009s ]
NOTIC: [8] Undefined variable: map E:\laragon\www\APP\Application\Admin\Controller\ElementaryLevelController.class.php 第 25 行.
SQL: SELECT COUNT(*) AS tp_count FROM `nav_elementary_level` LIMIT 1   [ RunTime:0.0003s ]
NOTIC: [8] Undefined variable: map E:\laragon\www\APP\Application\Admin\Controller\ElementaryLevelController.class.php 第 29 行.
SQL: SELECT * FROM `nav_elementary_level` ORDER BY sort desc LIMIT 0,10   [ RunTime:0.0004s ]
INFO: [ view_parse ] --START--
NOTIC: [2] file_get_contents(./Application/Admin/View/Common/admin/footer.html): failed to open stream: No such file or directory E:\laragon\www\APP\ThinkPHP\Library\Think\Template.class.php 第 696 行.
INFO: [ template_filter ] --START--
INFO: Run Behavior\ContentReplaceBehavior [ RunTime:0.000108s ]
INFO: [ template_filter ] --END-- [ RunTime:0.000232s ]
NOTIC: [8] Undefined variable: keyword E:\laragon\www\APP\Application\Runtime\Cache\Admin\756ab8553d3f81609a91e0b03f281eb2.php 第 142 行.
NOTIC: [8] Undefined index: p E:\laragon\www\APP\Application\Runtime\Cache\Admin\756ab8553d3f81609a91e0b03f281eb2.php 第 153 行.
NOTIC: [8] Undefined index: entity_id E:\laragon\www\APP\Application\Runtime\Cache\Admin\756ab8553d3f81609a91e0b03f281eb2.php 第 172 行.
NOTIC: [8] Undefined index: entity_id E:\laragon\www\APP\Application\Runtime\Cache\Admin\756ab8553d3f81609a91e0b03f281eb2.php 第 173 行.
SQL: SHOW COLUMNS FROM `nav_middle_level` [ RunTime:0.0009s ]
SQL: SELECT `id`,`high_id`,`middle_name` FROM `nav_middle_level` WHERE `id` = 29 LIMIT 1   [ RunTime:0.0003s ]
SQL: SHOW COLUMNS FROM `nav_high_level` [ RunTime:0.0008s ]
SQL: SELECT `high_name` FROM `nav_high_level` WHERE `id` = 12 LIMIT 1   [ RunTime:0.0003s ]
NOTIC: [8] Undefined index: entity_id E:\laragon\www\APP\Application\Runtime\Cache\Admin\756ab8553d3f81609a91e0b03f281eb2.php 第 172 行.
NOTIC: [8] Undefined index: entity_id E:\laragon\www\APP\Application\Runtime\Cache\Admin\756ab8553d3f81609a91e0b03f281eb2.php 第 173 行.
SQL: SELECT `id`,`high_id`,`middle_name` FROM `nav_middle_level` WHERE `id` = 17 LIMIT 1   [ RunTime:0.0003s ]
SQL: SELECT `high_name` FROM `nav_high_level` WHERE `id` = 15 LIMIT 1   [ RunTime:0.0003s ]
NOTIC: [8] Undefined index: entity_id E:\laragon\www\APP\Application\Runtime\Cache\Admin\756ab8553d3f81609a91e0b03f281eb2.php 第 172 行.
NOTIC: [8] Undefined index: entity_id E:\laragon\www\APP\Application\Runtime\Cache\Admin\756ab8553d3f81609a91e0b03f281eb2.php 第 173 行.
SQL: SELECT `id`,`high_id`,`middle_name` FROM `nav_middle_level` WHERE `id` = 30 LIMIT 1   [ RunTime:0.0003s ]
SQL: SELECT `high_name` FROM `nav_high_level` WHERE `id` = 12 LIMIT 1   [ RunTime:0.0005s ]
NOTIC: [8] Undefined index: entity_id E:\laragon\www\APP\Application\Runtime\Cache\Admin\756ab8553d3f81609a91e0b03f281eb2.php 第 172 行.
NOTIC: [8] Undefined index: entity_id E:\laragon\www\APP\Application\Runtime\Cache\Admin\756ab8553d3f81609a91e0b03f281eb2.php 第 173 行.
SQL: SELECT `id`,`high_id`,`middle_name` FROM `nav_middle_level` WHERE `id` = 16 LIMIT 1   [ RunTime:0.0003s ]
SQL: SELECT `high_name` FROM `nav_high_level` WHERE `id` = 13 LIMIT 1   [ RunTime:0.0004s ]
NOTIC: [8] Undefined index: entity_id E:\laragon\www\APP\Application\Runtime\Cache\Admin\756ab8553d3f81609a91e0b03f281eb2.php 第 172 行.
NOTIC: [8] Undefined index: entity_id E:\laragon\www\APP\Application\Runtime\Cache\Admin\756ab8553d3f81609a91e0b03f281eb2.php 第 173 行.
SQL: SELECT `id`,`high_id`,`middle_name` FROM `nav_middle_level` WHERE `id` = 17 LIMIT 1   [ RunTime:0.0003s ]
SQL: SELECT `high_name` FROM `nav_high_level` WHERE `id` = 15 LIMIT 1   [ RunTime:0.0003s ]
NOTIC: [8] Undefined index: entity_id E:\laragon\www\APP\Application\Runtime\Cache\Admin\756ab8553d3f81609a91e0b03f281eb2.php 第 172 行.
NOTIC: [8] Undefined index: entity_id E:\laragon\www\APP\Application\Runtime\Cache\Admin\756ab8553d3f81609a91e0b03f281eb2.php 第 173 行.
SQL: SELECT `id`,`high_id`,`middle_name` FROM `nav_middle_level` WHERE `id` = 17 LIMIT 1   [ RunTime:0.0003s ]
SQL: SELECT `high_name` FROM `nav_high_level` WHERE `id` = 15 LIMIT 1   [ RunTime:0.0003s ]
NOTIC: [8] Undefined index: entity_id E:\laragon\www\APP\Application\Runtime\Cache\Admin\756ab8553d3f81609a91e0b03f281eb2.php 第 172 行.
NOTIC: [8] Undefined index: entity_id E:\laragon\www\APP\Application\Runtime\Cache\Admin\756ab8553d3f81609a91e0b03f281eb2.php 第 173 行.
SQL: SELECT `id`,`high_id`,`middle_name` FROM `nav_middle_level` WHERE `id` = 22 LIMIT 1   [ RunTime:0.0003s ]
SQL: SELECT `high_name` FROM `nav_high_level` WHERE `id` = 15 LIMIT 1   [ RunTime:0.0003s ]
NOTIC: [8] Undefined index: entity_id E:\laragon\www\APP\Application\Runtime\Cache\Admin\756ab8553d3f81609a91e0b03f281eb2.php 第 172 行.
NOTIC: [8] Undefined index: entity_id E:\laragon\www\APP\Application\Runtime\Cache\Admin\756ab8553d3f81609a91e0b03f281eb2.php 第 173 行.
SQL: SELECT `id`,`high_id`,`middle_name` FROM `nav_middle_level` WHERE `id` = 16 LIMIT 1   [ RunTime:0.0003s ]
SQL: SELECT `high_name` FROM `nav_high_level` WHERE `id` = 13 LIMIT 1   [ RunTime:0.0003s ]
NOTIC: [8] Undefined index: entity_id E:\laragon\www\APP\Application\Runtime\Cache\Admin\756ab8553d3f81609a91e0b03f281eb2.php 第 172 行.
NOTIC: [8] Undefined index: entity_id E:\laragon\www\APP\Application\Runtime\Cache\Admin\756ab8553d3f81609a91e0b03f281eb2.php 第 173 行.
SQL: SELECT `id`,`high_id`,`middle_name` FROM `nav_middle_level` WHERE `id` = 17 LIMIT 1   [ RunTime:0.0003s ]
SQL: SELECT `high_name` FROM `nav_high_level` WHERE `id` = 15 LIMIT 1   [ RunTime:0.0003s ]
NOTIC: [8] Undefined index: entity_id E:\laragon\www\APP\Application\Runtime\Cache\Admin\756ab8553d3f81609a91e0b03f281eb2.php 第 172 行.
NOTIC: [8] Undefined index: entity_id E:\laragon\www\APP\Application\Runtime\Cache\Admin\756ab8553d3f81609a91e0b03f281eb2.php 第 173 行.
SQL: SELECT `id`,`high_id`,`middle_name` FROM `nav_middle_level` WHERE `id` = 17 LIMIT 1   [ RunTime:0.0003s ]
SQL: SELECT `high_name` FROM `nav_high_level` WHERE `id` = 15 LIMIT 1   [ RunTime:0.0003s ]
INFO: Run Behavior\ParseTemplateBehavior [ RunTime:0.034212s ]
INFO: [ view_parse ] --END-- [ RunTime:0.034316s ]
INFO: [ view_filter ] --START--
INFO: Run Behavior\WriteHtmlCacheBehavior [ RunTime:0.000653s ]
INFO: [ view_filter ] --END-- [ RunTime:0.000791s ]
INFO: [ app_end ] --START--
INFO: Run Behavior\ShowPageTraceBehavior [ RunTime:0.001075s ]
INFO: [ app_end ] --END-- [ RunTime:0.001260s ]

[ 2018-02-23T23:48:16+08:00 ] ::1 /APP/index.php/Admin/ElementaryLevel/lists.html
INFO: [ app_init ] --START--
INFO: Run Behavior\BuildLiteBehavior [ RunTime:0.000073s ]
INFO: [ app_init ] --END-- [ RunTime:0.001559s ]
INFO: [ app_begin ] --START--
INFO: Run Behavior\ReadHtmlCacheBehavior [ RunTime:0.001875s ]
INFO: [ app_begin ] --END-- [ RunTime:0.002264s ]
SQL: SHOW COLUMNS FROM `nav_elementary_level` [ RunTime:0.0012s ]
NOTIC: [8] Undefined variable: map E:\laragon\www\APP\Application\Admin\Controller\ElementaryLevelController.class.php 第 25 行.
SQL: SELECT COUNT(*) AS tp_count FROM `nav_elementary_level` LIMIT 1   [ RunTime:0.0003s ]
NOTIC: [8] Undefined variable: map E:\laragon\www\APP\Application\Admin\Controller\ElementaryLevelController.class.php 第 29 行.
SQL: SELECT * FROM `nav_elementary_level` ORDER BY sort desc LIMIT 0,10   [ RunTime:0.0005s ]
INFO: [ view_parse ] --START--
NOTIC: [2] file_get_contents(./Application/Admin/View/Common/admin/footer.html): failed to open stream: No such file or directory E:\laragon\www\APP\ThinkPHP\Library\Think\Template.class.php 第 696 行.
INFO: [ template_filter ] --START--
INFO: Run Behavior\ContentReplaceBehavior [ RunTime:0.000188s ]
INFO: [ template_filter ] --END-- [ RunTime:0.000493s ]
NOTIC: [8] Undefined variable: keyword E:\laragon\www\APP\Application\Runtime\Cache\Admin\756ab8553d3f81609a91e0b03f281eb2.php 第 142 行.
NOTIC: [8] Undefined index: p E:\laragon\www\APP\Application\Runtime\Cache\Admin\756ab8553d3f81609a91e0b03f281eb2.php 第 153 行.
NOTIC: [8] Undefined index: entity_id E:\laragon\www\APP\Application\Runtime\Cache\Admin\756ab8553d3f81609a91e0b03f281eb2.php 第 172 行.
NOTIC: [8] Undefined index: entity_id E:\laragon\www\APP\Application\Runtime\Cache\Admin\756ab8553d3f81609a91e0b03f281eb2.php 第 173 行.
SQL: SHOW COLUMNS FROM `nav_middle_level` [ RunTime:0.0011s ]
SQL: SELECT `id`,`high_id`,`middle_name` FROM `nav_middle_level` WHERE `id` = 29 LIMIT 1   [ RunTime:0.0004s ]
SQL: SHOW COLUMNS FROM `nav_high_level` [ RunTime:0.0008s ]
SQL: SELECT `high_name` FROM `nav_high_level` WHERE `id` = 12 LIMIT 1   [ RunTime:0.0003s ]
NOTIC: [8] Undefined index: entity_id E:\laragon\www\APP\Application\Runtime\Cache\Admin\756ab8553d3f81609a91e0b03f281eb2.php 第 172 行.
NOTIC: [8] Undefined index: entity_id E:\laragon\www\APP\Application\Runtime\Cache\Admin\756ab8553d3f81609a91e0b03f281eb2.php 第 173 行.
SQL: SELECT `id`,`high_id`,`middle_name` FROM `nav_middle_level` WHERE `id` = 17 LIMIT 1   [ RunTime:0.0003s ]
SQL: SELECT `high_name` FROM `nav_high_level` WHERE `id` = 15 LIMIT 1   [ RunTime:0.0003s ]
NOTIC: [8] Undefined index: entity_id E:\laragon\www\APP\Application\Runtime\Cache\Admin\756ab8553d3f81609a91e0b03f281eb2.php 第 172 行.
NOTIC: [8] Undefined index: entity_id E:\laragon\www\APP\Application\Runtime\Cache\Admin\756ab8553d3f81609a91e0b03f281eb2.php 第 173 行.
SQL: SELECT `id`,`high_id`,`middle_name` FROM `nav_middle_level` WHERE `id` = 30 LIMIT 1   [ RunTime:0.0003s ]
SQL: SELECT `high_name` FROM `nav_high_level` WHERE `id` = 12 LIMIT 1   [ RunTime:0.0003s ]
NOTIC: [8] Undefined index: entity_id E:\laragon\www\APP\Application\Runtime\Cache\Admin\756ab8553d3f81609a91e0b03f281eb2.php 第 172 行.
NOTIC: [8] Undefined index: entity_id E:\laragon\www\APP\Application\Runtime\Cache\Admin\756ab8553d3f81609a91e0b03f281eb2.php 第 173 行.
SQL: SELECT `id`,`high_id`,`middle_name` FROM `nav_middle_level` WHERE `id` = 16 LIMIT 1   [ RunTime:0.0003s ]
SQL: SELECT `high_name` FROM `nav_high_level` WHERE `id` = 13 LIMIT 1   [ RunTime:0.0003s ]
NOTIC: [8] Undefined index: entity_id E:\laragon\www\APP\Application\Runtime\Cache\Admin\756ab8553d3f81609a91e0b03f281eb2.php 第 172 行.
NOTIC: [8] Undefined index: entity_id E:\laragon\www\APP\Application\Runtime\Cache\Admin\756ab8553d3f81609a91e0b03f281eb2.php 第 173 行.
SQL: SELECT `id`,`high_id`,`middle_name` FROM `nav_middle_level` WHERE `id` = 17 LIMIT 1   [ RunTime:0.0003s ]
SQL: SELECT `high_name` FROM `nav_high_level` WHERE `id` = 15 LIMIT 1   [ RunTime:0.0003s ]
NOTIC: [8] Undefined index: entity_id E:\laragon\www\APP\Application\Runtime\Cache\Admin\756ab8553d3f81609a91e0b03f281eb2.php 第 172 行.
NOTIC: [8] Undefined index: entity_id E:\laragon\www\APP\Application\Runtime\Cache\Admin\756ab8553d3f81609a91e0b03f281eb2.php 第 173 行.
SQL: SELECT `id`,`high_id`,`middle_name` FROM `nav_middle_level` WHERE `id` = 17 LIMIT 1   [ RunTime:0.0003s ]
SQL: SELECT `high_name` FROM `nav_high_level` WHERE `id` = 15 LIMIT 1   [ RunTime:0.0003s ]
NOTIC: [8] Undefined index: entity_id E:\laragon\www\APP\Application\Runtime\Cache\Admin\756ab8553d3f81609a91e0b03f281eb2.php 第 172 行.
NOTIC: [8] Undefined index: entity_id E:\laragon\www\APP\Application\Runtime\Cache\Admin\756ab8553d3f81609a91e0b03f281eb2.php 第 173 行.
SQL: SELECT `id`,`high_id`,`middle_name` FROM `nav_middle_level` WHERE `id` = 22 LIMIT 1   [ RunTime:0.0003s ]
SQL: SELECT `high_name` FROM `nav_high_level` WHERE `id` = 15 LIMIT 1   [ RunTime:0.0003s ]
NOTIC: [8] Undefined index: entity_id E:\laragon\www\APP\Application\Runtime\Cache\Admin\756ab8553d3f81609a91e0b03f281eb2.php 第 172 行.
NOTIC: [8] Undefined index: entity_id E:\laragon\www\APP\Application\Runtime\Cache\Admin\756ab8553d3f81609a91e0b03f281eb2.php 第 173 行.
SQL: SELECT `id`,`high_id`,`middle_name` FROM `nav_middle_level` WHERE `id` = 16 LIMIT 1   [ RunTime:0.0003s ]
SQL: SELECT `high_name` FROM `nav_high_level` WHERE `id` = 13 LIMIT 1   [ RunTime:0.0005s ]
NOTIC: [8] Undefined index: entity_id E:\laragon\www\APP\Application\Runtime\Cache\Admin\756ab8553d3f81609a91e0b03f281eb2.php 第 172 行.
NOTIC: [8] Undefined index: entity_id E:\laragon\www\APP\Application\Runtime\Cache\Admin\756ab8553d3f81609a91e0b03f281eb2.php 第 173 行.
SQL: SELECT `id`,`high_id`,`middle_name` FROM `nav_middle_level` WHERE `id` = 17 LIMIT 1   [ RunTime:0.0003s ]
SQL: SELECT `high_name` FROM `nav_high_level` WHERE `id` = 15 LIMIT 1   [ RunTime:0.0003s ]
NOTIC: [8] Undefined index: entity_id E:\laragon\www\APP\Application\Runtime\Cache\Admin\756ab8553d3f81609a91e0b03f281eb2.php 第 172 行.
NOTIC: [8] Undefined index: entity_id E:\laragon\www\APP\Application\Runtime\Cache\Admin\756ab8553d3f81609a91e0b03f281eb2.php 第 173 行.
SQL: SELECT `id`,`high_id`,`middle_name` FROM `nav_middle_level` WHERE `id` = 17 LIMIT 1   [ RunTime:0.0003s ]
SQL: SELECT `high_name` FROM `nav_high_level` WHERE `id` = 15 LIMIT 1   [ RunTime:0.0003s ]
INFO: Run Behavior\ParseTemplateBehavior [ RunTime:0.035027s ]
INFO: [ view_parse ] --END-- [ RunTime:0.035163s ]
INFO: [ view_filter ] --START--
INFO: Run Behavior\WriteHtmlCacheBehavior [ RunTime:0.000631s ]
INFO: [ view_filter ] --END-- [ RunTime:0.000806s ]
INFO: [ app_end ] --START--
INFO: Run Behavior\ShowPageTraceBehavior [ RunTime:0.000951s ]
INFO: [ app_end ] --END-- [ RunTime:0.001064s ]

