[ 2018-01-27T19:24:53+08:00 ] ::1 /APP/Admin/Public/login.html
INFO: [ app_init ] --START--
INFO: Run Behavior\BuildLiteBehavior [ RunTime:0.000045s ]
INFO: [ app_init ] --END-- [ RunTime:0.004252s ]
INFO: [ app_begin ] --START--
INFO: Run Behavior\ReadHtmlCacheBehavior [ RunTime:0.001239s ]
INFO: [ app_begin ] --END-- [ RunTime:0.001480s ]
INFO: [ view_parse ] --START--
INFO: [ template_filter ] --START--
INFO: Run Behavior\ContentReplaceBehavior [ RunTime:0.000230s ]
INFO: [ template_filter ] --END-- [ RunTime:0.000385s ]
INFO: Run Behavior\ParseTemplateBehavior [ RunTime:0.009009s ]
INFO: [ view_parse ] --END-- [ RunTime:0.009126s ]
INFO: [ view_filter ] --START--
INFO: Run Behavior\WriteHtmlCacheBehavior [ RunTime:0.000482s ]
INFO: [ view_filter ] --END-- [ RunTime:0.000579s ]
INFO: [ app_end ] --START--
INFO: Run Behavior\ShowPageTraceBehavior [ RunTime:0.000621s ]
INFO: [ app_end ] --END-- [ RunTime:0.000724s ]

[ 2018-01-27T19:24:54+08:00 ] ::1 /APP/index.php/Admin/Public/verify.html
INFO: [ app_init ] --START--
INFO: Run Behavior\BuildLiteBehavior [ RunTime:0.000024s ]
INFO: [ app_init ] --END-- [ RunTime:0.000602s ]
INFO: [ app_begin ] --START--
INFO: Run Behavior\ReadHtmlCacheBehavior [ RunTime:0.000639s ]
INFO: [ app_begin ] --END-- [ RunTime:0.000758s ]
INFO: [ app_end ] --START--
INFO: Run Behavior\ShowPageTraceBehavior [ RunTime:0.000799s ]
INFO: [ app_end ] --END-- [ RunTime:0.000966s ]

[ 2018-01-27T19:25:49+08:00 ] ::1 /APP/index.php/Admin/Public/checkLogin.html
INFO: [ app_init ] --START--
INFO: Run Behavior\BuildLiteBehavior [ RunTime:0.000083s ]
INFO: [ app_init ] --END-- [ RunTime:0.001715s ]
INFO: [ app_begin ] --START--
INFO: Run Behavior\ReadHtmlCacheBehavior [ RunTime:0.000689s ]
INFO: [ app_begin ] --END-- [ RunTime:0.000815s ]
SQL: SHOW COLUMNS FROM `nav_admin` [ RunTime:0.0011s ]
SQL: SELECT * FROM `nav_admin` WHERE `username` = 'mr' LIMIT 1   [ RunTime:0.0004s ]

[ 2018-01-27T19:25:51+08:00 ] ::1 /APP/index.php/Admin/Index/index.html
INFO: [ app_init ] --START--
INFO: Run Behavior\BuildLiteBehavior [ RunTime:0.000086s ]
INFO: [ app_init ] --END-- [ RunTime:0.001739s ]
INFO: [ app_begin ] --START--
INFO: Run Behavior\ReadHtmlCacheBehavior [ RunTime:0.001831s ]
INFO: [ app_begin ] --END-- [ RunTime:0.002265s ]

[ 2018-01-27T19:25:52+08:00 ] ::1 /APP/index.php/Admin/HighLevel/lists.html
INFO: [ app_init ] --START--
INFO: Run Behavior\BuildLiteBehavior [ RunTime:0.000083s ]
INFO: [ app_init ] --END-- [ RunTime:0.001744s ]
INFO: [ app_begin ] --START--
INFO: Run Behavior\ReadHtmlCacheBehavior [ RunTime:0.001062s ]
INFO: [ app_begin ] --END-- [ RunTime:0.001317s ]
SQL: SHOW COLUMNS FROM `nav_high_level` [ RunTime:0.0012s ]
SQL: SELECT COUNT(*) AS tp_count FROM `nav_high_level` LIMIT 1   [ RunTime:0.0003s ]
NOTIC: [8] Undefined variable: map E:\laragon\www\APP\Application\Admin\Controller\HighLevelController.class.php 第 29 行.
SQL: SELECT * FROM `nav_high_level` LIMIT 0,10   [ RunTime:0.0005s ]
INFO: [ view_parse ] --START--
NOTIC: [2] file_get_contents(./Application/Admin/View/Common/admin/footer.html): failed to open stream: No such file or directory E:\laragon\www\APP\ThinkPHP\Library\Think\Template.class.php 第 696 行.
INFO: [ template_filter ] --START--
INFO: Run Behavior\ContentReplaceBehavior [ RunTime:0.000150s ]
INFO: [ template_filter ] --END-- [ RunTime:0.000299s ]
NOTIC: [8] Undefined variable: keyword E:\laragon\www\APP\Application\Runtime\Cache\Admin\9c2beb313b914c6391b3fbbcdfe3fff0.php 第 146 行.
NOTIC: [8] Undefined index: p E:\laragon\www\APP\Application\Runtime\Cache\Admin\9c2beb313b914c6391b3fbbcdfe3fff0.php 第 157 行.
NOTIC: [8] Undefined index: entity_id E:\laragon\www\APP\Application\Runtime\Cache\Admin\9c2beb313b914c6391b3fbbcdfe3fff0.php 第 178 行.
NOTIC: [8] Undefined index: entity_id E:\laragon\www\APP\Application\Runtime\Cache\Admin\9c2beb313b914c6391b3fbbcdfe3fff0.php 第 179 行.
NOTIC: [8] Undefined index: entity_id E:\laragon\www\APP\Application\Runtime\Cache\Admin\9c2beb313b914c6391b3fbbcdfe3fff0.php 第 178 行.
NOTIC: [8] Undefined index: entity_id E:\laragon\www\APP\Application\Runtime\Cache\Admin\9c2beb313b914c6391b3fbbcdfe3fff0.php 第 179 行.
NOTIC: [8] Undefined index: entity_id E:\laragon\www\APP\Application\Runtime\Cache\Admin\9c2beb313b914c6391b3fbbcdfe3fff0.php 第 178 行.
NOTIC: [8] Undefined index: entity_id E:\laragon\www\APP\Application\Runtime\Cache\Admin\9c2beb313b914c6391b3fbbcdfe3fff0.php 第 179 行.
NOTIC: [8] Undefined index: entity_id E:\laragon\www\APP\Application\Runtime\Cache\Admin\9c2beb313b914c6391b3fbbcdfe3fff0.php 第 178 行.
NOTIC: [8] Undefined index: entity_id E:\laragon\www\APP\Application\Runtime\Cache\Admin\9c2beb313b914c6391b3fbbcdfe3fff0.php 第 179 行.
NOTIC: [8] Undefined index: entity_id E:\laragon\www\APP\Application\Runtime\Cache\Admin\9c2beb313b914c6391b3fbbcdfe3fff0.php 第 178 行.
NOTIC: [8] Undefined index: entity_id E:\laragon\www\APP\Application\Runtime\Cache\Admin\9c2beb313b914c6391b3fbbcdfe3fff0.php 第 179 行.
NOTIC: [8] Undefined index: entity_id E:\laragon\www\APP\Application\Runtime\Cache\Admin\9c2beb313b914c6391b3fbbcdfe3fff0.php 第 178 行.
NOTIC: [8] Undefined index: entity_id E:\laragon\www\APP\Application\Runtime\Cache\Admin\9c2beb313b914c6391b3fbbcdfe3fff0.php 第 179 行.
NOTIC: [8] Undefined index: entity_id E:\laragon\www\APP\Application\Runtime\Cache\Admin\9c2beb313b914c6391b3fbbcdfe3fff0.php 第 178 行.
NOTIC: [8] Undefined index: entity_id E:\laragon\www\APP\Application\Runtime\Cache\Admin\9c2beb313b914c6391b3fbbcdfe3fff0.php 第 179 行.
NOTIC: [8] Undefined index: entity_id E:\laragon\www\APP\Application\Runtime\Cache\Admin\9c2beb313b914c6391b3fbbcdfe3fff0.php 第 178 行.
NOTIC: [8] Undefined index: entity_id E:\laragon\www\APP\Application\Runtime\Cache\Admin\9c2beb313b914c6391b3fbbcdfe3fff0.php 第 179 行.
NOTIC: [8] Undefined index: entity_id E:\laragon\www\APP\Application\Runtime\Cache\Admin\9c2beb313b914c6391b3fbbcdfe3fff0.php 第 178 行.
NOTIC: [8] Undefined index: entity_id E:\laragon\www\APP\Application\Runtime\Cache\Admin\9c2beb313b914c6391b3fbbcdfe3fff0.php 第 179 行.
INFO: Run Behavior\ParseTemplateBehavior [ RunTime:0.023561s ]
INFO: [ view_parse ] --END-- [ RunTime:0.023697s ]
INFO: [ view_filter ] --START--
INFO: Run Behavior\WriteHtmlCacheBehavior [ RunTime:0.000639s ]
INFO: [ view_filter ] --END-- [ RunTime:0.000759s ]
INFO: [ app_end ] --START--
INFO: Run Behavior\ShowPageTraceBehavior [ RunTime:0.000695s ]
INFO: [ app_end ] --END-- [ RunTime:0.000829s ]

[ 2018-01-27T19:26:28+08:00 ] ::1 /APP/index.php/Admin/HighLevel/lists.html
INFO: [ app_init ] --START--
INFO: Run Behavior\BuildLiteBehavior [ RunTime:0.000070s ]
INFO: [ app_init ] --END-- [ RunTime:0.001068s ]
INFO: [ app_begin ] --START--
INFO: Run Behavior\ReadHtmlCacheBehavior [ RunTime:0.001031s ]
INFO: [ app_begin ] --END-- [ RunTime:0.001367s ]
SQL: SHOW COLUMNS FROM `nav_high_level` [ RunTime:0.0011s ]
SQL: SELECT COUNT(*) AS tp_count FROM `nav_high_level` LIMIT 1   [ RunTime:0.0003s ]
NOTIC: [8] Undefined variable: map E:\laragon\www\APP\Application\Admin\Controller\HighLevelController.class.php 第 29 行.
SQL: SELECT * FROM `nav_high_level` LIMIT 0,10   [ RunTime:0.0004s ]
INFO: [ view_parse ] --START--
NOTIC: [2] file_get_contents(./Application/Admin/View/Common/admin/footer.html): failed to open stream: No such file or directory E:\laragon\www\APP\ThinkPHP\Library\Think\Template.class.php 第 696 行.
INFO: [ template_filter ] --START--
INFO: Run Behavior\ContentReplaceBehavior [ RunTime:0.000165s ]
INFO: [ template_filter ] --END-- [ RunTime:0.000390s ]
NOTIC: [8] Undefined variable: keyword E:\laragon\www\APP\Application\Runtime\Cache\Admin\9c2beb313b914c6391b3fbbcdfe3fff0.php 第 146 行.
NOTIC: [8] Undefined index: p E:\laragon\www\APP\Application\Runtime\Cache\Admin\9c2beb313b914c6391b3fbbcdfe3fff0.php 第 157 行.
NOTIC: [8] Undefined index: entity_id E:\laragon\www\APP\Application\Runtime\Cache\Admin\9c2beb313b914c6391b3fbbcdfe3fff0.php 第 178 行.
NOTIC: [8] Undefined index: entity_id E:\laragon\www\APP\Application\Runtime\Cache\Admin\9c2beb313b914c6391b3fbbcdfe3fff0.php 第 179 行.
NOTIC: [8] Undefined index: entity_id E:\laragon\www\APP\Application\Runtime\Cache\Admin\9c2beb313b914c6391b3fbbcdfe3fff0.php 第 178 行.
NOTIC: [8] Undefined index: entity_id E:\laragon\www\APP\Application\Runtime\Cache\Admin\9c2beb313b914c6391b3fbbcdfe3fff0.php 第 179 行.
NOTIC: [8] Undefined index: entity_id E:\laragon\www\APP\Application\Runtime\Cache\Admin\9c2beb313b914c6391b3fbbcdfe3fff0.php 第 178 行.
NOTIC: [8] Undefined index: entity_id E:\laragon\www\APP\Application\Runtime\Cache\Admin\9c2beb313b914c6391b3fbbcdfe3fff0.php 第 179 行.
NOTIC: [8] Undefined index: entity_id E:\laragon\www\APP\Application\Runtime\Cache\Admin\9c2beb313b914c6391b3fbbcdfe3fff0.php 第 178 行.
NOTIC: [8] Undefined index: entity_id E:\laragon\www\APP\Application\Runtime\Cache\Admin\9c2beb313b914c6391b3fbbcdfe3fff0.php 第 179 行.
NOTIC: [8] Undefined index: entity_id E:\laragon\www\APP\Application\Runtime\Cache\Admin\9c2beb313b914c6391b3fbbcdfe3fff0.php 第 178 行.
NOTIC: [8] Undefined index: entity_id E:\laragon\www\APP\Application\Runtime\Cache\Admin\9c2beb313b914c6391b3fbbcdfe3fff0.php 第 179 行.
NOTIC: [8] Undefined index: entity_id E:\laragon\www\APP\Application\Runtime\Cache\Admin\9c2beb313b914c6391b3fbbcdfe3fff0.php 第 178 行.
NOTIC: [8] Undefined index: entity_id E:\laragon\www\APP\Application\Runtime\Cache\Admin\9c2beb313b914c6391b3fbbcdfe3fff0.php 第 179 行.
NOTIC: [8] Undefined index: entity_id E:\laragon\www\APP\Application\Runtime\Cache\Admin\9c2beb313b914c6391b3fbbcdfe3fff0.php 第 178 行.
NOTIC: [8] Undefined index: entity_id E:\laragon\www\APP\Application\Runtime\Cache\Admin\9c2beb313b914c6391b3fbbcdfe3fff0.php 第 179 行.
NOTIC: [8] Undefined index: entity_id E:\laragon\www\APP\Application\Runtime\Cache\Admin\9c2beb313b914c6391b3fbbcdfe3fff0.php 第 178 行.
NOTIC: [8] Undefined index: entity_id E:\laragon\www\APP\Application\Runtime\Cache\Admin\9c2beb313b914c6391b3fbbcdfe3fff0.php 第 179 行.
NOTIC: [8] Undefined index: entity_id E:\laragon\www\APP\Application\Runtime\Cache\Admin\9c2beb313b914c6391b3fbbcdfe3fff0.php 第 178 行.
NOTIC: [8] Undefined index: entity_id E:\laragon\www\APP\Application\Runtime\Cache\Admin\9c2beb313b914c6391b3fbbcdfe3fff0.php 第 179 行.
INFO: Run Behavior\ParseTemplateBehavior [ RunTime:0.027756s ]
INFO: [ view_parse ] --END-- [ RunTime:0.027953s ]
INFO: [ view_filter ] --START--
INFO: Run Behavior\WriteHtmlCacheBehavior [ RunTime:0.000664s ]
INFO: [ view_filter ] --END-- [ RunTime:0.000835s ]
INFO: [ app_end ] --START--
INFO: Run Behavior\ShowPageTraceBehavior [ RunTime:0.000782s ]
INFO: [ app_end ] --END-- [ RunTime:0.001033s ]

[ 2018-01-27T19:26:48+08:00 ] ::1 /APP/index.php/Admin/HighLevel/lists.html
INFO: [ app_init ] --START--
INFO: Run Behavior\BuildLiteBehavior [ RunTime:0.000044s ]
INFO: [ app_init ] --END-- [ RunTime:0.000661s ]
INFO: [ app_begin ] --START--
INFO: Run Behavior\ReadHtmlCacheBehavior [ RunTime:0.000653s ]
INFO: [ app_begin ] --END-- [ RunTime:0.000837s ]
SQL: SHOW COLUMNS FROM `nav_high_level` [ RunTime:0.0010s ]
SQL: SELECT COUNT(*) AS tp_count FROM `nav_high_level` LIMIT 1   [ RunTime:0.0004s ]
NOTIC: [8] Undefined variable: map E:\laragon\www\APP\Application\Admin\Controller\HighLevelController.class.php 第 29 行.
SQL: SELECT * FROM `nav_high_level` LIMIT 0,10   [ RunTime:0.0005s ]
INFO: [ view_parse ] --START--
NOTIC: [2] file_get_contents(./Application/Admin/View/Common/admin/footer.html): failed to open stream: No such file or directory E:\laragon\www\APP\ThinkPHP\Library\Think\Template.class.php 第 696 行.
INFO: [ template_filter ] --START--
INFO: Run Behavior\ContentReplaceBehavior [ RunTime:0.000129s ]
INFO: [ template_filter ] --END-- [ RunTime:0.000305s ]
NOTIC: [8] Undefined variable: keyword E:\laragon\www\APP\Application\Runtime\Cache\Admin\9c2beb313b914c6391b3fbbcdfe3fff0.php 第 146 行.
NOTIC: [8] Undefined index: p E:\laragon\www\APP\Application\Runtime\Cache\Admin\9c2beb313b914c6391b3fbbcdfe3fff0.php 第 157 行.
NOTIC: [8] Undefined index: entity_id E:\laragon\www\APP\Application\Runtime\Cache\Admin\9c2beb313b914c6391b3fbbcdfe3fff0.php 第 178 行.
NOTIC: [8] Undefined index: entity_id E:\laragon\www\APP\Application\Runtime\Cache\Admin\9c2beb313b914c6391b3fbbcdfe3fff0.php 第 179 行.
NOTIC: [8] Undefined index: entity_id E:\laragon\www\APP\Application\Runtime\Cache\Admin\9c2beb313b914c6391b3fbbcdfe3fff0.php 第 178 行.
NOTIC: [8] Undefined index: entity_id E:\laragon\www\APP\Application\Runtime\Cache\Admin\9c2beb313b914c6391b3fbbcdfe3fff0.php 第 179 行.
NOTIC: [8] Undefined index: entity_id E:\laragon\www\APP\Application\Runtime\Cache\Admin\9c2beb313b914c6391b3fbbcdfe3fff0.php 第 178 行.
NOTIC: [8] Undefined index: entity_id E:\laragon\www\APP\Application\Runtime\Cache\Admin\9c2beb313b914c6391b3fbbcdfe3fff0.php 第 179 行.
NOTIC: [8] Undefined index: entity_id E:\laragon\www\APP\Application\Runtime\Cache\Admin\9c2beb313b914c6391b3fbbcdfe3fff0.php 第 178 行.
NOTIC: [8] Undefined index: entity_id E:\laragon\www\APP\Application\Runtime\Cache\Admin\9c2beb313b914c6391b3fbbcdfe3fff0.php 第 179 行.
NOTIC: [8] Undefined index: entity_id E:\laragon\www\APP\Application\Runtime\Cache\Admin\9c2beb313b914c6391b3fbbcdfe3fff0.php 第 178 行.
NOTIC: [8] Undefined index: entity_id E:\laragon\www\APP\Application\Runtime\Cache\Admin\9c2beb313b914c6391b3fbbcdfe3fff0.php 第 179 行.
NOTIC: [8] Undefined index: entity_id E:\laragon\www\APP\Application\Runtime\Cache\Admin\9c2beb313b914c6391b3fbbcdfe3fff0.php 第 178 行.
NOTIC: [8] Undefined index: entity_id E:\laragon\www\APP\Application\Runtime\Cache\Admin\9c2beb313b914c6391b3fbbcdfe3fff0.php 第 179 行.
NOTIC: [8] Undefined index: entity_id E:\laragon\www\APP\Application\Runtime\Cache\Admin\9c2beb313b914c6391b3fbbcdfe3fff0.php 第 178 行.
NOTIC: [8] Undefined index: entity_id E:\laragon\www\APP\Application\Runtime\Cache\Admin\9c2beb313b914c6391b3fbbcdfe3fff0.php 第 179 行.
NOTIC: [8] Undefined index: entity_id E:\laragon\www\APP\Application\Runtime\Cache\Admin\9c2beb313b914c6391b3fbbcdfe3fff0.php 第 178 行.
NOTIC: [8] Undefined index: entity_id E:\laragon\www\APP\Application\Runtime\Cache\Admin\9c2beb313b914c6391b3fbbcdfe3fff0.php 第 179 行.
NOTIC: [8] Undefined index: entity_id E:\laragon\www\APP\Application\Runtime\Cache\Admin\9c2beb313b914c6391b3fbbcdfe3fff0.php 第 178 行.
NOTIC: [8] Undefined index: entity_id E:\laragon\www\APP\Application\Runtime\Cache\Admin\9c2beb313b914c6391b3fbbcdfe3fff0.php 第 179 行.
INFO: Run Behavior\ParseTemplateBehavior [ RunTime:0.026331s ]
INFO: [ view_parse ] --END-- [ RunTime:0.026534s ]
INFO: [ view_filter ] --START--
INFO: Run Behavior\WriteHtmlCacheBehavior [ RunTime:0.000606s ]
INFO: [ view_filter ] --END-- [ RunTime:0.000905s ]
INFO: [ app_end ] --START--
INFO: Run Behavior\ShowPageTraceBehavior [ RunTime:0.001000s ]
INFO: [ app_end ] --END-- [ RunTime:0.001289s ]

[ 2018-01-27T19:31:06+08:00 ] ::1 /APP/index.php/Admin/HighLevel/lists.html
INFO: [ app_init ] --START--
INFO: Run Behavior\BuildLiteBehavior [ RunTime:0.000096s ]
INFO: [ app_init ] --END-- [ RunTime:0.001567s ]
INFO: [ app_begin ] --START--
INFO: Run Behavior\ReadHtmlCacheBehavior [ RunTime:0.000824s ]
INFO: [ app_begin ] --END-- [ RunTime:0.001069s ]
SQL: SHOW COLUMNS FROM `nav_high_level` [ RunTime:0.0051s ]
SQL: SELECT COUNT(*) AS tp_count FROM `nav_high_level` LIMIT 1   [ RunTime:0.0004s ]
NOTIC: [8] Undefined variable: map E:\laragon\www\APP\Application\Admin\Controller\HighLevelController.class.php 第 29 行.
SQL: SELECT * FROM `nav_high_level` LIMIT 0,10   [ RunTime:0.0007s ]
INFO: [ view_parse ] --START--
NOTIC: [2] file_get_contents(./Application/Admin/View/Common/admin/footer.html): failed to open stream: No such file or directory E:\laragon\www\APP\ThinkPHP\Library\Think\Template.class.php 第 696 行.
INFO: [ template_filter ] --START--
INFO: Run Behavior\ContentReplaceBehavior [ RunTime:0.000140s ]
INFO: [ template_filter ] --END-- [ RunTime:0.000324s ]
NOTIC: [8] Undefined variable: keyword E:\laragon\www\APP\Application\Runtime\Cache\Admin\9c2beb313b914c6391b3fbbcdfe3fff0.php 第 146 行.
NOTIC: [8] Undefined index: p E:\laragon\www\APP\Application\Runtime\Cache\Admin\9c2beb313b914c6391b3fbbcdfe3fff0.php 第 157 行.
NOTIC: [8] Undefined index: entity_id E:\laragon\www\APP\Application\Runtime\Cache\Admin\9c2beb313b914c6391b3fbbcdfe3fff0.php 第 178 行.
NOTIC: [8] Undefined index: entity_id E:\laragon\www\APP\Application\Runtime\Cache\Admin\9c2beb313b914c6391b3fbbcdfe3fff0.php 第 179 行.
NOTIC: [8] Undefined index: entity_id E:\laragon\www\APP\Application\Runtime\Cache\Admin\9c2beb313b914c6391b3fbbcdfe3fff0.php 第 178 行.
NOTIC: [8] Undefined index: entity_id E:\laragon\www\APP\Application\Runtime\Cache\Admin\9c2beb313b914c6391b3fbbcdfe3fff0.php 第 179 行.
NOTIC: [8] Undefined index: entity_id E:\laragon\www\APP\Application\Runtime\Cache\Admin\9c2beb313b914c6391b3fbbcdfe3fff0.php 第 178 行.
NOTIC: [8] Undefined index: entity_id E:\laragon\www\APP\Application\Runtime\Cache\Admin\9c2beb313b914c6391b3fbbcdfe3fff0.php 第 179 行.
NOTIC: [8] Undefined index: entity_id E:\laragon\www\APP\Application\Runtime\Cache\Admin\9c2beb313b914c6391b3fbbcdfe3fff0.php 第 178 行.
NOTIC: [8] Undefined index: entity_id E:\laragon\www\APP\Application\Runtime\Cache\Admin\9c2beb313b914c6391b3fbbcdfe3fff0.php 第 179 行.
NOTIC: [8] Undefined index: entity_id E:\laragon\www\APP\Application\Runtime\Cache\Admin\9c2beb313b914c6391b3fbbcdfe3fff0.php 第 178 行.
NOTIC: [8] Undefined index: entity_id E:\laragon\www\APP\Application\Runtime\Cache\Admin\9c2beb313b914c6391b3fbbcdfe3fff0.php 第 179 行.
NOTIC: [8] Undefined index: entity_id E:\laragon\www\APP\Application\Runtime\Cache\Admin\9c2beb313b914c6391b3fbbcdfe3fff0.php 第 178 行.
NOTIC: [8] Undefined index: entity_id E:\laragon\www\APP\Application\Runtime\Cache\Admin\9c2beb313b914c6391b3fbbcdfe3fff0.php 第 179 行.
NOTIC: [8] Undefined index: entity_id E:\laragon\www\APP\Application\Runtime\Cache\Admin\9c2beb313b914c6391b3fbbcdfe3fff0.php 第 178 行.
NOTIC: [8] Undefined index: entity_id E:\laragon\www\APP\Application\Runtime\Cache\Admin\9c2beb313b914c6391b3fbbcdfe3fff0.php 第 179 行.
NOTIC: [8] Undefined index: entity_id E:\laragon\www\APP\Application\Runtime\Cache\Admin\9c2beb313b914c6391b3fbbcdfe3fff0.php 第 178 行.
NOTIC: [8] Undefined index: entity_id E:\laragon\www\APP\Application\Runtime\Cache\Admin\9c2beb313b914c6391b3fbbcdfe3fff0.php 第 179 行.
NOTIC: [8] Undefined index: entity_id E:\laragon\www\APP\Application\Runtime\Cache\Admin\9c2beb313b914c6391b3fbbcdfe3fff0.php 第 178 行.
NOTIC: [8] Undefined index: entity_id E:\laragon\www\APP\Application\Runtime\Cache\Admin\9c2beb313b914c6391b3fbbcdfe3fff0.php 第 179 行.
INFO: Run Behavior\ParseTemplateBehavior [ RunTime:0.027685s ]
INFO: [ view_parse ] --END-- [ RunTime:0.027906s ]
INFO: [ view_filter ] --START--
INFO: Run Behavior\WriteHtmlCacheBehavior [ RunTime:0.000574s ]
INFO: [ view_filter ] --END-- [ RunTime:0.000741s ]
INFO: [ app_end ] --START--
INFO: Run Behavior\ShowPageTraceBehavior [ RunTime:0.001016s ]
INFO: [ app_end ] --END-- [ RunTime:0.001289s ]

