[ 2018-02-06T20:05:29+08:00 ] ::1 /APP/Admin/Public/login.html
INFO: [ app_init ] --START--
INFO: Run Behavior\BuildLiteBehavior [ RunTime:0.000024s ]
INFO: [ app_init ] --END-- [ RunTime:0.004108s ]
INFO: [ app_begin ] --START--
INFO: Run Behavior\ReadHtmlCacheBehavior [ RunTime:0.001156s ]
INFO: [ app_begin ] --END-- [ RunTime:0.001284s ]
INFO: [ view_parse ] --START--
INFO: [ template_filter ] --START--
INFO: Run Behavior\ContentReplaceBehavior [ RunTime:0.009609s ]
INFO: [ template_filter ] --END-- [ RunTime:0.009737s ]
INFO: Run Behavior\ParseTemplateBehavior [ RunTime:0.071600s ]
INFO: [ view_parse ] --END-- [ RunTime:0.071842s ]
INFO: [ view_filter ] --START--
INFO: Run Behavior\WriteHtmlCacheBehavior [ RunTime:0.000961s ]
INFO: [ view_filter ] --END-- [ RunTime:0.001084s ]
INFO: [ app_end ] --START--
INFO: Run Behavior\ShowPageTraceBehavior [ RunTime:0.000988s ]
INFO: [ app_end ] --END-- [ RunTime:0.001093s ]

[ 2018-02-06T20:05:30+08:00 ] ::1 /APP/index.php/Admin/Public/verify.html
INFO: [ app_init ] --START--
INFO: Run Behavior\BuildLiteBehavior [ RunTime:0.000025s ]
INFO: [ app_init ] --END-- [ RunTime:0.000574s ]
INFO: [ app_begin ] --START--
INFO: Run Behavior\ReadHtmlCacheBehavior [ RunTime:0.001060s ]
INFO: [ app_begin ] --END-- [ RunTime:0.001318s ]
INFO: [ app_end ] --START--
INFO: Run Behavior\ShowPageTraceBehavior [ RunTime:0.000801s ]
INFO: [ app_end ] --END-- [ RunTime:0.000949s ]

[ 2018-02-06T20:05:50+08:00 ] ::1 /APP/index.php/Admin/Public/checkLogin.html
INFO: [ app_init ] --START--
INFO: Run Behavior\BuildLiteBehavior [ RunTime:0.000022s ]
INFO: [ app_init ] --END-- [ RunTime:0.000602s ]
INFO: [ app_begin ] --START--
INFO: Run Behavior\ReadHtmlCacheBehavior [ RunTime:0.000557s ]
INFO: [ app_begin ] --END-- [ RunTime:0.000692s ]
SQL: SHOW COLUMNS FROM `nav_admin` [ RunTime:0.0340s ]
SQL: SELECT * FROM `nav_admin` WHERE `username` = 'mr' LIMIT 1   [ RunTime:0.0014s ]

[ 2018-02-06T20:05:52+08:00 ] ::1 /APP/index.php/Admin/Index/index.html
INFO: [ app_init ] --START--
INFO: Run Behavior\BuildLiteBehavior [ RunTime:0.000078s ]
INFO: [ app_init ] --END-- [ RunTime:0.001597s ]
INFO: [ app_begin ] --START--
INFO: Run Behavior\ReadHtmlCacheBehavior [ RunTime:0.001644s ]
INFO: [ app_begin ] --END-- [ RunTime:0.002035s ]

[ 2018-02-06T20:05:53+08:00 ] ::1 /APP/index.php/Admin/HighLevel/lists.html
INFO: [ app_init ] --START--
INFO: Run Behavior\BuildLiteBehavior [ RunTime:0.000045s ]
INFO: [ app_init ] --END-- [ RunTime:0.001047s ]
INFO: [ app_begin ] --START--
INFO: Run Behavior\ReadHtmlCacheBehavior [ RunTime:0.001091s ]
INFO: [ app_begin ] --END-- [ RunTime:0.001341s ]
SQL: SHOW COLUMNS FROM `nav_high_level` [ RunTime:0.0022s ]
SQL: SELECT COUNT(*) AS tp_count FROM `nav_high_level` LIMIT 1   [ RunTime:0.0063s ]
NOTIC: [8] Undefined variable: map E:\laragon\www\APP\Application\Admin\Controller\HighLevelController.class.php 第 29 行.
SQL: SELECT * FROM `nav_high_level` LIMIT 0,10   [ RunTime:0.0009s ]
INFO: [ view_parse ] --START--
NOTIC: [2] file_get_contents(./Application/Admin/View/Common/admin/footer.html): failed to open stream: No such file or directory E:\laragon\www\APP\ThinkPHP\Library\Think\Template.class.php 第 696 行.
INFO: [ template_filter ] --START--
INFO: Run Behavior\ContentReplaceBehavior [ RunTime:0.000207s ]
INFO: [ template_filter ] --END-- [ RunTime:0.000417s ]
NOTIC: [8] Undefined variable: keyword E:\laragon\www\APP\Application\Runtime\Cache\Admin\9c2beb313b914c6391b3fbbcdfe3fff0.php 第 146 行.
NOTIC: [8] Undefined index: p E:\laragon\www\APP\Application\Runtime\Cache\Admin\9c2beb313b914c6391b3fbbcdfe3fff0.php 第 157 行.
NOTIC: [8] Undefined index: entity_id E:\laragon\www\APP\Application\Runtime\Cache\Admin\9c2beb313b914c6391b3fbbcdfe3fff0.php 第 178 行.
NOTIC: [8] Undefined index: entity_id E:\laragon\www\APP\Application\Runtime\Cache\Admin\9c2beb313b914c6391b3fbbcdfe3fff0.php 第 179 行.
NOTIC: [8] Undefined index: entity_id E:\laragon\www\APP\Application\Runtime\Cache\Admin\9c2beb313b914c6391b3fbbcdfe3fff0.php 第 178 行.
NOTIC: [8] Undefined index: entity_id E:\laragon\www\APP\Application\Runtime\Cache\Admin\9c2beb313b914c6391b3fbbcdfe3fff0.php 第 179 行.
NOTIC: [8] Undefined index: entity_id E:\laragon\www\APP\Application\Runtime\Cache\Admin\9c2beb313b914c6391b3fbbcdfe3fff0.php 第 178 行.
NOTIC: [8] Undefined index: entity_id E:\laragon\www\APP\Application\Runtime\Cache\Admin\9c2beb313b914c6391b3fbbcdfe3fff0.php 第 179 行.
NOTIC: [8] Undefined index: entity_id E:\laragon\www\APP\Application\Runtime\Cache\Admin\9c2beb313b914c6391b3fbbcdfe3fff0.php 第 178 行.
NOTIC: [8] Undefined index: entity_id E:\laragon\www\APP\Application\Runtime\Cache\Admin\9c2beb313b914c6391b3fbbcdfe3fff0.php 第 179 行.
NOTIC: [8] Undefined index: entity_id E:\laragon\www\APP\Application\Runtime\Cache\Admin\9c2beb313b914c6391b3fbbcdfe3fff0.php 第 178 行.
NOTIC: [8] Undefined index: entity_id E:\laragon\www\APP\Application\Runtime\Cache\Admin\9c2beb313b914c6391b3fbbcdfe3fff0.php 第 179 行.
NOTIC: [8] Undefined index: entity_id E:\laragon\www\APP\Application\Runtime\Cache\Admin\9c2beb313b914c6391b3fbbcdfe3fff0.php 第 178 行.
NOTIC: [8] Undefined index: entity_id E:\laragon\www\APP\Application\Runtime\Cache\Admin\9c2beb313b914c6391b3fbbcdfe3fff0.php 第 179 行.
NOTIC: [8] Undefined index: entity_id E:\laragon\www\APP\Application\Runtime\Cache\Admin\9c2beb313b914c6391b3fbbcdfe3fff0.php 第 178 行.
NOTIC: [8] Undefined index: entity_id E:\laragon\www\APP\Application\Runtime\Cache\Admin\9c2beb313b914c6391b3fbbcdfe3fff0.php 第 179 行.
NOTIC: [8] Undefined index: entity_id E:\laragon\www\APP\Application\Runtime\Cache\Admin\9c2beb313b914c6391b3fbbcdfe3fff0.php 第 178 行.
NOTIC: [8] Undefined index: entity_id E:\laragon\www\APP\Application\Runtime\Cache\Admin\9c2beb313b914c6391b3fbbcdfe3fff0.php 第 179 行.
NOTIC: [8] Undefined index: entity_id E:\laragon\www\APP\Application\Runtime\Cache\Admin\9c2beb313b914c6391b3fbbcdfe3fff0.php 第 178 行.
NOTIC: [8] Undefined index: entity_id E:\laragon\www\APP\Application\Runtime\Cache\Admin\9c2beb313b914c6391b3fbbcdfe3fff0.php 第 179 行.
INFO: Run Behavior\ParseTemplateBehavior [ RunTime:0.071850s ]
INFO: [ view_parse ] --END-- [ RunTime:0.072069s ]
INFO: [ view_filter ] --START--
INFO: Run Behavior\WriteHtmlCacheBehavior [ RunTime:0.000982s ]
INFO: [ view_filter ] --END-- [ RunTime:0.001146s ]
INFO: [ app_end ] --START--
INFO: Run Behavior\ShowPageTraceBehavior [ RunTime:0.000782s ]
INFO: [ app_end ] --END-- [ RunTime:0.000929s ]

[ 2018-02-06T20:05:57+08:00 ] ::1 /APP/index.php/Admin/Hot/lists.html
INFO: [ app_init ] --START--
INFO: Run Behavior\BuildLiteBehavior [ RunTime:0.000041s ]
INFO: [ app_init ] --END-- [ RunTime:0.000649s ]
INFO: [ app_begin ] --START--
INFO: Run Behavior\ReadHtmlCacheBehavior [ RunTime:0.000809s ]
INFO: [ app_begin ] --END-- [ RunTime:0.000956s ]
INFO: [ view_parse ] --START--
NOTIC: [2] file_get_contents(./Application/Admin/View/Common/admin/footer.html): failed to open stream: No such file or directory E:\laragon\www\APP\ThinkPHP\Library\Think\Template.class.php 第 696 行.
INFO: [ template_filter ] --START--
INFO: Run Behavior\ContentReplaceBehavior [ RunTime:0.000141s ]
INFO: [ template_filter ] --END-- [ RunTime:0.000286s ]
NOTIC: [8] Undefined index: type E:\laragon\www\APP\Application\Runtime\Cache\Admin\5f5a152cff6220d4215ce3902f117f0b.php 第 129 行.
NOTIC: [8] Undefined index: type E:\laragon\www\APP\Application\Runtime\Cache\Admin\5f5a152cff6220d4215ce3902f117f0b.php 第 134 行.
NOTIC: [8] Undefined index: type E:\laragon\www\APP\Application\Runtime\Cache\Admin\5f5a152cff6220d4215ce3902f117f0b.php 第 139 行.
NOTIC: [8] Undefined variable: keyword E:\laragon\www\APP\Application\Runtime\Cache\Admin\5f5a152cff6220d4215ce3902f117f0b.php 第 162 行.
NOTIC: [8] Undefined index: p E:\laragon\www\APP\Application\Runtime\Cache\Admin\5f5a152cff6220d4215ce3902f117f0b.php 第 173 行.
NOTIC: [8] Undefined index: type E:\laragon\www\APP\Application\Runtime\Cache\Admin\5f5a152cff6220d4215ce3902f117f0b.php 第 182 行.
NOTIC: [8] Undefined variable:  E:\laragon\www\APP\Application\Runtime\Cache\Admin\5f5a152cff6220d4215ce3902f117f0b.php 第 182 行.
NOTIC: [8] Undefined index: type E:\laragon\www\APP\Application\Runtime\Cache\Admin\5f5a152cff6220d4215ce3902f117f0b.php 第 183 行.
NOTIC: [8] Undefined variable: hot E:\laragon\www\APP\Application\Runtime\Cache\Admin\5f5a152cff6220d4215ce3902f117f0b.php 第 193 行.
NOTIC: [8] Undefined variable: page E:\laragon\www\APP\Application\Runtime\Cache\Admin\5f5a152cff6220d4215ce3902f117f0b.php 第 220 行.
INFO: Run Behavior\ParseTemplateBehavior [ RunTime:0.123977s ]
INFO: [ view_parse ] --END-- [ RunTime:0.124115s ]
INFO: [ view_filter ] --START--
INFO: Run Behavior\WriteHtmlCacheBehavior [ RunTime:0.000642s ]
INFO: [ view_filter ] --END-- [ RunTime:0.000777s ]
INFO: [ app_end ] --START--
INFO: Run Behavior\ShowPageTraceBehavior [ RunTime:0.000614s ]
INFO: [ app_end ] --END-- [ RunTime:0.000780s ]

[ 2018-02-06T20:06:00+08:00 ] ::1 /APP/index.php/Admin/DataList/lists.html
INFO: [ app_init ] --START--
INFO: Run Behavior\BuildLiteBehavior [ RunTime:0.000025s ]
INFO: [ app_init ] --END-- [ RunTime:0.000600s ]
INFO: [ app_begin ] --START--
INFO: Run Behavior\ReadHtmlCacheBehavior [ RunTime:0.000713s ]
INFO: [ app_begin ] --END-- [ RunTime:0.000831s ]
SQL: SHOW COLUMNS FROM `nav_datalist` [ RunTime:0.1012s ]
NOTIC: [8] Undefined variable: map E:\laragon\www\APP\Application\Admin\Controller\DataListController.class.php 第 25 行.
SQL: SELECT COUNT(*) AS tp_count FROM `nav_datalist` LIMIT 1   [ RunTime:0.0003s ]
NOTIC: [8] Undefined variable: map E:\laragon\www\APP\Application\Admin\Controller\DataListController.class.php 第 29 行.
SQL: SELECT * FROM `nav_datalist` ORDER BY sort desc LIMIT 0,10   [ RunTime:0.0007s ]
INFO: [ view_parse ] --START--
NOTIC: [2] file_get_contents(./Application/Admin/View/Common/admin/footer.html): failed to open stream: No such file or directory E:\laragon\www\APP\ThinkPHP\Library\Think\Template.class.php 第 696 行.
INFO: [ template_filter ] --START--
INFO: Run Behavior\ContentReplaceBehavior [ RunTime:0.000114s ]
INFO: [ template_filter ] --END-- [ RunTime:0.000233s ]
NOTIC: [8] Undefined variable: keyword E:\laragon\www\APP\Application\Runtime\Cache\Admin\38e6bd4680dc044e2a5023db4d1c29df.php 第 146 行.
NOTIC: [8] Undefined index: p E:\laragon\www\APP\Application\Runtime\Cache\Admin\38e6bd4680dc044e2a5023db4d1c29df.php 第 157 行.
NOTIC: [8] Undefined index: entity_id E:\laragon\www\APP\Application\Runtime\Cache\Admin\38e6bd4680dc044e2a5023db4d1c29df.php 第 179 行.
NOTIC: [8] Undefined index: entity_id E:\laragon\www\APP\Application\Runtime\Cache\Admin\38e6bd4680dc044e2a5023db4d1c29df.php 第 180 行.
SQL: SELECT * FROM `nav_datalist` WHERE `id` = 101 LIMIT 1   [ RunTime:0.0004s ]
SQL: SHOW COLUMNS FROM `nav_middle_level` [ RunTime:0.0018s ]
SQL: SELECT `id`,`high_id`,`middle_name` FROM `nav_middle_level` WHERE `id` = 30 LIMIT 1   [ RunTime:0.0009s ]
SQL: SHOW COLUMNS FROM `nav_high_level` [ RunTime:0.0009s ]
SQL: SELECT `high_name` FROM `nav_high_level` WHERE `id` = 12 LIMIT 1   [ RunTime:0.0003s ]
SQL: SHOW COLUMNS FROM `nav_elementary_level` [ RunTime:0.0020s ]
SQL: SELECT `elementary_name` FROM `nav_elementary_level` WHERE `id` = 30 LIMIT 1   [ RunTime:0.0010s ]
NOTIC: [8] Undefined index: entity_id E:\laragon\www\APP\Application\Runtime\Cache\Admin\38e6bd4680dc044e2a5023db4d1c29df.php 第 179 行.
NOTIC: [8] Undefined index: entity_id E:\laragon\www\APP\Application\Runtime\Cache\Admin\38e6bd4680dc044e2a5023db4d1c29df.php 第 180 行.
SQL: SELECT * FROM `nav_datalist` WHERE `id` = 98 LIMIT 1   [ RunTime:0.0003s ]
SQL: SELECT `high_name` FROM `nav_high_level` WHERE `id` = 0 LIMIT 1   [ RunTime:0.0003s ]
NOTIC: [8] Undefined index: entity_id E:\laragon\www\APP\Application\Runtime\Cache\Admin\38e6bd4680dc044e2a5023db4d1c29df.php 第 179 行.
NOTIC: [8] Undefined index: entity_id E:\laragon\www\APP\Application\Runtime\Cache\Admin\38e6bd4680dc044e2a5023db4d1c29df.php 第 180 行.
SQL: SELECT * FROM `nav_datalist` WHERE `id` = 99 LIMIT 1   [ RunTime:0.0003s ]
SQL: SELECT `high_name` FROM `nav_high_level` WHERE `id` = 0 LIMIT 1   [ RunTime:0.0002s ]
NOTIC: [8] Undefined index: entity_id E:\laragon\www\APP\Application\Runtime\Cache\Admin\38e6bd4680dc044e2a5023db4d1c29df.php 第 179 行.
NOTIC: [8] Undefined index: entity_id E:\laragon\www\APP\Application\Runtime\Cache\Admin\38e6bd4680dc044e2a5023db4d1c29df.php 第 180 行.
SQL: SELECT * FROM `nav_datalist` WHERE `id` = 100 LIMIT 1   [ RunTime:0.0004s ]
SQL: SELECT `high_name` FROM `nav_high_level` WHERE `id` = 0 LIMIT 1   [ RunTime:0.0004s ]
NOTIC: [8] Undefined index: entity_id E:\laragon\www\APP\Application\Runtime\Cache\Admin\38e6bd4680dc044e2a5023db4d1c29df.php 第 179 行.
NOTIC: [8] Undefined index: entity_id E:\laragon\www\APP\Application\Runtime\Cache\Admin\38e6bd4680dc044e2a5023db4d1c29df.php 第 180 行.
SQL: SELECT * FROM `nav_datalist` WHERE `id` = 97 LIMIT 1   [ RunTime:0.0003s ]
SQL: SELECT `id`,`high_id`,`middle_name` FROM `nav_middle_level` WHERE `id` = 17 LIMIT 1   [ RunTime:0.0011s ]
SQL: SELECT `high_name` FROM `nav_high_level` WHERE `id` = 15 LIMIT 1   [ RunTime:0.0006s ]
SQL: SELECT `elementary_name` FROM `nav_elementary_level` WHERE `id` = 22 LIMIT 1   [ RunTime:0.0011s ]
NOTIC: [8] Undefined index: entity_id E:\laragon\www\APP\Application\Runtime\Cache\Admin\38e6bd4680dc044e2a5023db4d1c29df.php 第 179 行.
NOTIC: [8] Undefined index: entity_id E:\laragon\www\APP\Application\Runtime\Cache\Admin\38e6bd4680dc044e2a5023db4d1c29df.php 第 180 行.
SQL: SELECT * FROM `nav_datalist` WHERE `id` = 91 LIMIT 1   [ RunTime:0.0004s ]
SQL: SELECT `high_name` FROM `nav_high_level` WHERE `id` = 16 LIMIT 1   [ RunTime:0.0002s ]
NOTIC: [8] Undefined index: entity_id E:\laragon\www\APP\Application\Runtime\Cache\Admin\38e6bd4680dc044e2a5023db4d1c29df.php 第 179 行.
NOTIC: [8] Undefined index: entity_id E:\laragon\www\APP\Application\Runtime\Cache\Admin\38e6bd4680dc044e2a5023db4d1c29df.php 第 180 行.
SQL: SELECT * FROM `nav_datalist` WHERE `id` = 93 LIMIT 1   [ RunTime:0.0003s ]
SQL: SELECT `id`,`high_id`,`middle_name` FROM `nav_middle_level` WHERE `id` = 22 LIMIT 1   [ RunTime:0.0021s ]
SQL: SELECT `high_name` FROM `nav_high_level` WHERE `id` = 15 LIMIT 1   [ RunTime:0.0003s ]
SQL: SELECT `elementary_name` FROM `nav_elementary_level` WHERE `id` = 25 LIMIT 1   [ RunTime:0.0006s ]
NOTIC: [8] Undefined index: entity_id E:\laragon\www\APP\Application\Runtime\Cache\Admin\38e6bd4680dc044e2a5023db4d1c29df.php 第 179 行.
NOTIC: [8] Undefined index: entity_id E:\laragon\www\APP\Application\Runtime\Cache\Admin\38e6bd4680dc044e2a5023db4d1c29df.php 第 180 行.
SQL: SELECT * FROM `nav_datalist` WHERE `id` = 94 LIMIT 1   [ RunTime:0.0003s ]
SQL: SELECT `id`,`high_id`,`middle_name` FROM `nav_middle_level` WHERE `id` = 22 LIMIT 1   [ RunTime:0.0003s ]
SQL: SELECT `high_name` FROM `nav_high_level` WHERE `id` = 15 LIMIT 1   [ RunTime:0.0003s ]
SQL: SELECT `elementary_name` FROM `nav_elementary_level` WHERE `id` = 25 LIMIT 1   [ RunTime:0.0003s ]
NOTIC: [8] Undefined index: entity_id E:\laragon\www\APP\Application\Runtime\Cache\Admin\38e6bd4680dc044e2a5023db4d1c29df.php 第 179 行.
NOTIC: [8] Undefined index: entity_id E:\laragon\www\APP\Application\Runtime\Cache\Admin\38e6bd4680dc044e2a5023db4d1c29df.php 第 180 行.
SQL: SELECT * FROM `nav_datalist` WHERE `id` = 9 LIMIT 1   [ RunTime:0.0003s ]
SQL: SELECT `id`,`high_id`,`middle_name` FROM `nav_middle_level` WHERE `id` = 17 LIMIT 1   [ RunTime:0.0003s ]
SQL: SELECT `high_name` FROM `nav_high_level` WHERE `id` = 15 LIMIT 1   [ RunTime:0.0003s ]
SQL: SELECT `elementary_name` FROM `nav_elementary_level` WHERE `id` = 21 LIMIT 1   [ RunTime:0.0003s ]
NOTIC: [8] Undefined index: entity_id E:\laragon\www\APP\Application\Runtime\Cache\Admin\38e6bd4680dc044e2a5023db4d1c29df.php 第 179 行.
NOTIC: [8] Undefined index: entity_id E:\laragon\www\APP\Application\Runtime\Cache\Admin\38e6bd4680dc044e2a5023db4d1c29df.php 第 180 行.
SQL: SELECT * FROM `nav_datalist` WHERE `id` = 90 LIMIT 1   [ RunTime:0.0004s ]
SQL: SELECT `id`,`high_id`,`middle_name` FROM `nav_middle_level` WHERE `id` = 17 LIMIT 1   [ RunTime:0.0003s ]
SQL: SELECT `high_name` FROM `nav_high_level` WHERE `id` = 15 LIMIT 1   [ RunTime:0.0003s ]
SQL: SELECT `elementary_name` FROM `nav_elementary_level` WHERE `id` = 22 LIMIT 1   [ RunTime:0.0003s ]
INFO: Run Behavior\ParseTemplateBehavior [ RunTime:0.053734s ]
INFO: [ view_parse ] --END-- [ RunTime:0.053859s ]
INFO: [ view_filter ] --START--
INFO: Run Behavior\WriteHtmlCacheBehavior [ RunTime:0.000574s ]
INFO: [ view_filter ] --END-- [ RunTime:0.000686s ]
INFO: [ app_end ] --START--
INFO: Run Behavior\ShowPageTraceBehavior [ RunTime:0.000680s ]
INFO: [ app_end ] --END-- [ RunTime:0.000811s ]

[ 2018-02-06T20:06:03+08:00 ] ::1 /APP/index.php/Admin/Hot/lists.html
INFO: [ app_init ] --START--
INFO: Run Behavior\BuildLiteBehavior [ RunTime:0.000120s ]
INFO: [ app_init ] --END-- [ RunTime:0.000693s ]
INFO: [ app_begin ] --START--
INFO: Run Behavior\ReadHtmlCacheBehavior [ RunTime:0.000572s ]
INFO: [ app_begin ] --END-- [ RunTime:0.000687s ]
INFO: [ view_parse ] --START--
NOTIC: [2] file_get_contents(./Application/Admin/View/Common/admin/footer.html): failed to open stream: No such file or directory E:\laragon\www\APP\ThinkPHP\Library\Think\Template.class.php 第 696 行.
INFO: [ template_filter ] --START--
INFO: Run Behavior\ContentReplaceBehavior [ RunTime:0.000110s ]
INFO: [ template_filter ] --END-- [ RunTime:0.000322s ]
NOTIC: [8] Undefined index: type E:\laragon\www\APP\Application\Runtime\Cache\Admin\5f5a152cff6220d4215ce3902f117f0b.php 第 129 行.
NOTIC: [8] Undefined index: type E:\laragon\www\APP\Application\Runtime\Cache\Admin\5f5a152cff6220d4215ce3902f117f0b.php 第 134 行.
NOTIC: [8] Undefined index: type E:\laragon\www\APP\Application\Runtime\Cache\Admin\5f5a152cff6220d4215ce3902f117f0b.php 第 139 行.
NOTIC: [8] Undefined variable: keyword E:\laragon\www\APP\Application\Runtime\Cache\Admin\5f5a152cff6220d4215ce3902f117f0b.php 第 162 行.
NOTIC: [8] Undefined index: p E:\laragon\www\APP\Application\Runtime\Cache\Admin\5f5a152cff6220d4215ce3902f117f0b.php 第 173 行.
NOTIC: [8] Undefined index: type E:\laragon\www\APP\Application\Runtime\Cache\Admin\5f5a152cff6220d4215ce3902f117f0b.php 第 182 行.
NOTIC: [8] Undefined variable:  E:\laragon\www\APP\Application\Runtime\Cache\Admin\5f5a152cff6220d4215ce3902f117f0b.php 第 182 行.
NOTIC: [8] Undefined index: type E:\laragon\www\APP\Application\Runtime\Cache\Admin\5f5a152cff6220d4215ce3902f117f0b.php 第 183 行.
NOTIC: [8] Undefined variable: hot E:\laragon\www\APP\Application\Runtime\Cache\Admin\5f5a152cff6220d4215ce3902f117f0b.php 第 193 行.
NOTIC: [8] Undefined variable: page E:\laragon\www\APP\Application\Runtime\Cache\Admin\5f5a152cff6220d4215ce3902f117f0b.php 第 220 行.
INFO: Run Behavior\ParseTemplateBehavior [ RunTime:0.017924s ]
INFO: [ view_parse ] --END-- [ RunTime:0.018086s ]
INFO: [ view_filter ] --START--
INFO: Run Behavior\WriteHtmlCacheBehavior [ RunTime:0.000738s ]
INFO: [ view_filter ] --END-- [ RunTime:0.000919s ]
INFO: [ app_end ] --START--
INFO: Run Behavior\ShowPageTraceBehavior [ RunTime:0.000823s ]
INFO: [ app_end ] --END-- [ RunTime:0.000949s ]

[ 2018-02-06T20:06:06+08:00 ] ::1 /APP/index.php/Admin/Hot/add.html
INFO: [ app_init ] --START--
INFO: Run Behavior\BuildLiteBehavior [ RunTime:0.000029s ]
INFO: [ app_init ] --END-- [ RunTime:0.000853s ]
INFO: [ app_begin ] --START--
INFO: Run Behavior\ReadHtmlCacheBehavior [ RunTime:0.000710s ]
INFO: [ app_begin ] --END-- [ RunTime:0.000852s ]
INFO: [ view_parse ] --START--
INFO: [ template_filter ] --START--
INFO: Run Behavior\ContentReplaceBehavior [ RunTime:0.000308s ]
INFO: [ template_filter ] --END-- [ RunTime:0.000670s ]
NOTIC: [8] Undefined variable: data E:\laragon\www\APP\Application\Runtime\Cache\Admin\b9133a1a32e5664a66228ceb35fb5954.php 第 131 行.
NOTIC: [8] Undefined variable: data E:\laragon\www\APP\Application\Runtime\Cache\Admin\b9133a1a32e5664a66228ceb35fb5954.php 第 137 行.
NOTIC: [8] Undefined variable: data E:\laragon\www\APP\Application\Runtime\Cache\Admin\b9133a1a32e5664a66228ceb35fb5954.php 第 144 行.
NOTIC: [8] Undefined variable: data E:\laragon\www\APP\Application\Runtime\Cache\Admin\b9133a1a32e5664a66228ceb35fb5954.php 第 147 行.
NOTIC: [8] Undefined variable: data E:\laragon\www\APP\Application\Runtime\Cache\Admin\b9133a1a32e5664a66228ceb35fb5954.php 第 150 行.
NOTIC: [8] Undefined variable: data E:\laragon\www\APP\Application\Runtime\Cache\Admin\b9133a1a32e5664a66228ceb35fb5954.php 第 166 行.
NOTIC: [8] Undefined variable: data E:\laragon\www\APP\Application\Runtime\Cache\Admin\b9133a1a32e5664a66228ceb35fb5954.php 第 169 行.
NOTIC: [8] Undefined variable: data E:\laragon\www\APP\Application\Runtime\Cache\Admin\b9133a1a32e5664a66228ceb35fb5954.php 第 177 行.
NOTIC: [8] Undefined index: id E:\laragon\www\APP\Application\Runtime\Cache\Admin\b9133a1a32e5664a66228ceb35fb5954.php 第 182 行.
NOTIC: [8] Undefined variable: data E:\laragon\www\APP\Application\Runtime\Cache\Admin\b9133a1a32e5664a66228ceb35fb5954.php 第 194 行.
INFO: Run Behavior\ParseTemplateBehavior [ RunTime:0.134625s ]
INFO: [ view_parse ] --END-- [ RunTime:0.134788s ]
INFO: [ view_filter ] --START--
INFO: Run Behavior\WriteHtmlCacheBehavior [ RunTime:0.000988s ]
INFO: [ view_filter ] --END-- [ RunTime:0.001170s ]
INFO: [ app_end ] --START--
INFO: Run Behavior\ShowPageTraceBehavior [ RunTime:0.002091s ]
INFO: [ app_end ] --END-- [ RunTime:0.002314s ]

[ 2018-02-06T20:06:09+08:00 ] ::1 /APP/index.php/Admin/MiddleLevel/lists.html
INFO: [ app_init ] --START--
INFO: Run Behavior\BuildLiteBehavior [ RunTime:0.000022s ]
INFO: [ app_init ] --END-- [ RunTime:0.000649s ]
INFO: [ app_begin ] --START--
INFO: Run Behavior\ReadHtmlCacheBehavior [ RunTime:0.000557s ]
INFO: [ app_begin ] --END-- [ RunTime:0.000668s ]
SQL: SHOW COLUMNS FROM `nav_middle_level` [ RunTime:0.0009s ]
NOTIC: [8] Undefined variable: map E:\laragon\www\APP\Application\Admin\Controller\MiddleLevelController.class.php 第 24 行.
SQL: SELECT COUNT(*) AS tp_count FROM `nav_middle_level` LIMIT 1   [ RunTime:0.0002s ]
SQL: SHOW COLUMNS FROM `nav_middle_level` [ RunTime:0.0007s ]
NOTIC: [8] Undefined variable: map E:\laragon\www\APP\Application\Admin\Controller\MiddleLevelController.class.php 第 29 行.
SQL: SELECT * FROM `nav_middle_level` ORDER BY high_id desc, sort desc LIMIT 0,10   [ RunTime:0.0060s ]
SQL: SHOW COLUMNS FROM `nav_high_level` [ RunTime:0.0008s ]
SQL: SELECT * FROM `nav_high_level` WHERE ( 1=1 AND id='19' ) LIMIT 1   [ RunTime:0.0003s ]
SQL: SELECT * FROM `nav_high_level` WHERE ( 1=1 AND id='19' ) LIMIT 1   [ RunTime:0.0003s ]
SQL: SELECT * FROM `nav_high_level` WHERE ( 1=1 AND id='19' ) LIMIT 1   [ RunTime:0.0003s ]
SQL: SELECT * FROM `nav_high_level` WHERE ( 1=1 AND id='19' ) LIMIT 1   [ RunTime:0.0003s ]
SQL: SELECT * FROM `nav_high_level` WHERE ( 1=1 AND id='19' ) LIMIT 1   [ RunTime:0.0003s ]
SQL: SELECT * FROM `nav_high_level` WHERE ( 1=1 AND id='19' ) LIMIT 1   [ RunTime:0.0003s ]
SQL: SELECT * FROM `nav_high_level` WHERE ( 1=1 AND id='19' ) LIMIT 1   [ RunTime:0.0003s ]
SQL: SELECT * FROM `nav_high_level` WHERE ( 1=1 AND id='19' ) LIMIT 1   [ RunTime:0.0003s ]
SQL: SELECT * FROM `nav_high_level` WHERE ( 1=1 AND id='18' ) LIMIT 1   [ RunTime:0.0004s ]
SQL: SELECT * FROM `nav_high_level` WHERE ( 1=1 AND id='18' ) LIMIT 1   [ RunTime:0.0004s ]
INFO: [ view_parse ] --START--
NOTIC: [2] file_get_contents(./Application/Admin/View/Common/admin/footer.html): failed to open stream: No such file or directory E:\laragon\www\APP\ThinkPHP\Library\Think\Template.class.php 第 696 行.
INFO: [ template_filter ] --START--
INFO: Run Behavior\ContentReplaceBehavior [ RunTime:0.000110s ]
INFO: [ template_filter ] --END-- [ RunTime:0.000237s ]
NOTIC: [8] Undefined variable: keyword E:\laragon\www\APP\Application\Runtime\Cache\Admin\48ca1265ace3084b6af5ae5fbf2adc84.php 第 146 行.
NOTIC: [8] Undefined index: entity_id E:\laragon\www\APP\Application\Runtime\Cache\Admin\48ca1265ace3084b6af5ae5fbf2adc84.php 第 177 行.
NOTIC: [8] Undefined index: entity_id E:\laragon\www\APP\Application\Runtime\Cache\Admin\48ca1265ace3084b6af5ae5fbf2adc84.php 第 178 行.
NOTIC: [8] Undefined index: entity_id E:\laragon\www\APP\Application\Runtime\Cache\Admin\48ca1265ace3084b6af5ae5fbf2adc84.php 第 177 行.
NOTIC: [8] Undefined index: entity_id E:\laragon\www\APP\Application\Runtime\Cache\Admin\48ca1265ace3084b6af5ae5fbf2adc84.php 第 178 行.
NOTIC: [8] Undefined index: entity_id E:\laragon\www\APP\Application\Runtime\Cache\Admin\48ca1265ace3084b6af5ae5fbf2adc84.php 第 177 行.
NOTIC: [8] Undefined index: entity_id E:\laragon\www\APP\Application\Runtime\Cache\Admin\48ca1265ace3084b6af5ae5fbf2adc84.php 第 178 行.
NOTIC: [8] Undefined index: entity_id E:\laragon\www\APP\Application\Runtime\Cache\Admin\48ca1265ace3084b6af5ae5fbf2adc84.php 第 177 行.
NOTIC: [8] Undefined index: entity_id E:\laragon\www\APP\Application\Runtime\Cache\Admin\48ca1265ace3084b6af5ae5fbf2adc84.php 第 178 行.
NOTIC: [8] Undefined index: entity_id E:\laragon\www\APP\Application\Runtime\Cache\Admin\48ca1265ace3084b6af5ae5fbf2adc84.php 第 177 行.
NOTIC: [8] Undefined index: entity_id E:\laragon\www\APP\Application\Runtime\Cache\Admin\48ca1265ace3084b6af5ae5fbf2adc84.php 第 178 行.
NOTIC: [8] Undefined index: entity_id E:\laragon\www\APP\Application\Runtime\Cache\Admin\48ca1265ace3084b6af5ae5fbf2adc84.php 第 177 行.
NOTIC: [8] Undefined index: entity_id E:\laragon\www\APP\Application\Runtime\Cache\Admin\48ca1265ace3084b6af5ae5fbf2adc84.php 第 178 行.
NOTIC: [8] Undefined index: entity_id E:\laragon\www\APP\Application\Runtime\Cache\Admin\48ca1265ace3084b6af5ae5fbf2adc84.php 第 177 行.
NOTIC: [8] Undefined index: entity_id E:\laragon\www\APP\Application\Runtime\Cache\Admin\48ca1265ace3084b6af5ae5fbf2adc84.php 第 178 行.
NOTIC: [8] Undefined index: entity_id E:\laragon\www\APP\Application\Runtime\Cache\Admin\48ca1265ace3084b6af5ae5fbf2adc84.php 第 177 行.
NOTIC: [8] Undefined index: entity_id E:\laragon\www\APP\Application\Runtime\Cache\Admin\48ca1265ace3084b6af5ae5fbf2adc84.php 第 178 行.
NOTIC: [8] Undefined index: entity_id E:\laragon\www\APP\Application\Runtime\Cache\Admin\48ca1265ace3084b6af5ae5fbf2adc84.php 第 177 行.
NOTIC: [8] Undefined index: entity_id E:\laragon\www\APP\Application\Runtime\Cache\Admin\48ca1265ace3084b6af5ae5fbf2adc84.php 第 178 行.
NOTIC: [8] Undefined index: entity_id E:\laragon\www\APP\Application\Runtime\Cache\Admin\48ca1265ace3084b6af5ae5fbf2adc84.php 第 177 行.
NOTIC: [8] Undefined index: entity_id E:\laragon\www\APP\Application\Runtime\Cache\Admin\48ca1265ace3084b6af5ae5fbf2adc84.php 第 178 行.
INFO: Run Behavior\ParseTemplateBehavior [ RunTime:0.030546s ]
INFO: [ view_parse ] --END-- [ RunTime:0.030677s ]
INFO: [ view_filter ] --START--
INFO: Run Behavior\WriteHtmlCacheBehavior [ RunTime:0.000557s ]
INFO: [ view_filter ] --END-- [ RunTime:0.000658s ]
INFO: [ app_end ] --START--
INFO: Run Behavior\ShowPageTraceBehavior [ RunTime:0.000924s ]
INFO: [ app_end ] --END-- [ RunTime:0.001081s ]

[ 2018-02-06T20:06:12+08:00 ] ::1 /APP/index.php/Admin/DataList/lists.html
INFO: [ app_init ] --START--
INFO: Run Behavior\BuildLiteBehavior [ RunTime:0.000030s ]
INFO: [ app_init ] --END-- [ RunTime:0.000711s ]
INFO: [ app_begin ] --START--
INFO: Run Behavior\ReadHtmlCacheBehavior [ RunTime:0.000712s ]
INFO: [ app_begin ] --END-- [ RunTime:0.000856s ]
SQL: SHOW COLUMNS FROM `nav_datalist` [ RunTime:0.0009s ]
NOTIC: [8] Undefined variable: map E:\laragon\www\APP\Application\Admin\Controller\DataListController.class.php 第 25 行.
SQL: SELECT COUNT(*) AS tp_count FROM `nav_datalist` LIMIT 1   [ RunTime:0.0003s ]
NOTIC: [8] Undefined variable: map E:\laragon\www\APP\Application\Admin\Controller\DataListController.class.php 第 29 行.
SQL: SELECT * FROM `nav_datalist` ORDER BY sort desc LIMIT 0,10   [ RunTime:0.0004s ]
INFO: [ view_parse ] --START--
NOTIC: [2] file_get_contents(./Application/Admin/View/Common/admin/footer.html): failed to open stream: No such file or directory E:\laragon\www\APP\ThinkPHP\Library\Think\Template.class.php 第 696 行.
INFO: [ template_filter ] --START--
INFO: Run Behavior\ContentReplaceBehavior [ RunTime:0.000111s ]
INFO: [ template_filter ] --END-- [ RunTime:0.000225s ]
NOTIC: [8] Undefined variable: keyword E:\laragon\www\APP\Application\Runtime\Cache\Admin\38e6bd4680dc044e2a5023db4d1c29df.php 第 146 行.
NOTIC: [8] Undefined index: p E:\laragon\www\APP\Application\Runtime\Cache\Admin\38e6bd4680dc044e2a5023db4d1c29df.php 第 157 行.
NOTIC: [8] Undefined index: entity_id E:\laragon\www\APP\Application\Runtime\Cache\Admin\38e6bd4680dc044e2a5023db4d1c29df.php 第 179 行.
NOTIC: [8] Undefined index: entity_id E:\laragon\www\APP\Application\Runtime\Cache\Admin\38e6bd4680dc044e2a5023db4d1c29df.php 第 180 行.
SQL: SELECT * FROM `nav_datalist` WHERE `id` = 101 LIMIT 1   [ RunTime:0.0005s ]
SQL: SHOW COLUMNS FROM `nav_middle_level` [ RunTime:0.0009s ]
SQL: SELECT `id`,`high_id`,`middle_name` FROM `nav_middle_level` WHERE `id` = 30 LIMIT 1   [ RunTime:0.0004s ]
SQL: SHOW COLUMNS FROM `nav_high_level` [ RunTime:0.0007s ]
SQL: SELECT `high_name` FROM `nav_high_level` WHERE `id` = 12 LIMIT 1   [ RunTime:0.0003s ]
SQL: SHOW COLUMNS FROM `nav_elementary_level` [ RunTime:0.0007s ]
SQL: SELECT `elementary_name` FROM `nav_elementary_level` WHERE `id` = 30 LIMIT 1   [ RunTime:0.0004s ]
NOTIC: [8] Undefined index: entity_id E:\laragon\www\APP\Application\Runtime\Cache\Admin\38e6bd4680dc044e2a5023db4d1c29df.php 第 179 行.
NOTIC: [8] Undefined index: entity_id E:\laragon\www\APP\Application\Runtime\Cache\Admin\38e6bd4680dc044e2a5023db4d1c29df.php 第 180 行.
SQL: SELECT * FROM `nav_datalist` WHERE `id` = 98 LIMIT 1   [ RunTime:0.0003s ]
SQL: SELECT `high_name` FROM `nav_high_level` WHERE `id` = 0 LIMIT 1   [ RunTime:0.0003s ]
NOTIC: [8] Undefined index: entity_id E:\laragon\www\APP\Application\Runtime\Cache\Admin\38e6bd4680dc044e2a5023db4d1c29df.php 第 179 行.
NOTIC: [8] Undefined index: entity_id E:\laragon\www\APP\Application\Runtime\Cache\Admin\38e6bd4680dc044e2a5023db4d1c29df.php 第 180 行.
SQL: SELECT * FROM `nav_datalist` WHERE `id` = 99 LIMIT 1   [ RunTime:0.0003s ]
SQL: SELECT `high_name` FROM `nav_high_level` WHERE `id` = 0 LIMIT 1   [ RunTime:0.0003s ]
NOTIC: [8] Undefined index: entity_id E:\laragon\www\APP\Application\Runtime\Cache\Admin\38e6bd4680dc044e2a5023db4d1c29df.php 第 179 行.
NOTIC: [8] Undefined index: entity_id E:\laragon\www\APP\Application\Runtime\Cache\Admin\38e6bd4680dc044e2a5023db4d1c29df.php 第 180 行.
SQL: SELECT * FROM `nav_datalist` WHERE `id` = 100 LIMIT 1   [ RunTime:0.0004s ]
SQL: SELECT `high_name` FROM `nav_high_level` WHERE `id` = 0 LIMIT 1   [ RunTime:0.0004s ]
NOTIC: [8] Undefined index: entity_id E:\laragon\www\APP\Application\Runtime\Cache\Admin\38e6bd4680dc044e2a5023db4d1c29df.php 第 179 行.
NOTIC: [8] Undefined index: entity_id E:\laragon\www\APP\Application\Runtime\Cache\Admin\38e6bd4680dc044e2a5023db4d1c29df.php 第 180 行.
SQL: SELECT * FROM `nav_datalist` WHERE `id` = 97 LIMIT 1   [ RunTime:0.0004s ]
SQL: SELECT `id`,`high_id`,`middle_name` FROM `nav_middle_level` WHERE `id` = 17 LIMIT 1   [ RunTime:0.0003s ]
SQL: SELECT `high_name` FROM `nav_high_level` WHERE `id` = 15 LIMIT 1   [ RunTime:0.0003s ]
SQL: SELECT `elementary_name` FROM `nav_elementary_level` WHERE `id` = 22 LIMIT 1   [ RunTime:0.0004s ]
NOTIC: [8] Undefined index: entity_id E:\laragon\www\APP\Application\Runtime\Cache\Admin\38e6bd4680dc044e2a5023db4d1c29df.php 第 179 行.
NOTIC: [8] Undefined index: entity_id E:\laragon\www\APP\Application\Runtime\Cache\Admin\38e6bd4680dc044e2a5023db4d1c29df.php 第 180 行.
SQL: SELECT * FROM `nav_datalist` WHERE `id` = 91 LIMIT 1   [ RunTime:0.0004s ]
SQL: SELECT `high_name` FROM `nav_high_level` WHERE `id` = 16 LIMIT 1   [ RunTime:0.0003s ]
NOTIC: [8] Undefined index: entity_id E:\laragon\www\APP\Application\Runtime\Cache\Admin\38e6bd4680dc044e2a5023db4d1c29df.php 第 179 行.
NOTIC: [8] Undefined index: entity_id E:\laragon\www\APP\Application\Runtime\Cache\Admin\38e6bd4680dc044e2a5023db4d1c29df.php 第 180 行.
SQL: SELECT * FROM `nav_datalist` WHERE `id` = 93 LIMIT 1   [ RunTime:0.0004s ]
SQL: SELECT `id`,`high_id`,`middle_name` FROM `nav_middle_level` WHERE `id` = 22 LIMIT 1   [ RunTime:0.0003s ]
SQL: SELECT `high_name` FROM `nav_high_level` WHERE `id` = 15 LIMIT 1   [ RunTime:0.0003s ]
SQL: SELECT `elementary_name` FROM `nav_elementary_level` WHERE `id` = 25 LIMIT 1   [ RunTime:0.0003s ]
NOTIC: [8] Undefined index: entity_id E:\laragon\www\APP\Application\Runtime\Cache\Admin\38e6bd4680dc044e2a5023db4d1c29df.php 第 179 行.
NOTIC: [8] Undefined index: entity_id E:\laragon\www\APP\Application\Runtime\Cache\Admin\38e6bd4680dc044e2a5023db4d1c29df.php 第 180 行.
SQL: SELECT * FROM `nav_datalist` WHERE `id` = 94 LIMIT 1   [ RunTime:0.0004s ]
SQL: SELECT `id`,`high_id`,`middle_name` FROM `nav_middle_level` WHERE `id` = 22 LIMIT 1   [ RunTime:0.0003s ]
SQL: SELECT `high_name` FROM `nav_high_level` WHERE `id` = 15 LIMIT 1   [ RunTime:0.0003s ]
SQL: SELECT `elementary_name` FROM `nav_elementary_level` WHERE `id` = 25 LIMIT 1   [ RunTime:0.0003s ]
NOTIC: [8] Undefined index: entity_id E:\laragon\www\APP\Application\Runtime\Cache\Admin\38e6bd4680dc044e2a5023db4d1c29df.php 第 179 行.
NOTIC: [8] Undefined index: entity_id E:\laragon\www\APP\Application\Runtime\Cache\Admin\38e6bd4680dc044e2a5023db4d1c29df.php 第 180 行.
SQL: SELECT * FROM `nav_datalist` WHERE `id` = 9 LIMIT 1   [ RunTime:0.0005s ]
SQL: SELECT `id`,`high_id`,`middle_name` FROM `nav_middle_level` WHERE `id` = 17 LIMIT 1   [ RunTime:0.0003s ]
SQL: SELECT `high_name` FROM `nav_high_level` WHERE `id` = 15 LIMIT 1   [ RunTime:0.0003s ]
SQL: SELECT `elementary_name` FROM `nav_elementary_level` WHERE `id` = 21 LIMIT 1   [ RunTime:0.0004s ]
NOTIC: [8] Undefined index: entity_id E:\laragon\www\APP\Application\Runtime\Cache\Admin\38e6bd4680dc044e2a5023db4d1c29df.php 第 179 行.
NOTIC: [8] Undefined index: entity_id E:\laragon\www\APP\Application\Runtime\Cache\Admin\38e6bd4680dc044e2a5023db4d1c29df.php 第 180 行.
SQL: SELECT * FROM `nav_datalist` WHERE `id` = 90 LIMIT 1   [ RunTime:0.0003s ]
SQL: SELECT `id`,`high_id`,`middle_name` FROM `nav_middle_level` WHERE `id` = 17 LIMIT 1   [ RunTime:0.0003s ]
SQL: SELECT `high_name` FROM `nav_high_level` WHERE `id` = 15 LIMIT 1   [ RunTime:0.0003s ]
SQL: SELECT `elementary_name` FROM `nav_elementary_level` WHERE `id` = 22 LIMIT 1   [ RunTime:0.0003s ]
INFO: Run Behavior\ParseTemplateBehavior [ RunTime:0.044900s ]
INFO: [ view_parse ] --END-- [ RunTime:0.045005s ]
INFO: [ view_filter ] --START--
INFO: Run Behavior\WriteHtmlCacheBehavior [ RunTime:0.000612s ]
INFO: [ view_filter ] --END-- [ RunTime:0.000712s ]
INFO: [ app_end ] --START--
INFO: Run Behavior\ShowPageTraceBehavior [ RunTime:0.001186s ]
INFO: [ app_end ] --END-- [ RunTime:0.001304s ]

[ 2018-02-06T20:06:20+08:00 ] ::1 /APP/index.php/Admin/Hot/lists.html
INFO: [ app_init ] --START--
INFO: Run Behavior\BuildLiteBehavior [ RunTime:0.000035s ]
INFO: [ app_init ] --END-- [ RunTime:0.000703s ]
INFO: [ app_begin ] --START--
INFO: Run Behavior\ReadHtmlCacheBehavior [ RunTime:0.000702s ]
INFO: [ app_begin ] --END-- [ RunTime:0.000847s ]
INFO: [ view_parse ] --START--
NOTIC: [2] file_get_contents(./Application/Admin/View/Common/admin/footer.html): failed to open stream: No such file or directory E:\laragon\www\APP\ThinkPHP\Library\Think\Template.class.php 第 696 行.
INFO: [ template_filter ] --START--
INFO: Run Behavior\ContentReplaceBehavior [ RunTime:0.000109s ]
INFO: [ template_filter ] --END-- [ RunTime:0.000222s ]
NOTIC: [8] Undefined index: type E:\laragon\www\APP\Application\Runtime\Cache\Admin\5f5a152cff6220d4215ce3902f117f0b.php 第 129 行.
NOTIC: [8] Undefined index: type E:\laragon\www\APP\Application\Runtime\Cache\Admin\5f5a152cff6220d4215ce3902f117f0b.php 第 134 行.
NOTIC: [8] Undefined index: type E:\laragon\www\APP\Application\Runtime\Cache\Admin\5f5a152cff6220d4215ce3902f117f0b.php 第 139 行.
NOTIC: [8] Undefined variable: keyword E:\laragon\www\APP\Application\Runtime\Cache\Admin\5f5a152cff6220d4215ce3902f117f0b.php 第 162 行.
NOTIC: [8] Undefined index: p E:\laragon\www\APP\Application\Runtime\Cache\Admin\5f5a152cff6220d4215ce3902f117f0b.php 第 173 行.
NOTIC: [8] Undefined index: type E:\laragon\www\APP\Application\Runtime\Cache\Admin\5f5a152cff6220d4215ce3902f117f0b.php 第 182 行.
NOTIC: [8] Undefined variable:  E:\laragon\www\APP\Application\Runtime\Cache\Admin\5f5a152cff6220d4215ce3902f117f0b.php 第 182 行.
NOTIC: [8] Undefined index: type E:\laragon\www\APP\Application\Runtime\Cache\Admin\5f5a152cff6220d4215ce3902f117f0b.php 第 183 行.
NOTIC: [8] Undefined variable: hot E:\laragon\www\APP\Application\Runtime\Cache\Admin\5f5a152cff6220d4215ce3902f117f0b.php 第 193 行.
NOTIC: [8] Undefined variable: page E:\laragon\www\APP\Application\Runtime\Cache\Admin\5f5a152cff6220d4215ce3902f117f0b.php 第 220 行.
INFO: Run Behavior\ParseTemplateBehavior [ RunTime:0.017035s ]
INFO: [ view_parse ] --END-- [ RunTime:0.017142s ]
INFO: [ view_filter ] --START--
INFO: Run Behavior\WriteHtmlCacheBehavior [ RunTime:0.000446s ]
INFO: [ view_filter ] --END-- [ RunTime:0.000546s ]
INFO: [ app_end ] --START--
INFO: Run Behavior\ShowPageTraceBehavior [ RunTime:0.000939s ]
INFO: [ app_end ] --END-- [ RunTime:0.001050s ]

[ 2018-02-06T22:55:38+08:00 ] ::1 /APP/Admin/Index/index
INFO: [ app_init ] --START--
INFO: Run Behavior\BuildLiteBehavior [ RunTime:0.000024s ]
INFO: [ app_init ] --END-- [ RunTime:0.001309s ]
INFO: [ app_begin ] --START--
INFO: Run Behavior\ReadHtmlCacheBehavior [ RunTime:0.001154s ]
INFO: [ app_begin ] --END-- [ RunTime:0.001244s ]

[ 2018-02-06T22:55:40+08:00 ] ::1 /APP/index.php/Admin/Public/login.html
INFO: [ app_init ] --START--
INFO: Run Behavior\BuildLiteBehavior [ RunTime:0.000020s ]
INFO: [ app_init ] --END-- [ RunTime:0.000435s ]
INFO: [ app_begin ] --START--
INFO: Run Behavior\ReadHtmlCacheBehavior [ RunTime:0.000504s ]
INFO: [ app_begin ] --END-- [ RunTime:0.000581s ]
INFO: [ view_parse ] --START--
INFO: [ template_filter ] --START--
INFO: Run Behavior\ContentReplaceBehavior [ RunTime:0.016609s ]
INFO: [ template_filter ] --END-- [ RunTime:0.016705s ]
INFO: Run Behavior\ParseTemplateBehavior [ RunTime:0.040117s ]
INFO: [ view_parse ] --END-- [ RunTime:0.040212s ]
INFO: [ view_filter ] --START--
INFO: Run Behavior\WriteHtmlCacheBehavior [ RunTime:0.009390s ]
INFO: [ view_filter ] --END-- [ RunTime:0.009476s ]
INFO: [ app_end ] --START--
INFO: Run Behavior\ShowPageTraceBehavior [ RunTime:0.011043s ]
INFO: [ app_end ] --END-- [ RunTime:0.011130s ]

[ 2018-02-06T22:55:41+08:00 ] ::1 /APP/index.php/Admin/Public/verify.html
INFO: [ app_init ] --START--
INFO: Run Behavior\BuildLiteBehavior [ RunTime:0.000018s ]
INFO: [ app_init ] --END-- [ RunTime:0.000520s ]
INFO: [ app_begin ] --START--
INFO: Run Behavior\ReadHtmlCacheBehavior [ RunTime:0.000553s ]
INFO: [ app_begin ] --END-- [ RunTime:0.000626s ]
INFO: [ app_end ] --START--
INFO: Run Behavior\ShowPageTraceBehavior [ RunTime:0.000914s ]
INFO: [ app_end ] --END-- [ RunTime:0.001073s ]

[ 2018-02-06T22:56:07+08:00 ] ::1 /APP/index.php/Admin/Public/checkLogin.html
INFO: [ app_init ] --START--
INFO: Run Behavior\BuildLiteBehavior [ RunTime:0.000029s ]
INFO: [ app_init ] --END-- [ RunTime:0.000840s ]
INFO: [ app_begin ] --START--
INFO: Run Behavior\ReadHtmlCacheBehavior [ RunTime:0.000906s ]
INFO: [ app_begin ] --END-- [ RunTime:0.001012s ]
SQL: SHOW COLUMNS FROM `nav_admin` [ RunTime:0.0412s ]
SQL: SELECT * FROM `nav_admin` WHERE `username` = 'mr' LIMIT 1   [ RunTime:0.0112s ]

[ 2018-02-06T22:56:08+08:00 ] ::1 /APP/index.php/Admin/Index/index.html
INFO: [ app_init ] --START--
INFO: Run Behavior\BuildLiteBehavior [ RunTime:0.000052s ]
INFO: [ app_init ] --END-- [ RunTime:0.001418s ]
INFO: [ app_begin ] --START--
INFO: Run Behavior\ReadHtmlCacheBehavior [ RunTime:0.001594s ]
INFO: [ app_begin ] --END-- [ RunTime:0.001827s ]

[ 2018-02-06T22:56:09+08:00 ] ::1 /APP/index.php/Admin/HighLevel/lists.html
INFO: [ app_init ] --START--
INFO: Run Behavior\BuildLiteBehavior [ RunTime:0.000052s ]
INFO: [ app_init ] --END-- [ RunTime:0.001378s ]
INFO: [ app_begin ] --START--
INFO: Run Behavior\ReadHtmlCacheBehavior [ RunTime:0.001548s ]
INFO: [ app_begin ] --END-- [ RunTime:0.001775s ]
SQL: SHOW COLUMNS FROM `nav_high_level` [ RunTime:0.0035s ]
SQL: SELECT COUNT(*) AS tp_count FROM `nav_high_level` LIMIT 1   [ RunTime:0.0140s ]
NOTIC: [8] Undefined variable: map E:\laragon\www\APP\Application\Admin\Controller\HighLevelController.class.php 第 29 行.
SQL: SELECT * FROM `nav_high_level` LIMIT 0,10   [ RunTime:0.0014s ]
INFO: [ view_parse ] --START--
NOTIC: [2] file_get_contents(./Application/Admin/View/Common/admin/footer.html): failed to open stream: No such file or directory E:\laragon\www\APP\ThinkPHP\Library\Think\Template.class.php 第 696 行.
INFO: [ template_filter ] --START--
INFO: Run Behavior\ContentReplaceBehavior [ RunTime:0.000202s ]
INFO: [ template_filter ] --END-- [ RunTime:0.000423s ]
NOTIC: [8] Undefined variable: keyword E:\laragon\www\APP\Application\Runtime\Cache\Admin\9c2beb313b914c6391b3fbbcdfe3fff0.php 第 146 行.
NOTIC: [8] Undefined index: p E:\laragon\www\APP\Application\Runtime\Cache\Admin\9c2beb313b914c6391b3fbbcdfe3fff0.php 第 157 行.
NOTIC: [8] Undefined index: entity_id E:\laragon\www\APP\Application\Runtime\Cache\Admin\9c2beb313b914c6391b3fbbcdfe3fff0.php 第 178 行.
NOTIC: [8] Undefined index: entity_id E:\laragon\www\APP\Application\Runtime\Cache\Admin\9c2beb313b914c6391b3fbbcdfe3fff0.php 第 179 行.
NOTIC: [8] Undefined index: entity_id E:\laragon\www\APP\Application\Runtime\Cache\Admin\9c2beb313b914c6391b3fbbcdfe3fff0.php 第 178 行.
NOTIC: [8] Undefined index: entity_id E:\laragon\www\APP\Application\Runtime\Cache\Admin\9c2beb313b914c6391b3fbbcdfe3fff0.php 第 179 行.
NOTIC: [8] Undefined index: entity_id E:\laragon\www\APP\Application\Runtime\Cache\Admin\9c2beb313b914c6391b3fbbcdfe3fff0.php 第 178 行.
NOTIC: [8] Undefined index: entity_id E:\laragon\www\APP\Application\Runtime\Cache\Admin\9c2beb313b914c6391b3fbbcdfe3fff0.php 第 179 行.
NOTIC: [8] Undefined index: entity_id E:\laragon\www\APP\Application\Runtime\Cache\Admin\9c2beb313b914c6391b3fbbcdfe3fff0.php 第 178 行.
NOTIC: [8] Undefined index: entity_id E:\laragon\www\APP\Application\Runtime\Cache\Admin\9c2beb313b914c6391b3fbbcdfe3fff0.php 第 179 行.
NOTIC: [8] Undefined index: entity_id E:\laragon\www\APP\Application\Runtime\Cache\Admin\9c2beb313b914c6391b3fbbcdfe3fff0.php 第 178 行.
NOTIC: [8] Undefined index: entity_id E:\laragon\www\APP\Application\Runtime\Cache\Admin\9c2beb313b914c6391b3fbbcdfe3fff0.php 第 179 行.
NOTIC: [8] Undefined index: entity_id E:\laragon\www\APP\Application\Runtime\Cache\Admin\9c2beb313b914c6391b3fbbcdfe3fff0.php 第 178 行.
NOTIC: [8] Undefined index: entity_id E:\laragon\www\APP\Application\Runtime\Cache\Admin\9c2beb313b914c6391b3fbbcdfe3fff0.php 第 179 行.
NOTIC: [8] Undefined index: entity_id E:\laragon\www\APP\Application\Runtime\Cache\Admin\9c2beb313b914c6391b3fbbcdfe3fff0.php 第 178 行.
NOTIC: [8] Undefined index: entity_id E:\laragon\www\APP\Application\Runtime\Cache\Admin\9c2beb313b914c6391b3fbbcdfe3fff0.php 第 179 行.
NOTIC: [8] Undefined index: entity_id E:\laragon\www\APP\Application\Runtime\Cache\Admin\9c2beb313b914c6391b3fbbcdfe3fff0.php 第 178 行.
NOTIC: [8] Undefined index: entity_id E:\laragon\www\APP\Application\Runtime\Cache\Admin\9c2beb313b914c6391b3fbbcdfe3fff0.php 第 179 行.
NOTIC: [8] Undefined index: entity_id E:\laragon\www\APP\Application\Runtime\Cache\Admin\9c2beb313b914c6391b3fbbcdfe3fff0.php 第 178 行.
NOTIC: [8] Undefined index: entity_id E:\laragon\www\APP\Application\Runtime\Cache\Admin\9c2beb313b914c6391b3fbbcdfe3fff0.php 第 179 行.
INFO: Run Behavior\ParseTemplateBehavior [ RunTime:0.077581s ]
INFO: [ view_parse ] --END-- [ RunTime:0.077817s ]
INFO: [ view_filter ] --START--
INFO: Run Behavior\WriteHtmlCacheBehavior [ RunTime:0.001097s ]
INFO: [ view_filter ] --END-- [ RunTime:0.001315s ]
INFO: [ app_end ] --START--
INFO: Run Behavior\ShowPageTraceBehavior [ RunTime:0.002888s ]
INFO: [ app_end ] --END-- [ RunTime:0.003121s ]

[ 2018-02-06T22:56:16+08:00 ] ::1 /APP/index.php/Admin/ElementaryLevel/lists.html
INFO: [ app_init ] --START--
INFO: Run Behavior\BuildLiteBehavior [ RunTime:0.000052s ]
INFO: [ app_init ] --END-- [ RunTime:0.001410s ]
INFO: [ app_begin ] --START--
INFO: Run Behavior\ReadHtmlCacheBehavior [ RunTime:0.001538s ]
INFO: [ app_begin ] --END-- [ RunTime:0.001756s ]
SQL: SHOW COLUMNS FROM `nav_elementary_level` [ RunTime:0.1072s ]
NOTIC: [8] Undefined variable: map E:\laragon\www\APP\Application\Admin\Controller\ElementaryLevelController.class.php 第 25 行.
SQL: SELECT COUNT(*) AS tp_count FROM `nav_elementary_level` LIMIT 1   [ RunTime:0.0008s ]
NOTIC: [8] Undefined variable: map E:\laragon\www\APP\Application\Admin\Controller\ElementaryLevelController.class.php 第 29 行.
SQL: SELECT * FROM `nav_elementary_level` ORDER BY sort desc LIMIT 0,10   [ RunTime:0.0156s ]
INFO: [ view_parse ] --START--
NOTIC: [2] file_get_contents(./Application/Admin/View/Common/admin/footer.html): failed to open stream: No such file or directory E:\laragon\www\APP\ThinkPHP\Library\Think\Template.class.php 第 696 行.
INFO: [ template_filter ] --START--
INFO: Run Behavior\ContentReplaceBehavior [ RunTime:0.000198s ]
INFO: [ template_filter ] --END-- [ RunTime:0.000414s ]
NOTIC: [8] Undefined variable: keyword E:\laragon\www\APP\Application\Runtime\Cache\Admin\756ab8553d3f81609a91e0b03f281eb2.php 第 142 行.
NOTIC: [8] Undefined index: p E:\laragon\www\APP\Application\Runtime\Cache\Admin\756ab8553d3f81609a91e0b03f281eb2.php 第 153 行.
NOTIC: [8] Undefined index: entity_id E:\laragon\www\APP\Application\Runtime\Cache\Admin\756ab8553d3f81609a91e0b03f281eb2.php 第 172 行.
NOTIC: [8] Undefined index: entity_id E:\laragon\www\APP\Application\Runtime\Cache\Admin\756ab8553d3f81609a91e0b03f281eb2.php 第 173 行.
SQL: SHOW COLUMNS FROM `nav_middle_level` [ RunTime:0.0035s ]
SQL: SELECT `id`,`high_id`,`middle_name` FROM `nav_middle_level` WHERE `id` = 29 LIMIT 1   [ RunTime:0.0011s ]
SQL: SHOW COLUMNS FROM `nav_high_level` [ RunTime:0.0019s ]
SQL: SELECT `high_name` FROM `nav_high_level` WHERE `id` = 12 LIMIT 1   [ RunTime:0.0006s ]
NOTIC: [8] Undefined index: entity_id E:\laragon\www\APP\Application\Runtime\Cache\Admin\756ab8553d3f81609a91e0b03f281eb2.php 第 172 行.
NOTIC: [8] Undefined index: entity_id E:\laragon\www\APP\Application\Runtime\Cache\Admin\756ab8553d3f81609a91e0b03f281eb2.php 第 173 行.
SQL: SELECT `id`,`high_id`,`middle_name` FROM `nav_middle_level` WHERE `id` = 17 LIMIT 1   [ RunTime:0.0012s ]
SQL: SELECT `high_name` FROM `nav_high_level` WHERE `id` = 15 LIMIT 1   [ RunTime:0.0007s ]
NOTIC: [8] Undefined index: entity_id E:\laragon\www\APP\Application\Runtime\Cache\Admin\756ab8553d3f81609a91e0b03f281eb2.php 第 172 行.
NOTIC: [8] Undefined index: entity_id E:\laragon\www\APP\Application\Runtime\Cache\Admin\756ab8553d3f81609a91e0b03f281eb2.php 第 173 行.
SQL: SELECT `id`,`high_id`,`middle_name` FROM `nav_middle_level` WHERE `id` = 30 LIMIT 1   [ RunTime:0.0006s ]
SQL: SELECT `high_name` FROM `nav_high_level` WHERE `id` = 12 LIMIT 1   [ RunTime:0.0006s ]
NOTIC: [8] Undefined index: entity_id E:\laragon\www\APP\Application\Runtime\Cache\Admin\756ab8553d3f81609a91e0b03f281eb2.php 第 172 行.
NOTIC: [8] Undefined index: entity_id E:\laragon\www\APP\Application\Runtime\Cache\Admin\756ab8553d3f81609a91e0b03f281eb2.php 第 173 行.
SQL: SELECT `id`,`high_id`,`middle_name` FROM `nav_middle_level` WHERE `id` = 16 LIMIT 1   [ RunTime:0.0006s ]
SQL: SELECT `high_name` FROM `nav_high_level` WHERE `id` = 13 LIMIT 1   [ RunTime:0.0006s ]
NOTIC: [8] Undefined index: entity_id E:\laragon\www\APP\Application\Runtime\Cache\Admin\756ab8553d3f81609a91e0b03f281eb2.php 第 172 行.
NOTIC: [8] Undefined index: entity_id E:\laragon\www\APP\Application\Runtime\Cache\Admin\756ab8553d3f81609a91e0b03f281eb2.php 第 173 行.
SQL: SELECT `id`,`high_id`,`middle_name` FROM `nav_middle_level` WHERE `id` = 17 LIMIT 1   [ RunTime:0.0007s ]
SQL: SELECT `high_name` FROM `nav_high_level` WHERE `id` = 15 LIMIT 1   [ RunTime:0.0006s ]
NOTIC: [8] Undefined index: entity_id E:\laragon\www\APP\Application\Runtime\Cache\Admin\756ab8553d3f81609a91e0b03f281eb2.php 第 172 行.
NOTIC: [8] Undefined index: entity_id E:\laragon\www\APP\Application\Runtime\Cache\Admin\756ab8553d3f81609a91e0b03f281eb2.php 第 173 行.
SQL: SELECT `id`,`high_id`,`middle_name` FROM `nav_middle_level` WHERE `id` = 17 LIMIT 1   [ RunTime:0.0007s ]
SQL: SELECT `high_name` FROM `nav_high_level` WHERE `id` = 15 LIMIT 1   [ RunTime:0.0006s ]
NOTIC: [8] Undefined index: entity_id E:\laragon\www\APP\Application\Runtime\Cache\Admin\756ab8553d3f81609a91e0b03f281eb2.php 第 172 行.
NOTIC: [8] Undefined index: entity_id E:\laragon\www\APP\Application\Runtime\Cache\Admin\756ab8553d3f81609a91e0b03f281eb2.php 第 173 行.
SQL: SELECT `id`,`high_id`,`middle_name` FROM `nav_middle_level` WHERE `id` = 22 LIMIT 1   [ RunTime:0.0011s ]
SQL: SELECT `high_name` FROM `nav_high_level` WHERE `id` = 15 LIMIT 1   [ RunTime:0.0006s ]
NOTIC: [8] Undefined index: entity_id E:\laragon\www\APP\Application\Runtime\Cache\Admin\756ab8553d3f81609a91e0b03f281eb2.php 第 172 行.
NOTIC: [8] Undefined index: entity_id E:\laragon\www\APP\Application\Runtime\Cache\Admin\756ab8553d3f81609a91e0b03f281eb2.php 第 173 行.
SQL: SELECT `id`,`high_id`,`middle_name` FROM `nav_middle_level` WHERE `id` = 16 LIMIT 1   [ RunTime:0.0006s ]
SQL: SELECT `high_name` FROM `nav_high_level` WHERE `id` = 13 LIMIT 1   [ RunTime:0.0005s ]
NOTIC: [8] Undefined index: entity_id E:\laragon\www\APP\Application\Runtime\Cache\Admin\756ab8553d3f81609a91e0b03f281eb2.php 第 172 行.
NOTIC: [8] Undefined index: entity_id E:\laragon\www\APP\Application\Runtime\Cache\Admin\756ab8553d3f81609a91e0b03f281eb2.php 第 173 行.
SQL: SELECT `id`,`high_id`,`middle_name` FROM `nav_middle_level` WHERE `id` = 17 LIMIT 1   [ RunTime:0.0006s ]
SQL: SELECT `high_name` FROM `nav_high_level` WHERE `id` = 15 LIMIT 1   [ RunTime:0.0006s ]
NOTIC: [8] Undefined index: entity_id E:\laragon\www\APP\Application\Runtime\Cache\Admin\756ab8553d3f81609a91e0b03f281eb2.php 第 172 行.
NOTIC: [8] Undefined index: entity_id E:\laragon\www\APP\Application\Runtime\Cache\Admin\756ab8553d3f81609a91e0b03f281eb2.php 第 173 行.
SQL: SELECT `id`,`high_id`,`middle_name` FROM `nav_middle_level` WHERE `id` = 17 LIMIT 1   [ RunTime:0.0006s ]
SQL: SELECT `high_name` FROM `nav_high_level` WHERE `id` = 15 LIMIT 1   [ RunTime:0.0006s ]
INFO: Run Behavior\ParseTemplateBehavior [ RunTime:0.088546s ]
INFO: [ view_parse ] --END-- [ RunTime:0.088766s ]
INFO: [ view_filter ] --START--
INFO: Run Behavior\WriteHtmlCacheBehavior [ RunTime:0.001154s ]
INFO: [ view_filter ] --END-- [ RunTime:0.001376s ]
INFO: [ app_end ] --START--
INFO: Run Behavior\ShowPageTraceBehavior [ RunTime:0.001724s ]
INFO: [ app_end ] --END-- [ RunTime:0.001947s ]

[ 2018-02-06T22:56:19+08:00 ] ::1 /APP/index.php/Admin/Hot/lists.html
INFO: [ app_init ] --START--
INFO: Run Behavior\BuildLiteBehavior [ RunTime:0.000053s ]
INFO: [ app_init ] --END-- [ RunTime:0.001388s ]
INFO: [ app_begin ] --START--
INFO: Run Behavior\ReadHtmlCacheBehavior [ RunTime:0.001579s ]
INFO: [ app_begin ] --END-- [ RunTime:0.001798s ]
INFO: [ view_parse ] --START--
NOTIC: [2] file_get_contents(./Application/Admin/View/Common/admin/footer.html): failed to open stream: No such file or directory E:\laragon\www\APP\ThinkPHP\Library\Think\Template.class.php 第 696 行.
INFO: [ template_filter ] --START--
INFO: Run Behavior\ContentReplaceBehavior [ RunTime:0.000214s ]
INFO: [ template_filter ] --END-- [ RunTime:0.000435s ]
NOTIC: [8] Undefined index: type E:\laragon\www\APP\Application\Runtime\Cache\Admin\5f5a152cff6220d4215ce3902f117f0b.php 第 129 行.
NOTIC: [8] Undefined index: type E:\laragon\www\APP\Application\Runtime\Cache\Admin\5f5a152cff6220d4215ce3902f117f0b.php 第 134 行.
NOTIC: [8] Undefined index: type E:\laragon\www\APP\Application\Runtime\Cache\Admin\5f5a152cff6220d4215ce3902f117f0b.php 第 139 行.
NOTIC: [8] Undefined variable: keyword E:\laragon\www\APP\Application\Runtime\Cache\Admin\5f5a152cff6220d4215ce3902f117f0b.php 第 162 行.
NOTIC: [8] Undefined index: p E:\laragon\www\APP\Application\Runtime\Cache\Admin\5f5a152cff6220d4215ce3902f117f0b.php 第 173 行.
NOTIC: [8] Array to string conversion E:\laragon\www\APP\Application\Runtime\Cache\Admin\5f5a152cff6220d4215ce3902f117f0b.php 第 182 行.
NOTIC: [8] Undefined variable: Array E:\laragon\www\APP\Application\Runtime\Cache\Admin\5f5a152cff6220d4215ce3902f117f0b.php 第 182 行.
NOTIC: [8] Undefined index: type E:\laragon\www\APP\Application\Runtime\Cache\Admin\5f5a152cff6220d4215ce3902f117f0b.php 第 183 行.
NOTIC: [8] Undefined variable: hot E:\laragon\www\APP\Application\Runtime\Cache\Admin\5f5a152cff6220d4215ce3902f117f0b.php 第 193 行.
NOTIC: [8] Undefined variable: page E:\laragon\www\APP\Application\Runtime\Cache\Admin\5f5a152cff6220d4215ce3902f117f0b.php 第 220 行.
INFO: Run Behavior\ParseTemplateBehavior [ RunTime:0.034423s ]
INFO: [ view_parse ] --END-- [ RunTime:0.034646s ]
INFO: [ view_filter ] --START--
INFO: Run Behavior\WriteHtmlCacheBehavior [ RunTime:0.001067s ]
INFO: [ view_filter ] --END-- [ RunTime:0.001279s ]
INFO: [ app_end ] --START--
INFO: Run Behavior\ShowPageTraceBehavior [ RunTime:0.001837s ]
INFO: [ app_end ] --END-- [ RunTime:0.002070s ]

[ 2018-02-06T22:56:21+08:00 ] ::1 /APP/index.php/Admin/DataList/lists.html
INFO: [ app_init ] --START--
INFO: Run Behavior\BuildLiteBehavior [ RunTime:0.000052s ]
INFO: [ app_init ] --END-- [ RunTime:0.001393s ]
INFO: [ app_begin ] --START--
INFO: Run Behavior\ReadHtmlCacheBehavior [ RunTime:0.001171s ]
INFO: [ app_begin ] --END-- [ RunTime:0.001334s ]
SQL: SHOW COLUMNS FROM `nav_datalist` [ RunTime:0.0036s ]
NOTIC: [8] Undefined variable: map E:\laragon\www\APP\Application\Admin\Controller\DataListController.class.php 第 25 行.
SQL: SELECT COUNT(*) AS tp_count FROM `nav_datalist` LIMIT 1   [ RunTime:0.0005s ]
NOTIC: [8] Undefined variable: map E:\laragon\www\APP\Application\Admin\Controller\DataListController.class.php 第 29 行.
SQL: SELECT * FROM `nav_datalist` ORDER BY sort desc LIMIT 0,10   [ RunTime:0.0016s ]
INFO: [ view_parse ] --START--
NOTIC: [2] file_get_contents(./Application/Admin/View/Common/admin/footer.html): failed to open stream: No such file or directory E:\laragon\www\APP\ThinkPHP\Library\Think\Template.class.php 第 696 行.
INFO: [ template_filter ] --START--
INFO: Run Behavior\ContentReplaceBehavior [ RunTime:0.000204s ]
INFO: [ template_filter ] --END-- [ RunTime:0.000421s ]
NOTIC: [8] Undefined variable: keyword E:\laragon\www\APP\Application\Runtime\Cache\Admin\38e6bd4680dc044e2a5023db4d1c29df.php 第 146 行.
NOTIC: [8] Undefined index: p E:\laragon\www\APP\Application\Runtime\Cache\Admin\38e6bd4680dc044e2a5023db4d1c29df.php 第 157 行.
NOTIC: [8] Undefined index: entity_id E:\laragon\www\APP\Application\Runtime\Cache\Admin\38e6bd4680dc044e2a5023db4d1c29df.php 第 179 行.
NOTIC: [8] Undefined index: entity_id E:\laragon\www\APP\Application\Runtime\Cache\Admin\38e6bd4680dc044e2a5023db4d1c29df.php 第 180 行.
SQL: SELECT * FROM `nav_datalist` WHERE `id` = 101 LIMIT 1   [ RunTime:0.0009s ]
SQL: SHOW COLUMNS FROM `nav_middle_level` [ RunTime:0.0019s ]
SQL: SELECT `id`,`high_id`,`middle_name` FROM `nav_middle_level` WHERE `id` = 30 LIMIT 1   [ RunTime:0.0007s ]
SQL: SHOW COLUMNS FROM `nav_high_level` [ RunTime:0.0019s ]
SQL: SELECT `high_name` FROM `nav_high_level` WHERE `id` = 12 LIMIT 1   [ RunTime:0.0006s ]
SQL: SHOW COLUMNS FROM `nav_elementary_level` [ RunTime:0.0018s ]
SQL: SELECT `elementary_name` FROM `nav_elementary_level` WHERE `id` = 30 LIMIT 1   [ RunTime:0.0006s ]
NOTIC: [8] Undefined index: entity_id E:\laragon\www\APP\Application\Runtime\Cache\Admin\38e6bd4680dc044e2a5023db4d1c29df.php 第 179 行.
NOTIC: [8] Undefined index: entity_id E:\laragon\www\APP\Application\Runtime\Cache\Admin\38e6bd4680dc044e2a5023db4d1c29df.php 第 180 行.
SQL: SELECT * FROM `nav_datalist` WHERE `id` = 98 LIMIT 1   [ RunTime:0.0007s ]
SQL: SELECT `high_name` FROM `nav_high_level` WHERE `id` = 0 LIMIT 1   [ RunTime:0.0005s ]
NOTIC: [8] Undefined index: entity_id E:\laragon\www\APP\Application\Runtime\Cache\Admin\38e6bd4680dc044e2a5023db4d1c29df.php 第 179 行.
NOTIC: [8] Undefined index: entity_id E:\laragon\www\APP\Application\Runtime\Cache\Admin\38e6bd4680dc044e2a5023db4d1c29df.php 第 180 行.
SQL: SELECT * FROM `nav_datalist` WHERE `id` = 99 LIMIT 1   [ RunTime:0.0007s ]
SQL: SELECT `high_name` FROM `nav_high_level` WHERE `id` = 0 LIMIT 1   [ RunTime:0.0005s ]
NOTIC: [8] Undefined index: entity_id E:\laragon\www\APP\Application\Runtime\Cache\Admin\38e6bd4680dc044e2a5023db4d1c29df.php 第 179 行.
NOTIC: [8] Undefined index: entity_id E:\laragon\www\APP\Application\Runtime\Cache\Admin\38e6bd4680dc044e2a5023db4d1c29df.php 第 180 行.
SQL: SELECT * FROM `nav_datalist` WHERE `id` = 100 LIMIT 1   [ RunTime:0.0007s ]
SQL: SELECT `high_name` FROM `nav_high_level` WHERE `id` = 0 LIMIT 1   [ RunTime:0.0005s ]
NOTIC: [8] Undefined index: entity_id E:\laragon\www\APP\Application\Runtime\Cache\Admin\38e6bd4680dc044e2a5023db4d1c29df.php 第 179 行.
NOTIC: [8] Undefined index: entity_id E:\laragon\www\APP\Application\Runtime\Cache\Admin\38e6bd4680dc044e2a5023db4d1c29df.php 第 180 行.
SQL: SELECT * FROM `nav_datalist` WHERE `id` = 97 LIMIT 1   [ RunTime:0.0007s ]
SQL: SELECT `id`,`high_id`,`middle_name` FROM `nav_middle_level` WHERE `id` = 17 LIMIT 1   [ RunTime:0.0013s ]
SQL: SELECT `high_name` FROM `nav_high_level` WHERE `id` = 15 LIMIT 1   [ RunTime:0.0012s ]
SQL: SELECT `elementary_name` FROM `nav_elementary_level` WHERE `id` = 22 LIMIT 1   [ RunTime:0.0013s ]
NOTIC: [8] Undefined index: entity_id E:\laragon\www\APP\Application\Runtime\Cache\Admin\38e6bd4680dc044e2a5023db4d1c29df.php 第 179 行.
NOTIC: [8] Undefined index: entity_id E:\laragon\www\APP\Application\Runtime\Cache\Admin\38e6bd4680dc044e2a5023db4d1c29df.php 第 180 行.
SQL: SELECT * FROM `nav_datalist` WHERE `id` = 91 LIMIT 1   [ RunTime:0.0008s ]
SQL: SELECT `high_name` FROM `nav_high_level` WHERE `id` = 16 LIMIT 1   [ RunTime:0.0015s ]
NOTIC: [8] Undefined index: entity_id E:\laragon\www\APP\Application\Runtime\Cache\Admin\38e6bd4680dc044e2a5023db4d1c29df.php 第 179 行.
NOTIC: [8] Undefined index: entity_id E:\laragon\www\APP\Application\Runtime\Cache\Admin\38e6bd4680dc044e2a5023db4d1c29df.php 第 180 行.
SQL: SELECT * FROM `nav_datalist` WHERE `id` = 93 LIMIT 1   [ RunTime:0.0015s ]
SQL: SELECT `id`,`high_id`,`middle_name` FROM `nav_middle_level` WHERE `id` = 22 LIMIT 1   [ RunTime:0.0008s ]
SQL: SELECT `high_name` FROM `nav_high_level` WHERE `id` = 15 LIMIT 1   [ RunTime:0.0006s ]
SQL: SELECT `elementary_name` FROM `nav_elementary_level` WHERE `id` = 25 LIMIT 1   [ RunTime:0.0006s ]
NOTIC: [8] Undefined index: entity_id E:\laragon\www\APP\Application\Runtime\Cache\Admin\38e6bd4680dc044e2a5023db4d1c29df.php 第 179 行.
NOTIC: [8] Undefined index: entity_id E:\laragon\www\APP\Application\Runtime\Cache\Admin\38e6bd4680dc044e2a5023db4d1c29df.php 第 180 行.
SQL: SELECT * FROM `nav_datalist` WHERE `id` = 94 LIMIT 1   [ RunTime:0.0008s ]
SQL: SELECT `id`,`high_id`,`middle_name` FROM `nav_middle_level` WHERE `id` = 22 LIMIT 1   [ RunTime:0.0007s ]
SQL: SELECT `high_name` FROM `nav_high_level` WHERE `id` = 15 LIMIT 1   [ RunTime:0.0006s ]
SQL: SELECT `elementary_name` FROM `nav_elementary_level` WHERE `id` = 25 LIMIT 1   [ RunTime:0.0006s ]
NOTIC: [8] Undefined index: entity_id E:\laragon\www\APP\Application\Runtime\Cache\Admin\38e6bd4680dc044e2a5023db4d1c29df.php 第 179 行.
NOTIC: [8] Undefined index: entity_id E:\laragon\www\APP\Application\Runtime\Cache\Admin\38e6bd4680dc044e2a5023db4d1c29df.php 第 180 行.
SQL: SELECT * FROM `nav_datalist` WHERE `id` = 9 LIMIT 1   [ RunTime:0.0007s ]
SQL: SELECT `id`,`high_id`,`middle_name` FROM `nav_middle_level` WHERE `id` = 17 LIMIT 1   [ RunTime:0.0006s ]
SQL: SELECT `high_name` FROM `nav_high_level` WHERE `id` = 15 LIMIT 1   [ RunTime:0.0006s ]
SQL: SELECT `elementary_name` FROM `nav_elementary_level` WHERE `id` = 21 LIMIT 1   [ RunTime:0.0006s ]
NOTIC: [8] Undefined index: entity_id E:\laragon\www\APP\Application\Runtime\Cache\Admin\38e6bd4680dc044e2a5023db4d1c29df.php 第 179 行.
NOTIC: [8] Undefined index: entity_id E:\laragon\www\APP\Application\Runtime\Cache\Admin\38e6bd4680dc044e2a5023db4d1c29df.php 第 180 行.
SQL: SELECT * FROM `nav_datalist` WHERE `id` = 90 LIMIT 1   [ RunTime:0.0007s ]
SQL: SELECT `id`,`high_id`,`middle_name` FROM `nav_middle_level` WHERE `id` = 17 LIMIT 1   [ RunTime:0.0006s ]
SQL: SELECT `high_name` FROM `nav_high_level` WHERE `id` = 15 LIMIT 1   [ RunTime:0.0006s ]
SQL: SELECT `elementary_name` FROM `nav_elementary_level` WHERE `id` = 22 LIMIT 1   [ RunTime:0.0006s ]
INFO: Run Behavior\ParseTemplateBehavior [ RunTime:0.090216s ]
INFO: [ view_parse ] --END-- [ RunTime:0.090438s ]
INFO: [ view_filter ] --START--
INFO: Run Behavior\WriteHtmlCacheBehavior [ RunTime:0.001146s ]
INFO: [ view_filter ] --END-- [ RunTime:0.001417s ]
INFO: [ app_end ] --START--
INFO: Run Behavior\ShowPageTraceBehavior [ RunTime:0.001668s ]
INFO: [ app_end ] --END-- [ RunTime:0.001893s ]

[ 2018-02-06T22:56:23+08:00 ] ::1 /APP/index.php/Admin/MiddleLevel/lists.html
INFO: [ app_init ] --START--
INFO: Run Behavior\BuildLiteBehavior [ RunTime:0.000021s ]
INFO: [ app_init ] --END-- [ RunTime:0.000492s ]
INFO: [ app_begin ] --START--
INFO: Run Behavior\ReadHtmlCacheBehavior [ RunTime:0.000564s ]
INFO: [ app_begin ] --END-- [ RunTime:0.000648s ]
SQL: SHOW COLUMNS FROM `nav_middle_level` [ RunTime:0.0009s ]
NOTIC: [8] Undefined variable: map E:\laragon\www\APP\Application\Admin\Controller\MiddleLevelController.class.php 第 24 行.
SQL: SELECT COUNT(*) AS tp_count FROM `nav_middle_level` LIMIT 1   [ RunTime:0.0002s ]
SQL: SHOW COLUMNS FROM `nav_middle_level` [ RunTime:0.0019s ]
NOTIC: [8] Undefined variable: map E:\laragon\www\APP\Application\Admin\Controller\MiddleLevelController.class.php 第 29 行.
SQL: SELECT * FROM `nav_middle_level` ORDER BY high_id desc, sort desc LIMIT 0,10   [ RunTime:0.0254s ]
SQL: SHOW COLUMNS FROM `nav_high_level` [ RunTime:0.0026s ]
SQL: SELECT * FROM `nav_high_level` WHERE ( 1=1 AND id='19' ) LIMIT 1   [ RunTime:0.0221s ]
SQL: SELECT * FROM `nav_high_level` WHERE ( 1=1 AND id='19' ) LIMIT 1   [ RunTime:0.0009s ]
SQL: SELECT * FROM `nav_high_level` WHERE ( 1=1 AND id='19' ) LIMIT 1   [ RunTime:0.0007s ]
SQL: SELECT * FROM `nav_high_level` WHERE ( 1=1 AND id='19' ) LIMIT 1   [ RunTime:0.0007s ]
SQL: SELECT * FROM `nav_high_level` WHERE ( 1=1 AND id='19' ) LIMIT 1   [ RunTime:0.0008s ]
SQL: SELECT * FROM `nav_high_level` WHERE ( 1=1 AND id='19' ) LIMIT 1   [ RunTime:0.0007s ]
SQL: SELECT * FROM `nav_high_level` WHERE ( 1=1 AND id='19' ) LIMIT 1   [ RunTime:0.0007s ]
SQL: SELECT * FROM `nav_high_level` WHERE ( 1=1 AND id='19' ) LIMIT 1   [ RunTime:0.0008s ]
SQL: SELECT * FROM `nav_high_level` WHERE ( 1=1 AND id='18' ) LIMIT 1   [ RunTime:0.0009s ]
SQL: SELECT * FROM `nav_high_level` WHERE ( 1=1 AND id='18' ) LIMIT 1   [ RunTime:0.0008s ]
INFO: [ view_parse ] --START--
NOTIC: [2] file_get_contents(./Application/Admin/View/Common/admin/footer.html): failed to open stream: No such file or directory E:\laragon\www\APP\ThinkPHP\Library\Think\Template.class.php 第 696 行.
INFO: [ template_filter ] --START--
INFO: Run Behavior\ContentReplaceBehavior [ RunTime:0.000196s ]
INFO: [ template_filter ] --END-- [ RunTime:0.000407s ]
NOTIC: [8] Undefined variable: keyword E:\laragon\www\APP\Application\Runtime\Cache\Admin\48ca1265ace3084b6af5ae5fbf2adc84.php 第 146 行.
NOTIC: [8] Undefined index: entity_id E:\laragon\www\APP\Application\Runtime\Cache\Admin\48ca1265ace3084b6af5ae5fbf2adc84.php 第 177 行.
NOTIC: [8] Undefined index: entity_id E:\laragon\www\APP\Application\Runtime\Cache\Admin\48ca1265ace3084b6af5ae5fbf2adc84.php 第 178 行.
NOTIC: [8] Undefined index: entity_id E:\laragon\www\APP\Application\Runtime\Cache\Admin\48ca1265ace3084b6af5ae5fbf2adc84.php 第 177 行.
NOTIC: [8] Undefined index: entity_id E:\laragon\www\APP\Application\Runtime\Cache\Admin\48ca1265ace3084b6af5ae5fbf2adc84.php 第 178 行.
NOTIC: [8] Undefined index: entity_id E:\laragon\www\APP\Application\Runtime\Cache\Admin\48ca1265ace3084b6af5ae5fbf2adc84.php 第 177 行.
NOTIC: [8] Undefined index: entity_id E:\laragon\www\APP\Application\Runtime\Cache\Admin\48ca1265ace3084b6af5ae5fbf2adc84.php 第 178 行.
NOTIC: [8] Undefined index: entity_id E:\laragon\www\APP\Application\Runtime\Cache\Admin\48ca1265ace3084b6af5ae5fbf2adc84.php 第 177 行.
NOTIC: [8] Undefined index: entity_id E:\laragon\www\APP\Application\Runtime\Cache\Admin\48ca1265ace3084b6af5ae5fbf2adc84.php 第 178 行.
NOTIC: [8] Undefined index: entity_id E:\laragon\www\APP\Application\Runtime\Cache\Admin\48ca1265ace3084b6af5ae5fbf2adc84.php 第 177 行.
NOTIC: [8] Undefined index: entity_id E:\laragon\www\APP\Application\Runtime\Cache\Admin\48ca1265ace3084b6af5ae5fbf2adc84.php 第 178 行.
NOTIC: [8] Undefined index: entity_id E:\laragon\www\APP\Application\Runtime\Cache\Admin\48ca1265ace3084b6af5ae5fbf2adc84.php 第 177 行.
NOTIC: [8] Undefined index: entity_id E:\laragon\www\APP\Application\Runtime\Cache\Admin\48ca1265ace3084b6af5ae5fbf2adc84.php 第 178 行.
NOTIC: [8] Undefined index: entity_id E:\laragon\www\APP\Application\Runtime\Cache\Admin\48ca1265ace3084b6af5ae5fbf2adc84.php 第 177 行.
NOTIC: [8] Undefined index: entity_id E:\laragon\www\APP\Application\Runtime\Cache\Admin\48ca1265ace3084b6af5ae5fbf2adc84.php 第 178 行.
NOTIC: [8] Undefined index: entity_id E:\laragon\www\APP\Application\Runtime\Cache\Admin\48ca1265ace3084b6af5ae5fbf2adc84.php 第 177 行.
NOTIC: [8] Undefined index: entity_id E:\laragon\www\APP\Application\Runtime\Cache\Admin\48ca1265ace3084b6af5ae5fbf2adc84.php 第 178 行.
NOTIC: [8] Undefined index: entity_id E:\laragon\www\APP\Application\Runtime\Cache\Admin\48ca1265ace3084b6af5ae5fbf2adc84.php 第 177 行.
NOTIC: [8] Undefined index: entity_id E:\laragon\www\APP\Application\Runtime\Cache\Admin\48ca1265ace3084b6af5ae5fbf2adc84.php 第 178 行.
NOTIC: [8] Undefined index: entity_id E:\laragon\www\APP\Application\Runtime\Cache\Admin\48ca1265ace3084b6af5ae5fbf2adc84.php 第 177 行.
NOTIC: [8] Undefined index: entity_id E:\laragon\www\APP\Application\Runtime\Cache\Admin\48ca1265ace3084b6af5ae5fbf2adc84.php 第 178 行.
INFO: Run Behavior\ParseTemplateBehavior [ RunTime:0.033519s ]
INFO: [ view_parse ] --END-- [ RunTime:0.033742s ]
INFO: [ view_filter ] --START--
INFO: Run Behavior\WriteHtmlCacheBehavior [ RunTime:0.001091s ]
INFO: [ view_filter ] --END-- [ RunTime:0.001314s ]
INFO: [ app_end ] --START--
INFO: Run Behavior\ShowPageTraceBehavior [ RunTime:0.001673s ]
INFO: [ app_end ] --END-- [ RunTime:0.001953s ]

[ 2018-02-06T22:56:26+08:00 ] ::1 /APP/index.php/Admin/HighLevel/lists.html
INFO: [ app_init ] --START--
INFO: Run Behavior\BuildLiteBehavior [ RunTime:0.000051s ]
INFO: [ app_init ] --END-- [ RunTime:0.001397s ]
INFO: [ app_begin ] --START--
INFO: Run Behavior\ReadHtmlCacheBehavior [ RunTime:0.001585s ]
INFO: [ app_begin ] --END-- [ RunTime:0.001802s ]
SQL: SHOW COLUMNS FROM `nav_high_level` [ RunTime:0.0022s ]
SQL: SELECT COUNT(*) AS tp_count FROM `nav_high_level` LIMIT 1   [ RunTime:0.0005s ]
NOTIC: [8] Undefined variable: map E:\laragon\www\APP\Application\Admin\Controller\HighLevelController.class.php 第 29 行.
SQL: SELECT * FROM `nav_high_level` LIMIT 0,10   [ RunTime:0.0008s ]
INFO: [ view_parse ] --START--
NOTIC: [2] file_get_contents(./Application/Admin/View/Common/admin/footer.html): failed to open stream: No such file or directory E:\laragon\www\APP\ThinkPHP\Library\Think\Template.class.php 第 696 行.
INFO: [ template_filter ] --START--
INFO: Run Behavior\ContentReplaceBehavior [ RunTime:0.000209s ]
INFO: [ template_filter ] --END-- [ RunTime:0.000427s ]
NOTIC: [8] Undefined variable: keyword E:\laragon\www\APP\Application\Runtime\Cache\Admin\9c2beb313b914c6391b3fbbcdfe3fff0.php 第 146 行.
NOTIC: [8] Undefined index: p E:\laragon\www\APP\Application\Runtime\Cache\Admin\9c2beb313b914c6391b3fbbcdfe3fff0.php 第 157 行.
NOTIC: [8] Undefined index: entity_id E:\laragon\www\APP\Application\Runtime\Cache\Admin\9c2beb313b914c6391b3fbbcdfe3fff0.php 第 178 行.
NOTIC: [8] Undefined index: entity_id E:\laragon\www\APP\Application\Runtime\Cache\Admin\9c2beb313b914c6391b3fbbcdfe3fff0.php 第 179 行.
NOTIC: [8] Undefined index: entity_id E:\laragon\www\APP\Application\Runtime\Cache\Admin\9c2beb313b914c6391b3fbbcdfe3fff0.php 第 178 行.
NOTIC: [8] Undefined index: entity_id E:\laragon\www\APP\Application\Runtime\Cache\Admin\9c2beb313b914c6391b3fbbcdfe3fff0.php 第 179 行.
NOTIC: [8] Undefined index: entity_id E:\laragon\www\APP\Application\Runtime\Cache\Admin\9c2beb313b914c6391b3fbbcdfe3fff0.php 第 178 行.
NOTIC: [8] Undefined index: entity_id E:\laragon\www\APP\Application\Runtime\Cache\Admin\9c2beb313b914c6391b3fbbcdfe3fff0.php 第 179 行.
NOTIC: [8] Undefined index: entity_id E:\laragon\www\APP\Application\Runtime\Cache\Admin\9c2beb313b914c6391b3fbbcdfe3fff0.php 第 178 行.
NOTIC: [8] Undefined index: entity_id E:\laragon\www\APP\Application\Runtime\Cache\Admin\9c2beb313b914c6391b3fbbcdfe3fff0.php 第 179 行.
NOTIC: [8] Undefined index: entity_id E:\laragon\www\APP\Application\Runtime\Cache\Admin\9c2beb313b914c6391b3fbbcdfe3fff0.php 第 178 行.
NOTIC: [8] Undefined index: entity_id E:\laragon\www\APP\Application\Runtime\Cache\Admin\9c2beb313b914c6391b3fbbcdfe3fff0.php 第 179 行.
NOTIC: [8] Undefined index: entity_id E:\laragon\www\APP\Application\Runtime\Cache\Admin\9c2beb313b914c6391b3fbbcdfe3fff0.php 第 178 行.
NOTIC: [8] Undefined index: entity_id E:\laragon\www\APP\Application\Runtime\Cache\Admin\9c2beb313b914c6391b3fbbcdfe3fff0.php 第 179 行.
NOTIC: [8] Undefined index: entity_id E:\laragon\www\APP\Application\Runtime\Cache\Admin\9c2beb313b914c6391b3fbbcdfe3fff0.php 第 178 行.
NOTIC: [8] Undefined index: entity_id E:\laragon\www\APP\Application\Runtime\Cache\Admin\9c2beb313b914c6391b3fbbcdfe3fff0.php 第 179 行.
NOTIC: [8] Undefined index: entity_id E:\laragon\www\APP\Application\Runtime\Cache\Admin\9c2beb313b914c6391b3fbbcdfe3fff0.php 第 178 行.
NOTIC: [8] Undefined index: entity_id E:\laragon\www\APP\Application\Runtime\Cache\Admin\9c2beb313b914c6391b3fbbcdfe3fff0.php 第 179 行.
NOTIC: [8] Undefined index: entity_id E:\laragon\www\APP\Application\Runtime\Cache\Admin\9c2beb313b914c6391b3fbbcdfe3fff0.php 第 178 行.
NOTIC: [8] Undefined index: entity_id E:\laragon\www\APP\Application\Runtime\Cache\Admin\9c2beb313b914c6391b3fbbcdfe3fff0.php 第 179 行.
INFO: Run Behavior\ParseTemplateBehavior [ RunTime:0.032978s ]
INFO: [ view_parse ] --END-- [ RunTime:0.033204s ]
INFO: [ view_filter ] --START--
INFO: Run Behavior\WriteHtmlCacheBehavior [ RunTime:0.001157s ]
INFO: [ view_filter ] --END-- [ RunTime:0.001382s ]
INFO: [ app_end ] --START--
INFO: Run Behavior\ShowPageTraceBehavior [ RunTime:0.001969s ]
INFO: [ app_end ] --END-- [ RunTime:0.002196s ]

[ 2018-02-06T23:09:30+08:00 ] ::1 /APP/index.php/Admin/HighLevel/lists.html
INFO: [ app_init ] --START--
INFO: Run Behavior\BuildLiteBehavior [ RunTime:0.000073s ]
INFO: [ app_init ] --END-- [ RunTime:0.106767s ]
INFO: [ app_begin ] --START--
INFO: Run Behavior\ReadHtmlCacheBehavior [ RunTime:0.002038s ]
INFO: [ app_begin ] --END-- [ RunTime:0.002546s ]
SQL: SHOW COLUMNS FROM `nav_high_level` [ RunTime:0.0036s ]
SQL: SELECT COUNT(*) AS tp_count FROM `nav_high_level` LIMIT 1   [ RunTime:0.0006s ]
NOTIC: [8] Undefined variable: map E:\laragon\www\APP\Application\Admin\Controller\HighLevelController.class.php 第 29 行.
SQL: SELECT * FROM `nav_high_level` LIMIT 0,10   [ RunTime:0.0011s ]
INFO: [ view_parse ] --START--
NOTIC: [2] file_get_contents(./Application/Admin/View/Common/admin/footer.html): failed to open stream: No such file or directory E:\laragon\www\APP\ThinkPHP\Library\Think\Template.class.php 第 696 行.
INFO: [ template_filter ] --START--
INFO: Run Behavior\ContentReplaceBehavior [ RunTime:0.002513s ]
INFO: [ template_filter ] --END-- [ RunTime:0.002893s ]
NOTIC: [8] Undefined variable: keyword E:\laragon\www\APP\Application\Runtime\Cache\Admin\9c2beb313b914c6391b3fbbcdfe3fff0.php 第 146 行.
NOTIC: [8] Undefined index: p E:\laragon\www\APP\Application\Runtime\Cache\Admin\9c2beb313b914c6391b3fbbcdfe3fff0.php 第 157 行.
NOTIC: [8] Undefined index: entity_id E:\laragon\www\APP\Application\Runtime\Cache\Admin\9c2beb313b914c6391b3fbbcdfe3fff0.php 第 178 行.
NOTIC: [8] Undefined index: entity_id E:\laragon\www\APP\Application\Runtime\Cache\Admin\9c2beb313b914c6391b3fbbcdfe3fff0.php 第 179 行.
NOTIC: [8] Undefined index: entity_id E:\laragon\www\APP\Application\Runtime\Cache\Admin\9c2beb313b914c6391b3fbbcdfe3fff0.php 第 178 行.
NOTIC: [8] Undefined index: entity_id E:\laragon\www\APP\Application\Runtime\Cache\Admin\9c2beb313b914c6391b3fbbcdfe3fff0.php 第 179 行.
NOTIC: [8] Undefined index: entity_id E:\laragon\www\APP\Application\Runtime\Cache\Admin\9c2beb313b914c6391b3fbbcdfe3fff0.php 第 178 行.
NOTIC: [8] Undefined index: entity_id E:\laragon\www\APP\Application\Runtime\Cache\Admin\9c2beb313b914c6391b3fbbcdfe3fff0.php 第 179 行.
NOTIC: [8] Undefined index: entity_id E:\laragon\www\APP\Application\Runtime\Cache\Admin\9c2beb313b914c6391b3fbbcdfe3fff0.php 第 178 行.
NOTIC: [8] Undefined index: entity_id E:\laragon\www\APP\Application\Runtime\Cache\Admin\9c2beb313b914c6391b3fbbcdfe3fff0.php 第 179 行.
NOTIC: [8] Undefined index: entity_id E:\laragon\www\APP\Application\Runtime\Cache\Admin\9c2beb313b914c6391b3fbbcdfe3fff0.php 第 178 行.
NOTIC: [8] Undefined index: entity_id E:\laragon\www\APP\Application\Runtime\Cache\Admin\9c2beb313b914c6391b3fbbcdfe3fff0.php 第 179 行.
NOTIC: [8] Undefined index: entity_id E:\laragon\www\APP\Application\Runtime\Cache\Admin\9c2beb313b914c6391b3fbbcdfe3fff0.php 第 178 行.
NOTIC: [8] Undefined index: entity_id E:\laragon\www\APP\Application\Runtime\Cache\Admin\9c2beb313b914c6391b3fbbcdfe3fff0.php 第 179 行.
NOTIC: [8] Undefined index: entity_id E:\laragon\www\APP\Application\Runtime\Cache\Admin\9c2beb313b914c6391b3fbbcdfe3fff0.php 第 178 行.
NOTIC: [8] Undefined index: entity_id E:\laragon\www\APP\Application\Runtime\Cache\Admin\9c2beb313b914c6391b3fbbcdfe3fff0.php 第 179 行.
NOTIC: [8] Undefined index: entity_id E:\laragon\www\APP\Application\Runtime\Cache\Admin\9c2beb313b914c6391b3fbbcdfe3fff0.php 第 178 行.
NOTIC: [8] Undefined index: entity_id E:\laragon\www\APP\Application\Runtime\Cache\Admin\9c2beb313b914c6391b3fbbcdfe3fff0.php 第 179 行.
NOTIC: [8] Undefined index: entity_id E:\laragon\www\APP\Application\Runtime\Cache\Admin\9c2beb313b914c6391b3fbbcdfe3fff0.php 第 178 行.
NOTIC: [8] Undefined index: entity_id E:\laragon\www\APP\Application\Runtime\Cache\Admin\9c2beb313b914c6391b3fbbcdfe3fff0.php 第 179 行.
INFO: Run Behavior\ParseTemplateBehavior [ RunTime:0.061494s ]
INFO: [ view_parse ] --END-- [ RunTime:0.061881s ]
INFO: [ view_filter ] --START--
INFO: Run Behavior\WriteHtmlCacheBehavior [ RunTime:0.001566s ]
INFO: [ view_filter ] --END-- [ RunTime:0.001907s ]
INFO: [ app_end ] --START--
INFO: Run Behavior\ShowPageTraceBehavior [ RunTime:0.002244s ]
INFO: [ app_end ] --END-- [ RunTime:0.002673s ]

[ 2018-02-06T23:13:18+08:00 ] ::1 /APP/index.php/Admin/HighLevel/lists.html
INFO: [ app_init ] --START--
INFO: Run Behavior\BuildLiteBehavior [ RunTime:0.000073s ]
INFO: [ app_init ] --END-- [ RunTime:0.001615s ]
INFO: [ app_begin ] --START--
INFO: Run Behavior\ReadHtmlCacheBehavior [ RunTime:0.002169s ]
INFO: [ app_begin ] --END-- [ RunTime:0.002571s ]
SQL: SHOW COLUMNS FROM `nav_high_level` [ RunTime:0.0025s ]
SQL: SELECT COUNT(*) AS tp_count FROM `nav_high_level` LIMIT 1   [ RunTime:0.0006s ]
NOTIC: [8] Undefined variable: map E:\laragon\www\APP\Application\Admin\Controller\HighLevelController.class.php 第 29 行.
SQL: SELECT * FROM `nav_high_level` LIMIT 0,10   [ RunTime:0.0009s ]
INFO: [ view_parse ] --START--
NOTIC: [2] file_get_contents(./Application/Admin/View/Common/admin/footer.html): failed to open stream: No such file or directory E:\laragon\www\APP\ThinkPHP\Library\Think\Template.class.php 第 696 行.
INFO: [ template_filter ] --START--
INFO: Run Behavior\ContentReplaceBehavior [ RunTime:0.000363s ]
INFO: [ template_filter ] --END-- [ RunTime:0.000725s ]
NOTIC: [8] Undefined variable: keyword E:\laragon\www\APP\Application\Runtime\Cache\Admin\9c2beb313b914c6391b3fbbcdfe3fff0.php 第 146 行.
NOTIC: [8] Undefined index: p E:\laragon\www\APP\Application\Runtime\Cache\Admin\9c2beb313b914c6391b3fbbcdfe3fff0.php 第 157 行.
NOTIC: [8] Undefined index: entity_id E:\laragon\www\APP\Application\Runtime\Cache\Admin\9c2beb313b914c6391b3fbbcdfe3fff0.php 第 178 行.
NOTIC: [8] Undefined index: entity_id E:\laragon\www\APP\Application\Runtime\Cache\Admin\9c2beb313b914c6391b3fbbcdfe3fff0.php 第 179 行.
NOTIC: [8] Undefined index: entity_id E:\laragon\www\APP\Application\Runtime\Cache\Admin\9c2beb313b914c6391b3fbbcdfe3fff0.php 第 178 行.
NOTIC: [8] Undefined index: entity_id E:\laragon\www\APP\Application\Runtime\Cache\Admin\9c2beb313b914c6391b3fbbcdfe3fff0.php 第 179 行.
NOTIC: [8] Undefined index: entity_id E:\laragon\www\APP\Application\Runtime\Cache\Admin\9c2beb313b914c6391b3fbbcdfe3fff0.php 第 178 行.
NOTIC: [8] Undefined index: entity_id E:\laragon\www\APP\Application\Runtime\Cache\Admin\9c2beb313b914c6391b3fbbcdfe3fff0.php 第 179 行.
NOTIC: [8] Undefined index: entity_id E:\laragon\www\APP\Application\Runtime\Cache\Admin\9c2beb313b914c6391b3fbbcdfe3fff0.php 第 178 行.
NOTIC: [8] Undefined index: entity_id E:\laragon\www\APP\Application\Runtime\Cache\Admin\9c2beb313b914c6391b3fbbcdfe3fff0.php 第 179 行.
NOTIC: [8] Undefined index: entity_id E:\laragon\www\APP\Application\Runtime\Cache\Admin\9c2beb313b914c6391b3fbbcdfe3fff0.php 第 178 行.
NOTIC: [8] Undefined index: entity_id E:\laragon\www\APP\Application\Runtime\Cache\Admin\9c2beb313b914c6391b3fbbcdfe3fff0.php 第 179 行.
NOTIC: [8] Undefined index: entity_id E:\laragon\www\APP\Application\Runtime\Cache\Admin\9c2beb313b914c6391b3fbbcdfe3fff0.php 第 178 行.
NOTIC: [8] Undefined index: entity_id E:\laragon\www\APP\Application\Runtime\Cache\Admin\9c2beb313b914c6391b3fbbcdfe3fff0.php 第 179 行.
NOTIC: [8] Undefined index: entity_id E:\laragon\www\APP\Application\Runtime\Cache\Admin\9c2beb313b914c6391b3fbbcdfe3fff0.php 第 178 行.
NOTIC: [8] Undefined index: entity_id E:\laragon\www\APP\Application\Runtime\Cache\Admin\9c2beb313b914c6391b3fbbcdfe3fff0.php 第 179 行.
NOTIC: [8] Undefined index: entity_id E:\laragon\www\APP\Application\Runtime\Cache\Admin\9c2beb313b914c6391b3fbbcdfe3fff0.php 第 178 行.
NOTIC: [8] Undefined index: entity_id E:\laragon\www\APP\Application\Runtime\Cache\Admin\9c2beb313b914c6391b3fbbcdfe3fff0.php 第 179 行.
NOTIC: [8] Undefined index: entity_id E:\laragon\www\APP\Application\Runtime\Cache\Admin\9c2beb313b914c6391b3fbbcdfe3fff0.php 第 178 行.
NOTIC: [8] Undefined index: entity_id E:\laragon\www\APP\Application\Runtime\Cache\Admin\9c2beb313b914c6391b3fbbcdfe3fff0.php 第 179 行.
INFO: Run Behavior\ParseTemplateBehavior [ RunTime:0.055199s ]
INFO: [ view_parse ] --END-- [ RunTime:0.055587s ]
INFO: [ view_filter ] --START--
INFO: Run Behavior\WriteHtmlCacheBehavior [ RunTime:0.001451s ]
INFO: [ view_filter ] --END-- [ RunTime:0.001800s ]
INFO: [ app_end ] --START--
INFO: Run Behavior\ShowPageTraceBehavior [ RunTime:0.002644s ]
INFO: [ app_end ] --END-- [ RunTime:0.003503s ]

[ 2018-02-06T23:27:28+08:00 ] ::1 /APP/index.php/Admin/Public/logout
INFO: [ app_init ] --START--
INFO: Run Behavior\BuildLiteBehavior [ RunTime:0.000026s ]
INFO: [ app_init ] --END-- [ RunTime:0.000692s ]
INFO: [ app_begin ] --START--
INFO: Run Behavior\ReadHtmlCacheBehavior [ RunTime:0.000737s ]
INFO: [ app_begin ] --END-- [ RunTime:0.000873s ]

[ 2018-02-06T23:27:29+08:00 ] ::1 /APP/index.php/Admin/Public/login.html
INFO: [ app_init ] --START--
INFO: Run Behavior\BuildLiteBehavior [ RunTime:0.000083s ]
INFO: [ app_init ] --END-- [ RunTime:0.001725s ]
INFO: [ app_begin ] --START--
INFO: Run Behavior\ReadHtmlCacheBehavior [ RunTime:0.001955s ]
INFO: [ app_begin ] --END-- [ RunTime:0.002389s ]
INFO: [ view_parse ] --START--
INFO: [ template_filter ] --START--
INFO: Run Behavior\ContentReplaceBehavior [ RunTime:0.000212s ]
INFO: [ template_filter ] --END-- [ RunTime:0.000585s ]
INFO: Run Behavior\ParseTemplateBehavior [ RunTime:0.020237s ]
INFO: [ view_parse ] --END-- [ RunTime:0.020634s ]
INFO: [ view_filter ] --START--
INFO: Run Behavior\WriteHtmlCacheBehavior [ RunTime:0.001855s ]
INFO: [ view_filter ] --END-- [ RunTime:0.002314s ]
INFO: [ app_end ] --START--
INFO: Run Behavior\ShowPageTraceBehavior [ RunTime:0.002144s ]
INFO: [ app_end ] --END-- [ RunTime:0.002515s ]

[ 2018-02-06T23:27:30+08:00 ] ::1 /APP/index.php/Admin/Public/verify.html
INFO: [ app_init ] --START--
INFO: Run Behavior\BuildLiteBehavior [ RunTime:0.000071s ]
INFO: [ app_init ] --END-- [ RunTime:0.001475s ]
INFO: [ app_begin ] --START--
INFO: Run Behavior\ReadHtmlCacheBehavior [ RunTime:0.001500s ]
INFO: [ app_begin ] --END-- [ RunTime:0.001829s ]
INFO: [ app_end ] --START--
INFO: Run Behavior\ShowPageTraceBehavior [ RunTime:0.001926s ]
INFO: [ app_end ] --END-- [ RunTime:0.002381s ]

